[2026-03-14T20:26:17.792+0000] {processor.py:186} INFO - Started process (PID=24) to work on /opt/airflow/dags/firstproj/first_dag.py
[2026-03-14T20:26:17.792+0000] {processor.py:914} INFO - Processing file /opt/airflow/dags/firstproj/first_dag.py for tasks to queue
[2026-03-14T20:26:17.794+0000] {logging_mixin.py:190} INFO - [2026-03-14T20:26:17.793+0000] {dagbag.py:588} INFO - Filling up the DagBag from /opt/airflow/dags/firstproj/first_dag.py
[2026-03-14T20:26:17.809+0000] {processor.py:925} INFO - DAG(s) 'first' retrieved from /opt/airflow/dags/firstproj/first_dag.py
[2026-03-14T20:26:17.921+0000] {logging_mixin.py:190} INFO - [2026-03-14T20:26:17.920+0000] {override.py:1930} INFO - Created Permission View: can read on DAG:first
[2026-03-14T20:26:17.924+0000] {logging_mixin.py:190} INFO - [2026-03-14T20:26:17.924+0000] {override.py:1930} INFO - Created Permission View: can edit on DAG:first
[2026-03-14T20:26:17.926+0000] {logging_mixin.py:190} INFO - [2026-03-14T20:26:17.926+0000] {override.py:1930} INFO - Created Permission View: can delete on DAG:first
[2026-03-14T20:26:17.928+0000] {logging_mixin.py:190} INFO - [2026-03-14T20:26:17.928+0000] {override.py:1930} INFO - Created Permission View: can read on DAG Run:first
[2026-03-14T20:26:17.929+0000] {logging_mixin.py:190} INFO - [2026-03-14T20:26:17.929+0000] {override.py:1930} INFO - Created Permission View: can create on DAG Run:first
[2026-03-14T20:26:17.931+0000] {logging_mixin.py:190} INFO - [2026-03-14T20:26:17.931+0000] {override.py:1930} INFO - Created Permission View: menu access on DAG Run:first
[2026-03-14T20:26:17.933+0000] {logging_mixin.py:190} INFO - [2026-03-14T20:26:17.933+0000] {override.py:1930} INFO - Created Permission View: can delete on DAG Run:first
[2026-03-14T20:26:17.933+0000] {logging_mixin.py:190} INFO - [2026-03-14T20:26:17.933+0000] {dag.py:3239} INFO - Sync 1 DAGs
[2026-03-14T20:26:17.941+0000] {logging_mixin.py:190} INFO - [2026-03-14T20:26:17.940+0000] {dag.py:3262} INFO - Creating ORM DAG for first
[2026-03-14T20:26:17.946+0000] {logging_mixin.py:190} INFO - [2026-03-14T20:26:17.946+0000] {dag.py:4180} INFO - Setting next_dagrun for first to 2026-03-13 04:33:00+00:00, run_after=2026-03-14 04:33:00+00:00
[2026-03-14T20:26:17.952+0000] {processor.py:208} INFO - Processing /opt/airflow/dags/firstproj/first_dag.py took 0.164 seconds
[2026-03-14T20:26:48.040+0000] {processor.py:186} INFO - Started process (PID=25) to work on /opt/airflow/dags/firstproj/first_dag.py
[2026-03-14T20:26:48.041+0000] {processor.py:914} INFO - Processing file /opt/airflow/dags/firstproj/first_dag.py for tasks to queue
[2026-03-14T20:26:48.045+0000] {logging_mixin.py:190} INFO - [2026-03-14T20:26:48.044+0000] {dagbag.py:588} INFO - Filling up the DagBag from /opt/airflow/dags/firstproj/first_dag.py
[2026-03-14T20:26:48.057+0000] {processor.py:925} INFO - DAG(s) 'first' retrieved from /opt/airflow/dags/firstproj/first_dag.py
[2026-03-14T20:26:48.075+0000] {logging_mixin.py:190} INFO - [2026-03-14T20:26:48.075+0000] {dag.py:3239} INFO - Sync 1 DAGs
[2026-03-14T20:26:48.087+0000] {logging_mixin.py:190} INFO - [2026-03-14T20:26:48.087+0000] {dag.py:4180} INFO - Setting next_dagrun for first to 2026-03-13 04:33:00+00:00, run_after=2026-03-14 04:33:00+00:00
[2026-03-14T20:26:48.094+0000] {processor.py:208} INFO - Processing /opt/airflow/dags/firstproj/first_dag.py took 0.062 seconds
[2026-03-14T20:27:18.286+0000] {processor.py:186} INFO - Started process (PID=26) to work on /opt/airflow/dags/firstproj/first_dag.py
[2026-03-14T20:27:18.287+0000] {processor.py:914} INFO - Processing file /opt/airflow/dags/firstproj/first_dag.py for tasks to queue
[2026-03-14T20:27:18.289+0000] {logging_mixin.py:190} INFO - [2026-03-14T20:27:18.289+0000] {dagbag.py:588} INFO - Filling up the DagBag from /opt/airflow/dags/firstproj/first_dag.py
[2026-03-14T20:27:18.298+0000] {processor.py:925} INFO - DAG(s) 'first' retrieved from /opt/airflow/dags/firstproj/first_dag.py
[2026-03-14T20:27:18.311+0000] {logging_mixin.py:190} INFO - [2026-03-14T20:27:18.311+0000] {dag.py:3239} INFO - Sync 1 DAGs
[2026-03-14T20:27:18.325+0000] {logging_mixin.py:190} INFO - [2026-03-14T20:27:18.325+0000] {dag.py:4180} INFO - Setting next_dagrun for first to 2026-03-13 04:33:00+00:00, run_after=2026-03-14 04:33:00+00:00
[2026-03-14T20:27:18.334+0000] {processor.py:208} INFO - Processing /opt/airflow/dags/firstproj/first_dag.py took 0.055 seconds
[2026-03-14T20:27:48.536+0000] {processor.py:186} INFO - Started process (PID=27) to work on /opt/airflow/dags/firstproj/first_dag.py
[2026-03-14T20:27:48.537+0000] {processor.py:914} INFO - Processing file /opt/airflow/dags/firstproj/first_dag.py for tasks to queue
[2026-03-14T20:27:48.540+0000] {logging_mixin.py:190} INFO - [2026-03-14T20:27:48.540+0000] {dagbag.py:588} INFO - Filling up the DagBag from /opt/airflow/dags/firstproj/first_dag.py
[2026-03-14T20:27:48.554+0000] {processor.py:925} INFO - DAG(s) 'first' retrieved from /opt/airflow/dags/firstproj/first_dag.py
[2026-03-14T20:27:48.568+0000] {logging_mixin.py:190} INFO - [2026-03-14T20:27:48.568+0000] {dag.py:3239} INFO - Sync 1 DAGs
[2026-03-14T20:27:48.579+0000] {logging_mixin.py:190} INFO - [2026-03-14T20:27:48.579+0000] {dag.py:4180} INFO - Setting next_dagrun for first to 2026-03-13 04:33:00+00:00, run_after=2026-03-14 04:33:00+00:00
[2026-03-14T20:27:48.585+0000] {processor.py:208} INFO - Processing /opt/airflow/dags/firstproj/first_dag.py took 0.057 seconds
[2026-03-14T20:28:18.755+0000] {processor.py:186} INFO - Started process (PID=28) to work on /opt/airflow/dags/firstproj/first_dag.py
[2026-03-14T20:28:18.756+0000] {processor.py:914} INFO - Processing file /opt/airflow/dags/firstproj/first_dag.py for tasks to queue
[2026-03-14T20:28:18.759+0000] {logging_mixin.py:190} INFO - [2026-03-14T20:28:18.758+0000] {dagbag.py:588} INFO - Filling up the DagBag from /opt/airflow/dags/firstproj/first_dag.py
[2026-03-14T20:28:18.768+0000] {processor.py:925} INFO - DAG(s) 'first' retrieved from /opt/airflow/dags/firstproj/first_dag.py
[2026-03-14T20:28:18.781+0000] {logging_mixin.py:190} INFO - [2026-03-14T20:28:18.781+0000] {dag.py:3239} INFO - Sync 1 DAGs
[2026-03-14T20:28:18.794+0000] {logging_mixin.py:190} INFO - [2026-03-14T20:28:18.794+0000] {dag.py:4180} INFO - Setting next_dagrun for first to 2026-03-13 04:33:00+00:00, run_after=2026-03-14 04:33:00+00:00
[2026-03-14T20:28:18.802+0000] {processor.py:208} INFO - Processing /opt/airflow/dags/firstproj/first_dag.py took 0.054 seconds
[2026-03-14T20:28:49.050+0000] {processor.py:186} INFO - Started process (PID=29) to work on /opt/airflow/dags/firstproj/first_dag.py
[2026-03-14T20:28:49.052+0000] {processor.py:914} INFO - Processing file /opt/airflow/dags/firstproj/first_dag.py for tasks to queue
[2026-03-14T20:28:49.055+0000] {logging_mixin.py:190} INFO - [2026-03-14T20:28:49.055+0000] {dagbag.py:588} INFO - Filling up the DagBag from /opt/airflow/dags/firstproj/first_dag.py
[2026-03-14T20:28:49.067+0000] {processor.py:925} INFO - DAG(s) 'first' retrieved from /opt/airflow/dags/firstproj/first_dag.py
[2026-03-14T20:28:49.082+0000] {logging_mixin.py:190} INFO - [2026-03-14T20:28:49.082+0000] {dag.py:3239} INFO - Sync 1 DAGs
[2026-03-14T20:28:49.094+0000] {logging_mixin.py:190} INFO - [2026-03-14T20:28:49.094+0000] {dag.py:4180} INFO - Setting next_dagrun for first to 2026-03-13 04:33:00+00:00, run_after=2026-03-14 04:33:00+00:00
[2026-03-14T20:28:49.102+0000] {processor.py:208} INFO - Processing /opt/airflow/dags/firstproj/first_dag.py took 0.060 seconds
[2026-03-14T20:29:19.267+0000] {processor.py:186} INFO - Started process (PID=30) to work on /opt/airflow/dags/firstproj/first_dag.py
[2026-03-14T20:29:19.268+0000] {processor.py:914} INFO - Processing file /opt/airflow/dags/firstproj/first_dag.py for tasks to queue
[2026-03-14T20:29:19.270+0000] {logging_mixin.py:190} INFO - [2026-03-14T20:29:19.270+0000] {dagbag.py:588} INFO - Filling up the DagBag from /opt/airflow/dags/firstproj/first_dag.py
[2026-03-14T20:29:19.278+0000] {processor.py:925} INFO - DAG(s) 'first' retrieved from /opt/airflow/dags/firstproj/first_dag.py
[2026-03-14T20:29:19.295+0000] {logging_mixin.py:190} INFO - [2026-03-14T20:29:19.295+0000] {dag.py:3239} INFO - Sync 1 DAGs
[2026-03-14T20:29:19.310+0000] {logging_mixin.py:190} INFO - [2026-03-14T20:29:19.310+0000] {dag.py:4180} INFO - Setting next_dagrun for first to 2026-03-13 04:33:00+00:00, run_after=2026-03-14 04:33:00+00:00
[2026-03-14T20:29:19.318+0000] {processor.py:208} INFO - Processing /opt/airflow/dags/firstproj/first_dag.py took 0.056 seconds
[2026-03-14T20:29:49.524+0000] {processor.py:186} INFO - Started process (PID=31) to work on /opt/airflow/dags/firstproj/first_dag.py
[2026-03-14T20:29:49.526+0000] {processor.py:914} INFO - Processing file /opt/airflow/dags/firstproj/first_dag.py for tasks to queue
[2026-03-14T20:29:49.529+0000] {logging_mixin.py:190} INFO - [2026-03-14T20:29:49.528+0000] {dagbag.py:588} INFO - Filling up the DagBag from /opt/airflow/dags/firstproj/first_dag.py
[2026-03-14T20:29:49.541+0000] {processor.py:925} INFO - DAG(s) 'first' retrieved from /opt/airflow/dags/firstproj/first_dag.py
[2026-03-14T20:29:49.567+0000] {logging_mixin.py:190} INFO - [2026-03-14T20:29:49.566+0000] {dag.py:3239} INFO - Sync 1 DAGs
[2026-03-14T20:29:49.581+0000] {logging_mixin.py:190} INFO - [2026-03-14T20:29:49.581+0000] {dag.py:4180} INFO - Setting next_dagrun for first to 2026-03-14 04:33:00+00:00, run_after=2026-03-15 04:33:00+00:00
[2026-03-14T20:29:49.589+0000] {processor.py:208} INFO - Processing /opt/airflow/dags/firstproj/first_dag.py took 0.073 seconds
[2026-03-14T20:30:19.796+0000] {processor.py:186} INFO - Started process (PID=32) to work on /opt/airflow/dags/firstproj/first_dag.py
[2026-03-14T20:30:19.797+0000] {processor.py:914} INFO - Processing file /opt/airflow/dags/firstproj/first_dag.py for tasks to queue
[2026-03-14T20:30:19.800+0000] {logging_mixin.py:190} INFO - [2026-03-14T20:30:19.800+0000] {dagbag.py:588} INFO - Filling up the DagBag from /opt/airflow/dags/firstproj/first_dag.py
[2026-03-14T20:30:19.813+0000] {processor.py:925} INFO - DAG(s) 'first' retrieved from /opt/airflow/dags/firstproj/first_dag.py
[2026-03-14T20:30:19.828+0000] {logging_mixin.py:190} INFO - [2026-03-14T20:30:19.828+0000] {dag.py:3239} INFO - Sync 1 DAGs
[2026-03-14T20:30:19.842+0000] {logging_mixin.py:190} INFO - [2026-03-14T20:30:19.841+0000] {dag.py:4180} INFO - Setting next_dagrun for first to 2026-03-14 04:33:00+00:00, run_after=2026-03-15 04:33:00+00:00
[2026-03-14T20:30:19.851+0000] {processor.py:208} INFO - Processing /opt/airflow/dags/firstproj/first_dag.py took 0.063 seconds
[2026-03-14T20:30:50.019+0000] {processor.py:186} INFO - Started process (PID=33) to work on /opt/airflow/dags/firstproj/first_dag.py
[2026-03-14T20:30:50.021+0000] {processor.py:914} INFO - Processing file /opt/airflow/dags/firstproj/first_dag.py for tasks to queue
[2026-03-14T20:30:50.023+0000] {logging_mixin.py:190} INFO - [2026-03-14T20:30:50.022+0000] {dagbag.py:588} INFO - Filling up the DagBag from /opt/airflow/dags/firstproj/first_dag.py
[2026-03-14T20:30:50.026+0000] {processor.py:925} INFO - DAG(s) 'first' retrieved from /opt/airflow/dags/firstproj/first_dag.py
[2026-03-14T20:30:50.036+0000] {logging_mixin.py:190} INFO - [2026-03-14T20:30:50.036+0000] {dag.py:3239} INFO - Sync 1 DAGs
[2026-03-14T20:30:50.045+0000] {logging_mixin.py:190} INFO - [2026-03-14T20:30:50.045+0000] {dag.py:4180} INFO - Setting next_dagrun for first to 2026-03-14 04:33:00+00:00, run_after=2026-03-15 04:33:00+00:00
[2026-03-14T20:30:50.051+0000] {processor.py:208} INFO - Processing /opt/airflow/dags/firstproj/first_dag.py took 0.034 seconds
[2026-03-14T20:31:20.288+0000] {processor.py:186} INFO - Started process (PID=34) to work on /opt/airflow/dags/firstproj/first_dag.py
[2026-03-14T20:31:20.288+0000] {processor.py:914} INFO - Processing file /opt/airflow/dags/firstproj/first_dag.py for tasks to queue
[2026-03-14T20:31:20.290+0000] {logging_mixin.py:190} INFO - [2026-03-14T20:31:20.290+0000] {dagbag.py:588} INFO - Filling up the DagBag from /opt/airflow/dags/firstproj/first_dag.py
[2026-03-14T20:31:20.297+0000] {processor.py:925} INFO - DAG(s) 'first' retrieved from /opt/airflow/dags/firstproj/first_dag.py
[2026-03-14T20:31:20.311+0000] {logging_mixin.py:190} INFO - [2026-03-14T20:31:20.311+0000] {dag.py:3239} INFO - Sync 1 DAGs
[2026-03-14T20:31:20.324+0000] {logging_mixin.py:190} INFO - [2026-03-14T20:31:20.324+0000] {dag.py:4180} INFO - Setting next_dagrun for first to 2026-03-14 04:33:00+00:00, run_after=2026-03-15 04:33:00+00:00
[2026-03-14T20:31:20.334+0000] {processor.py:208} INFO - Processing /opt/airflow/dags/firstproj/first_dag.py took 0.052 seconds
[2026-03-14T20:31:50.548+0000] {processor.py:186} INFO - Started process (PID=35) to work on /opt/airflow/dags/firstproj/first_dag.py
[2026-03-14T20:31:50.548+0000] {processor.py:914} INFO - Processing file /opt/airflow/dags/firstproj/first_dag.py for tasks to queue
[2026-03-14T20:31:50.550+0000] {logging_mixin.py:190} INFO - [2026-03-14T20:31:50.550+0000] {dagbag.py:588} INFO - Filling up the DagBag from /opt/airflow/dags/firstproj/first_dag.py
[2026-03-14T20:31:50.557+0000] {processor.py:925} INFO - DAG(s) 'first' retrieved from /opt/airflow/dags/firstproj/first_dag.py
[2026-03-14T20:31:50.568+0000] {logging_mixin.py:190} INFO - [2026-03-14T20:31:50.568+0000] {dag.py:3239} INFO - Sync 1 DAGs
[2026-03-14T20:31:50.579+0000] {logging_mixin.py:190} INFO - [2026-03-14T20:31:50.579+0000] {dag.py:4180} INFO - Setting next_dagrun for first to 2026-03-14 04:33:00+00:00, run_after=2026-03-15 04:33:00+00:00
[2026-03-14T20:31:50.587+0000] {processor.py:208} INFO - Processing /opt/airflow/dags/firstproj/first_dag.py took 0.045 seconds
[2026-03-14T20:32:20.789+0000] {processor.py:186} INFO - Started process (PID=36) to work on /opt/airflow/dags/firstproj/first_dag.py
[2026-03-14T20:32:20.790+0000] {processor.py:914} INFO - Processing file /opt/airflow/dags/firstproj/first_dag.py for tasks to queue
[2026-03-14T20:32:20.793+0000] {logging_mixin.py:190} INFO - [2026-03-14T20:32:20.793+0000] {dagbag.py:588} INFO - Filling up the DagBag from /opt/airflow/dags/firstproj/first_dag.py
[2026-03-14T20:32:20.806+0000] {processor.py:925} INFO - DAG(s) 'first' retrieved from /opt/airflow/dags/firstproj/first_dag.py
[2026-03-14T20:32:20.822+0000] {logging_mixin.py:190} INFO - [2026-03-14T20:32:20.822+0000] {dag.py:3239} INFO - Sync 1 DAGs
[2026-03-14T20:32:20.837+0000] {logging_mixin.py:190} INFO - [2026-03-14T20:32:20.837+0000] {dag.py:4180} INFO - Setting next_dagrun for first to 2026-03-14 04:33:00+00:00, run_after=2026-03-15 04:33:00+00:00
[2026-03-14T20:32:20.845+0000] {processor.py:208} INFO - Processing /opt/airflow/dags/firstproj/first_dag.py took 0.062 seconds
[2026-03-14T20:32:50.983+0000] {processor.py:186} INFO - Started process (PID=37) to work on /opt/airflow/dags/firstproj/first_dag.py
[2026-03-14T20:32:50.984+0000] {processor.py:914} INFO - Processing file /opt/airflow/dags/firstproj/first_dag.py for tasks to queue
[2026-03-14T20:32:50.985+0000] {logging_mixin.py:190} INFO - [2026-03-14T20:32:50.984+0000] {dagbag.py:588} INFO - Filling up the DagBag from /opt/airflow/dags/firstproj/first_dag.py
[2026-03-14T20:32:50.989+0000] {processor.py:925} INFO - DAG(s) 'first' retrieved from /opt/airflow/dags/firstproj/first_dag.py
[2026-03-14T20:32:50.998+0000] {logging_mixin.py:190} INFO - [2026-03-14T20:32:50.998+0000] {dag.py:3239} INFO - Sync 1 DAGs
[2026-03-14T20:32:51.008+0000] {logging_mixin.py:190} INFO - [2026-03-14T20:32:51.008+0000] {dag.py:4180} INFO - Setting next_dagrun for first to 2026-03-14 04:33:00+00:00, run_after=2026-03-15 04:33:00+00:00
[2026-03-14T20:32:51.016+0000] {processor.py:208} INFO - Processing /opt/airflow/dags/firstproj/first_dag.py took 0.036 seconds
[2026-03-14T20:33:21.236+0000] {processor.py:186} INFO - Started process (PID=38) to work on /opt/airflow/dags/firstproj/first_dag.py
[2026-03-14T20:33:21.238+0000] {processor.py:914} INFO - Processing file /opt/airflow/dags/firstproj/first_dag.py for tasks to queue
[2026-03-14T20:33:21.244+0000] {logging_mixin.py:190} INFO - [2026-03-14T20:33:21.244+0000] {dagbag.py:588} INFO - Filling up the DagBag from /opt/airflow/dags/firstproj/first_dag.py
[2026-03-14T20:33:21.264+0000] {processor.py:925} INFO - DAG(s) 'first' retrieved from /opt/airflow/dags/firstproj/first_dag.py
[2026-03-14T20:33:21.278+0000] {logging_mixin.py:190} INFO - [2026-03-14T20:33:21.278+0000] {dag.py:3239} INFO - Sync 1 DAGs
[2026-03-14T20:33:21.292+0000] {logging_mixin.py:190} INFO - [2026-03-14T20:33:21.292+0000] {dag.py:4180} INFO - Setting next_dagrun for first to 2026-03-14 04:33:00+00:00, run_after=2026-03-15 04:33:00+00:00
[2026-03-14T20:33:21.300+0000] {processor.py:208} INFO - Processing /opt/airflow/dags/firstproj/first_dag.py took 0.073 seconds
[2026-03-14T20:33:35.388+0000] {processor.py:186} INFO - Started process (PID=39) to work on /opt/airflow/dags/firstproj/first_dag.py
[2026-03-14T20:33:35.389+0000] {processor.py:914} INFO - Processing file /opt/airflow/dags/firstproj/first_dag.py for tasks to queue
[2026-03-14T20:33:35.391+0000] {logging_mixin.py:190} INFO - [2026-03-14T20:33:35.391+0000] {dagbag.py:588} INFO - Filling up the DagBag from /opt/airflow/dags/firstproj/first_dag.py
[2026-03-14T20:33:35.401+0000] {processor.py:925} INFO - DAG(s) 'first' retrieved from /opt/airflow/dags/firstproj/first_dag.py
[2026-03-14T20:33:35.469+0000] {logging_mixin.py:190} INFO - [2026-03-14T20:33:35.468+0000] {dag.py:3239} INFO - Sync 1 DAGs
[2026-03-14T20:33:35.477+0000] {logging_mixin.py:190} INFO - [2026-03-14T20:33:35.476+0000] {dag.py:4180} INFO - Setting next_dagrun for first to 2026-03-14 04:33:00+00:00, run_after=2026-03-15 04:33:00+00:00
[2026-03-14T20:33:35.486+0000] {processor.py:208} INFO - Processing /opt/airflow/dags/firstproj/first_dag.py took 0.104 seconds
[2026-03-14T20:33:36.424+0000] {processor.py:186} INFO - Started process (PID=40) to work on /opt/airflow/dags/firstproj/first_dag.py
[2026-03-14T20:33:36.425+0000] {processor.py:914} INFO - Processing file /opt/airflow/dags/firstproj/first_dag.py for tasks to queue
[2026-03-14T20:33:36.427+0000] {logging_mixin.py:190} INFO - [2026-03-14T20:33:36.426+0000] {dagbag.py:588} INFO - Filling up the DagBag from /opt/airflow/dags/firstproj/first_dag.py
[2026-03-14T20:33:36.438+0000] {processor.py:925} INFO - DAG(s) 'first' retrieved from /opt/airflow/dags/firstproj/first_dag.py
[2026-03-14T20:33:36.450+0000] {logging_mixin.py:190} INFO - [2026-03-14T20:33:36.450+0000] {dag.py:3239} INFO - Sync 1 DAGs
[2026-03-14T20:33:36.464+0000] {logging_mixin.py:190} INFO - [2026-03-14T20:33:36.464+0000] {dag.py:4180} INFO - Setting next_dagrun for first to 2026-03-14 04:33:00+00:00, run_after=2026-03-15 04:33:00+00:00
[2026-03-14T20:33:36.473+0000] {processor.py:208} INFO - Processing /opt/airflow/dags/firstproj/first_dag.py took 0.057 seconds
[2026-03-14T20:34:06.705+0000] {processor.py:186} INFO - Started process (PID=41) to work on /opt/airflow/dags/firstproj/first_dag.py
[2026-03-14T20:34:06.706+0000] {processor.py:914} INFO - Processing file /opt/airflow/dags/firstproj/first_dag.py for tasks to queue
[2026-03-14T20:34:06.711+0000] {logging_mixin.py:190} INFO - [2026-03-14T20:34:06.711+0000] {dagbag.py:588} INFO - Filling up the DagBag from /opt/airflow/dags/firstproj/first_dag.py
[2026-03-14T20:34:06.731+0000] {processor.py:925} INFO - DAG(s) 'first' retrieved from /opt/airflow/dags/firstproj/first_dag.py
[2026-03-14T20:34:06.771+0000] {logging_mixin.py:190} INFO - [2026-03-14T20:34:06.771+0000] {dag.py:3239} INFO - Sync 1 DAGs
[2026-03-14T20:34:06.787+0000] {logging_mixin.py:190} INFO - [2026-03-14T20:34:06.787+0000] {dag.py:4180} INFO - Setting next_dagrun for first to 2026-03-14 04:33:00+00:00, run_after=2026-03-15 04:33:00+00:00
[2026-03-14T20:34:06.796+0000] {processor.py:208} INFO - Processing /opt/airflow/dags/firstproj/first_dag.py took 0.102 seconds
[2026-03-14T20:34:37.063+0000] {processor.py:186} INFO - Started process (PID=42) to work on /opt/airflow/dags/firstproj/first_dag.py
[2026-03-14T20:34:37.064+0000] {processor.py:914} INFO - Processing file /opt/airflow/dags/firstproj/first_dag.py for tasks to queue
[2026-03-14T20:34:37.067+0000] {logging_mixin.py:190} INFO - [2026-03-14T20:34:37.067+0000] {dagbag.py:588} INFO - Filling up the DagBag from /opt/airflow/dags/firstproj/first_dag.py
[2026-03-14T20:34:37.081+0000] {processor.py:925} INFO - DAG(s) 'first' retrieved from /opt/airflow/dags/firstproj/first_dag.py
[2026-03-14T20:34:37.108+0000] {logging_mixin.py:190} INFO - [2026-03-14T20:34:37.108+0000] {dag.py:3239} INFO - Sync 1 DAGs
[2026-03-14T20:34:37.122+0000] {logging_mixin.py:190} INFO - [2026-03-14T20:34:37.122+0000] {dag.py:4180} INFO - Setting next_dagrun for first to 2026-03-14 04:33:00+00:00, run_after=2026-03-15 04:33:00+00:00
[2026-03-14T20:34:37.129+0000] {processor.py:208} INFO - Processing /opt/airflow/dags/firstproj/first_dag.py took 0.072 seconds
[2026-03-14T20:35:07.311+0000] {processor.py:186} INFO - Started process (PID=43) to work on /opt/airflow/dags/firstproj/first_dag.py
[2026-03-14T20:35:07.312+0000] {processor.py:914} INFO - Processing file /opt/airflow/dags/firstproj/first_dag.py for tasks to queue
[2026-03-14T20:35:07.314+0000] {logging_mixin.py:190} INFO - [2026-03-14T20:35:07.314+0000] {dagbag.py:588} INFO - Filling up the DagBag from /opt/airflow/dags/firstproj/first_dag.py
[2026-03-14T20:35:07.325+0000] {processor.py:925} INFO - DAG(s) 'first' retrieved from /opt/airflow/dags/firstproj/first_dag.py
[2026-03-14T20:35:07.343+0000] {logging_mixin.py:190} INFO - [2026-03-14T20:35:07.343+0000] {dag.py:3239} INFO - Sync 1 DAGs
[2026-03-14T20:35:07.355+0000] {logging_mixin.py:190} INFO - [2026-03-14T20:35:07.355+0000] {dag.py:4180} INFO - Setting next_dagrun for first to 2026-03-14 04:33:00+00:00, run_after=2026-03-15 04:33:00+00:00
[2026-03-14T20:35:07.363+0000] {processor.py:208} INFO - Processing /opt/airflow/dags/firstproj/first_dag.py took 0.055 seconds
[2026-03-14T20:35:37.576+0000] {processor.py:186} INFO - Started process (PID=44) to work on /opt/airflow/dags/firstproj/first_dag.py
[2026-03-14T20:35:37.577+0000] {processor.py:914} INFO - Processing file /opt/airflow/dags/firstproj/first_dag.py for tasks to queue
[2026-03-14T20:35:37.579+0000] {logging_mixin.py:190} INFO - [2026-03-14T20:35:37.579+0000] {dagbag.py:588} INFO - Filling up the DagBag from /opt/airflow/dags/firstproj/first_dag.py
[2026-03-14T20:35:37.596+0000] {processor.py:925} INFO - DAG(s) 'first' retrieved from /opt/airflow/dags/firstproj/first_dag.py
[2026-03-14T20:35:37.617+0000] {logging_mixin.py:190} INFO - [2026-03-14T20:35:37.617+0000] {dag.py:3239} INFO - Sync 1 DAGs
[2026-03-14T20:35:37.632+0000] {logging_mixin.py:190} INFO - [2026-03-14T20:35:37.631+0000] {dag.py:4180} INFO - Setting next_dagrun for first to 2026-03-14 04:33:00+00:00, run_after=2026-03-15 04:33:00+00:00
[2026-03-14T20:35:37.638+0000] {processor.py:208} INFO - Processing /opt/airflow/dags/firstproj/first_dag.py took 0.069 seconds
[2026-03-14T20:35:54.781+0000] {processor.py:186} INFO - Started process (PID=45) to work on /opt/airflow/dags/firstproj/first_dag.py
[2026-03-14T20:35:54.782+0000] {processor.py:914} INFO - Processing file /opt/airflow/dags/firstproj/first_dag.py for tasks to queue
[2026-03-14T20:35:54.784+0000] {logging_mixin.py:190} INFO - [2026-03-14T20:35:54.784+0000] {dagbag.py:588} INFO - Filling up the DagBag from /opt/airflow/dags/firstproj/first_dag.py
[2026-03-14T20:35:54.797+0000] {processor.py:925} INFO - DAG(s) 'first' retrieved from /opt/airflow/dags/firstproj/first_dag.py
[2026-03-14T20:35:54.869+0000] {logging_mixin.py:190} INFO - [2026-03-14T20:35:54.868+0000] {dag.py:3239} INFO - Sync 1 DAGs
[2026-03-14T20:35:54.879+0000] {logging_mixin.py:190} INFO - [2026-03-14T20:35:54.879+0000] {dag.py:4180} INFO - Setting next_dagrun for first to 2026-03-14 04:33:00+00:00, run_after=2026-03-15 04:33:00+00:00
[2026-03-14T20:35:54.889+0000] {processor.py:208} INFO - Processing /opt/airflow/dags/firstproj/first_dag.py took 0.116 seconds
[2026-03-14T20:36:25.062+0000] {processor.py:186} INFO - Started process (PID=61) to work on /opt/airflow/dags/firstproj/first_dag.py
[2026-03-14T20:36:25.063+0000] {processor.py:914} INFO - Processing file /opt/airflow/dags/firstproj/first_dag.py for tasks to queue
[2026-03-14T20:36:25.064+0000] {logging_mixin.py:190} INFO - [2026-03-14T20:36:25.064+0000] {dagbag.py:588} INFO - Filling up the DagBag from /opt/airflow/dags/firstproj/first_dag.py
[2026-03-14T20:36:25.072+0000] {processor.py:925} INFO - DAG(s) 'first' retrieved from /opt/airflow/dags/firstproj/first_dag.py
[2026-03-14T20:36:25.087+0000] {logging_mixin.py:190} INFO - [2026-03-14T20:36:25.086+0000] {dag.py:3239} INFO - Sync 1 DAGs
[2026-03-14T20:36:25.097+0000] {logging_mixin.py:190} INFO - [2026-03-14T20:36:25.097+0000] {dag.py:4180} INFO - Setting next_dagrun for first to 2026-03-14 04:33:00+00:00, run_after=2026-03-15 04:33:00+00:00
[2026-03-14T20:36:25.106+0000] {processor.py:208} INFO - Processing /opt/airflow/dags/firstproj/first_dag.py took 0.048 seconds
[2026-03-14T20:36:55.397+0000] {processor.py:186} INFO - Started process (PID=92) to work on /opt/airflow/dags/firstproj/first_dag.py
[2026-03-14T20:36:55.398+0000] {processor.py:914} INFO - Processing file /opt/airflow/dags/firstproj/first_dag.py for tasks to queue
[2026-03-14T20:36:55.401+0000] {logging_mixin.py:190} INFO - [2026-03-14T20:36:55.401+0000] {dagbag.py:588} INFO - Filling up the DagBag from /opt/airflow/dags/firstproj/first_dag.py
[2026-03-14T20:36:55.414+0000] {processor.py:925} INFO - DAG(s) 'first' retrieved from /opt/airflow/dags/firstproj/first_dag.py
[2026-03-14T20:36:55.435+0000] {logging_mixin.py:190} INFO - [2026-03-14T20:36:55.435+0000] {dag.py:3239} INFO - Sync 1 DAGs
[2026-03-14T20:36:55.448+0000] {logging_mixin.py:190} INFO - [2026-03-14T20:36:55.448+0000] {dag.py:4180} INFO - Setting next_dagrun for first to 2026-03-14 04:33:00+00:00, run_after=2026-03-15 04:33:00+00:00
[2026-03-14T20:36:55.455+0000] {processor.py:208} INFO - Processing /opt/airflow/dags/firstproj/first_dag.py took 0.066 seconds
[2026-03-14T20:37:25.669+0000] {processor.py:186} INFO - Started process (PID=93) to work on /opt/airflow/dags/firstproj/first_dag.py
[2026-03-14T20:37:25.670+0000] {processor.py:914} INFO - Processing file /opt/airflow/dags/firstproj/first_dag.py for tasks to queue
[2026-03-14T20:37:25.673+0000] {logging_mixin.py:190} INFO - [2026-03-14T20:37:25.673+0000] {dagbag.py:588} INFO - Filling up the DagBag from /opt/airflow/dags/firstproj/first_dag.py
[2026-03-14T20:37:25.687+0000] {processor.py:925} INFO - DAG(s) 'first' retrieved from /opt/airflow/dags/firstproj/first_dag.py
[2026-03-14T20:37:25.705+0000] {logging_mixin.py:190} INFO - [2026-03-14T20:37:25.705+0000] {dag.py:3239} INFO - Sync 1 DAGs
[2026-03-14T20:37:25.718+0000] {logging_mixin.py:190} INFO - [2026-03-14T20:37:25.718+0000] {dag.py:4180} INFO - Setting next_dagrun for first to 2026-03-14 04:33:00+00:00, run_after=2026-03-15 04:33:00+00:00
[2026-03-14T20:37:25.725+0000] {processor.py:208} INFO - Processing /opt/airflow/dags/firstproj/first_dag.py took 0.064 seconds
[2026-03-14T20:37:55.926+0000] {processor.py:186} INFO - Started process (PID=94) to work on /opt/airflow/dags/firstproj/first_dag.py
[2026-03-14T20:37:55.927+0000] {processor.py:914} INFO - Processing file /opt/airflow/dags/firstproj/first_dag.py for tasks to queue
[2026-03-14T20:37:55.929+0000] {logging_mixin.py:190} INFO - [2026-03-14T20:37:55.929+0000] {dagbag.py:588} INFO - Filling up the DagBag from /opt/airflow/dags/firstproj/first_dag.py
[2026-03-14T20:37:55.938+0000] {processor.py:925} INFO - DAG(s) 'first' retrieved from /opt/airflow/dags/firstproj/first_dag.py
[2026-03-14T20:37:55.954+0000] {logging_mixin.py:190} INFO - [2026-03-14T20:37:55.954+0000] {dag.py:3239} INFO - Sync 1 DAGs
[2026-03-14T20:37:55.964+0000] {logging_mixin.py:190} INFO - [2026-03-14T20:37:55.964+0000] {dag.py:4180} INFO - Setting next_dagrun for first to 2026-03-14 04:33:00+00:00, run_after=2026-03-15 04:33:00+00:00
[2026-03-14T20:37:55.972+0000] {processor.py:208} INFO - Processing /opt/airflow/dags/firstproj/first_dag.py took 0.051 seconds
[2026-03-14T20:38:26.201+0000] {processor.py:186} INFO - Started process (PID=95) to work on /opt/airflow/dags/firstproj/first_dag.py
[2026-03-14T20:38:26.202+0000] {processor.py:914} INFO - Processing file /opt/airflow/dags/firstproj/first_dag.py for tasks to queue
[2026-03-14T20:38:26.204+0000] {logging_mixin.py:190} INFO - [2026-03-14T20:38:26.204+0000] {dagbag.py:588} INFO - Filling up the DagBag from /opt/airflow/dags/firstproj/first_dag.py
[2026-03-14T20:38:26.219+0000] {processor.py:925} INFO - DAG(s) 'first' retrieved from /opt/airflow/dags/firstproj/first_dag.py
[2026-03-14T20:38:26.245+0000] {logging_mixin.py:190} INFO - [2026-03-14T20:38:26.245+0000] {dag.py:3239} INFO - Sync 1 DAGs
[2026-03-14T20:38:26.258+0000] {logging_mixin.py:190} INFO - [2026-03-14T20:38:26.258+0000] {dag.py:4180} INFO - Setting next_dagrun for first to 2026-03-14 04:33:00+00:00, run_after=2026-03-15 04:33:00+00:00
[2026-03-14T20:38:26.266+0000] {processor.py:208} INFO - Processing /opt/airflow/dags/firstproj/first_dag.py took 0.071 seconds
[2026-03-14T20:38:56.482+0000] {processor.py:186} INFO - Started process (PID=96) to work on /opt/airflow/dags/firstproj/first_dag.py
[2026-03-14T20:38:56.483+0000] {processor.py:914} INFO - Processing file /opt/airflow/dags/firstproj/first_dag.py for tasks to queue
[2026-03-14T20:38:56.485+0000] {logging_mixin.py:190} INFO - [2026-03-14T20:38:56.485+0000] {dagbag.py:588} INFO - Filling up the DagBag from /opt/airflow/dags/firstproj/first_dag.py
[2026-03-14T20:38:56.498+0000] {processor.py:925} INFO - DAG(s) 'first' retrieved from /opt/airflow/dags/firstproj/first_dag.py
[2026-03-14T20:38:56.519+0000] {logging_mixin.py:190} INFO - [2026-03-14T20:38:56.519+0000] {dag.py:3239} INFO - Sync 1 DAGs
[2026-03-14T20:38:56.536+0000] {logging_mixin.py:190} INFO - [2026-03-14T20:38:56.536+0000] {dag.py:4180} INFO - Setting next_dagrun for first to 2026-03-14 04:33:00+00:00, run_after=2026-03-15 04:33:00+00:00
[2026-03-14T20:38:56.544+0000] {processor.py:208} INFO - Processing /opt/airflow/dags/firstproj/first_dag.py took 0.068 seconds
[2026-03-14T20:39:26.734+0000] {processor.py:186} INFO - Started process (PID=97) to work on /opt/airflow/dags/firstproj/first_dag.py
[2026-03-14T20:39:26.735+0000] {processor.py:914} INFO - Processing file /opt/airflow/dags/firstproj/first_dag.py for tasks to queue
[2026-03-14T20:39:26.736+0000] {logging_mixin.py:190} INFO - [2026-03-14T20:39:26.735+0000] {dagbag.py:588} INFO - Filling up the DagBag from /opt/airflow/dags/firstproj/first_dag.py
[2026-03-14T20:39:26.743+0000] {processor.py:925} INFO - DAG(s) 'first' retrieved from /opt/airflow/dags/firstproj/first_dag.py
[2026-03-14T20:39:26.768+0000] {logging_mixin.py:190} INFO - [2026-03-14T20:39:26.768+0000] {dag.py:3239} INFO - Sync 1 DAGs
[2026-03-14T20:39:26.781+0000] {logging_mixin.py:190} INFO - [2026-03-14T20:39:26.780+0000] {dag.py:4180} INFO - Setting next_dagrun for first to 2026-03-14 04:33:00+00:00, run_after=2026-03-15 04:33:00+00:00
[2026-03-14T20:39:26.788+0000] {processor.py:208} INFO - Processing /opt/airflow/dags/firstproj/first_dag.py took 0.059 seconds
[2026-03-14T20:39:56.977+0000] {processor.py:186} INFO - Started process (PID=98) to work on /opt/airflow/dags/firstproj/first_dag.py
[2026-03-14T20:39:56.978+0000] {processor.py:914} INFO - Processing file /opt/airflow/dags/firstproj/first_dag.py for tasks to queue
[2026-03-14T20:39:56.981+0000] {logging_mixin.py:190} INFO - [2026-03-14T20:39:56.980+0000] {dagbag.py:588} INFO - Filling up the DagBag from /opt/airflow/dags/firstproj/first_dag.py
[2026-03-14T20:39:56.994+0000] {processor.py:925} INFO - DAG(s) 'first' retrieved from /opt/airflow/dags/firstproj/first_dag.py
[2026-03-14T20:39:57.013+0000] {logging_mixin.py:190} INFO - [2026-03-14T20:39:57.012+0000] {dag.py:3239} INFO - Sync 1 DAGs
[2026-03-14T20:39:57.025+0000] {logging_mixin.py:190} INFO - [2026-03-14T20:39:57.025+0000] {dag.py:4180} INFO - Setting next_dagrun for first to 2026-03-14 04:33:00+00:00, run_after=2026-03-15 04:33:00+00:00
[2026-03-14T20:39:57.032+0000] {processor.py:208} INFO - Processing /opt/airflow/dags/firstproj/first_dag.py took 0.063 seconds
[2026-03-14T20:40:27.220+0000] {processor.py:186} INFO - Started process (PID=99) to work on /opt/airflow/dags/firstproj/first_dag.py
[2026-03-14T20:40:27.221+0000] {processor.py:914} INFO - Processing file /opt/airflow/dags/firstproj/first_dag.py for tasks to queue
[2026-03-14T20:40:27.223+0000] {logging_mixin.py:190} INFO - [2026-03-14T20:40:27.223+0000] {dagbag.py:588} INFO - Filling up the DagBag from /opt/airflow/dags/firstproj/first_dag.py
[2026-03-14T20:40:27.232+0000] {processor.py:925} INFO - DAG(s) 'first' retrieved from /opt/airflow/dags/firstproj/first_dag.py
[2026-03-14T20:40:27.249+0000] {logging_mixin.py:190} INFO - [2026-03-14T20:40:27.249+0000] {dag.py:3239} INFO - Sync 1 DAGs
[2026-03-14T20:40:27.259+0000] {logging_mixin.py:190} INFO - [2026-03-14T20:40:27.259+0000] {dag.py:4180} INFO - Setting next_dagrun for first to 2026-03-14 04:33:00+00:00, run_after=2026-03-15 04:33:00+00:00
[2026-03-14T20:40:27.266+0000] {processor.py:208} INFO - Processing /opt/airflow/dags/firstproj/first_dag.py took 0.051 seconds
