[2026-03-14T20:26:17.792+0000] {processor.py:186} INFO - Started process (PID=24) to work on /opt/airflow/dags/firstproj/first_dag.py
[2026-03-14T20:26:17.792+0000] {processor.py:914} INFO - Processing file /opt/airflow/dags/firstproj/first_dag.py for tasks to queue
[2026-03-14T20:26:17.794+0000] {logging_mixin.py:190} INFO - [2026-03-14T20:26:17.793+0000] {dagbag.py:588} INFO - Filling up the DagBag from /opt/airflow/dags/firstproj/first_dag.py
[2026-03-14T20:26:17.809+0000] {processor.py:925} INFO - DAG(s) 'first' retrieved from /opt/airflow/dags/firstproj/first_dag.py
[2026-03-14T20:26:17.921+0000] {logging_mixin.py:190} INFO - [2026-03-14T20:26:17.920+0000] {override.py:1930} INFO - Created Permission View: can read on DAG:first
[2026-03-14T20:26:17.924+0000] {logging_mixin.py:190} INFO - [2026-03-14T20:26:17.924+0000] {override.py:1930} INFO - Created Permission View: can edit on DAG:first
[2026-03-14T20:26:17.926+0000] {logging_mixin.py:190} INFO - [2026-03-14T20:26:17.926+0000] {override.py:1930} INFO - Created Permission View: can delete on DAG:first
[2026-03-14T20:26:17.928+0000] {logging_mixin.py:190} INFO - [2026-03-14T20:26:17.928+0000] {override.py:1930} INFO - Created Permission View: can read on DAG Run:first
[2026-03-14T20:26:17.929+0000] {logging_mixin.py:190} INFO - [2026-03-14T20:26:17.929+0000] {override.py:1930} INFO - Created Permission View: can create on DAG Run:first
[2026-03-14T20:26:17.931+0000] {logging_mixin.py:190} INFO - [2026-03-14T20:26:17.931+0000] {override.py:1930} INFO - Created Permission View: menu access on DAG Run:first
[2026-03-14T20:26:17.933+0000] {logging_mixin.py:190} INFO - [2026-03-14T20:26:17.933+0000] {override.py:1930} INFO - Created Permission View: can delete on DAG Run:first
[2026-03-14T20:26:17.933+0000] {logging_mixin.py:190} INFO - [2026-03-14T20:26:17.933+0000] {dag.py:3239} INFO - Sync 1 DAGs
[2026-03-14T20:26:17.941+0000] {logging_mixin.py:190} INFO - [2026-03-14T20:26:17.940+0000] {dag.py:3262} INFO - Creating ORM DAG for first
[2026-03-14T20:26:17.946+0000] {logging_mixin.py:190} INFO - [2026-03-14T20:26:17.946+0000] {dag.py:4180} INFO - Setting next_dagrun for first to 2026-03-13 04:33:00+00:00, run_after=2026-03-14 04:33:00+00:00
[2026-03-14T20:26:17.952+0000] {processor.py:208} INFO - Processing /opt/airflow/dags/firstproj/first_dag.py took 0.164 seconds
[2026-03-14T20:26:48.040+0000] {processor.py:186} INFO - Started process (PID=25) to work on /opt/airflow/dags/firstproj/first_dag.py
[2026-03-14T20:26:48.041+0000] {processor.py:914} INFO - Processing file /opt/airflow/dags/firstproj/first_dag.py for tasks to queue
[2026-03-14T20:26:48.045+0000] {logging_mixin.py:190} INFO - [2026-03-14T20:26:48.044+0000] {dagbag.py:588} INFO - Filling up the DagBag from /opt/airflow/dags/firstproj/first_dag.py
[2026-03-14T20:26:48.057+0000] {processor.py:925} INFO - DAG(s) 'first' retrieved from /opt/airflow/dags/firstproj/first_dag.py
[2026-03-14T20:26:48.075+0000] {logging_mixin.py:190} INFO - [2026-03-14T20:26:48.075+0000] {dag.py:3239} INFO - Sync 1 DAGs
[2026-03-14T20:26:48.087+0000] {logging_mixin.py:190} INFO - [2026-03-14T20:26:48.087+0000] {dag.py:4180} INFO - Setting next_dagrun for first to 2026-03-13 04:33:00+00:00, run_after=2026-03-14 04:33:00+00:00
[2026-03-14T20:26:48.094+0000] {processor.py:208} INFO - Processing /opt/airflow/dags/firstproj/first_dag.py took 0.062 seconds
[2026-03-14T20:27:18.286+0000] {processor.py:186} INFO - Started process (PID=26) to work on /opt/airflow/dags/firstproj/first_dag.py
[2026-03-14T20:27:18.287+0000] {processor.py:914} INFO - Processing file /opt/airflow/dags/firstproj/first_dag.py for tasks to queue
[2026-03-14T20:27:18.289+0000] {logging_mixin.py:190} INFO - [2026-03-14T20:27:18.289+0000] {dagbag.py:588} INFO - Filling up the DagBag from /opt/airflow/dags/firstproj/first_dag.py
[2026-03-14T20:27:18.298+0000] {processor.py:925} INFO - DAG(s) 'first' retrieved from /opt/airflow/dags/firstproj/first_dag.py
[2026-03-14T20:27:18.311+0000] {logging_mixin.py:190} INFO - [2026-03-14T20:27:18.311+0000] {dag.py:3239} INFO - Sync 1 DAGs
[2026-03-14T20:27:18.325+0000] {logging_mixin.py:190} INFO - [2026-03-14T20:27:18.325+0000] {dag.py:4180} INFO - Setting next_dagrun for first to 2026-03-13 04:33:00+00:00, run_after=2026-03-14 04:33:00+00:00
[2026-03-14T20:27:18.334+0000] {processor.py:208} INFO - Processing /opt/airflow/dags/firstproj/first_dag.py took 0.055 seconds
[2026-03-14T20:27:48.536+0000] {processor.py:186} INFO - Started process (PID=27) to work on /opt/airflow/dags/firstproj/first_dag.py
[2026-03-14T20:27:48.537+0000] {processor.py:914} INFO - Processing file /opt/airflow/dags/firstproj/first_dag.py for tasks to queue
[2026-03-14T20:27:48.540+0000] {logging_mixin.py:190} INFO - [2026-03-14T20:27:48.540+0000] {dagbag.py:588} INFO - Filling up the DagBag from /opt/airflow/dags/firstproj/first_dag.py
[2026-03-14T20:27:48.554+0000] {processor.py:925} INFO - DAG(s) 'first' retrieved from /opt/airflow/dags/firstproj/first_dag.py
[2026-03-14T20:27:48.568+0000] {logging_mixin.py:190} INFO - [2026-03-14T20:27:48.568+0000] {dag.py:3239} INFO - Sync 1 DAGs
[2026-03-14T20:27:48.579+0000] {logging_mixin.py:190} INFO - [2026-03-14T20:27:48.579+0000] {dag.py:4180} INFO - Setting next_dagrun for first to 2026-03-13 04:33:00+00:00, run_after=2026-03-14 04:33:00+00:00
[2026-03-14T20:27:48.585+0000] {processor.py:208} INFO - Processing /opt/airflow/dags/firstproj/first_dag.py took 0.057 seconds
[2026-03-14T20:28:18.755+0000] {processor.py:186} INFO - Started process (PID=28) to work on /opt/airflow/dags/firstproj/first_dag.py
[2026-03-14T20:28:18.756+0000] {processor.py:914} INFO - Processing file /opt/airflow/dags/firstproj/first_dag.py for tasks to queue
[2026-03-14T20:28:18.759+0000] {logging_mixin.py:190} INFO - [2026-03-14T20:28:18.758+0000] {dagbag.py:588} INFO - Filling up the DagBag from /opt/airflow/dags/firstproj/first_dag.py
[2026-03-14T20:28:18.768+0000] {processor.py:925} INFO - DAG(s) 'first' retrieved from /opt/airflow/dags/firstproj/first_dag.py
[2026-03-14T20:28:18.781+0000] {logging_mixin.py:190} INFO - [2026-03-14T20:28:18.781+0000] {dag.py:3239} INFO - Sync 1 DAGs
[2026-03-14T20:28:18.794+0000] {logging_mixin.py:190} INFO - [2026-03-14T20:28:18.794+0000] {dag.py:4180} INFO - Setting next_dagrun for first to 2026-03-13 04:33:00+00:00, run_after=2026-03-14 04:33:00+00:00
[2026-03-14T20:28:18.802+0000] {processor.py:208} INFO - Processing /opt/airflow/dags/firstproj/first_dag.py took 0.054 seconds
[2026-03-14T20:28:49.050+0000] {processor.py:186} INFO - Started process (PID=29) to work on /opt/airflow/dags/firstproj/first_dag.py
[2026-03-14T20:28:49.052+0000] {processor.py:914} INFO - Processing file /opt/airflow/dags/firstproj/first_dag.py for tasks to queue
[2026-03-14T20:28:49.055+0000] {logging_mixin.py:190} INFO - [2026-03-14T20:28:49.055+0000] {dagbag.py:588} INFO - Filling up the DagBag from /opt/airflow/dags/firstproj/first_dag.py
[2026-03-14T20:28:49.067+0000] {processor.py:925} INFO - DAG(s) 'first' retrieved from /opt/airflow/dags/firstproj/first_dag.py
[2026-03-14T20:28:49.082+0000] {logging_mixin.py:190} INFO - [2026-03-14T20:28:49.082+0000] {dag.py:3239} INFO - Sync 1 DAGs
[2026-03-14T20:28:49.094+0000] {logging_mixin.py:190} INFO - [2026-03-14T20:28:49.094+0000] {dag.py:4180} INFO - Setting next_dagrun for first to 2026-03-13 04:33:00+00:00, run_after=2026-03-14 04:33:00+00:00
[2026-03-14T20:28:49.102+0000] {processor.py:208} INFO - Processing /opt/airflow/dags/firstproj/first_dag.py took 0.060 seconds
[2026-03-14T20:29:19.267+0000] {processor.py:186} INFO - Started process (PID=30) to work on /opt/airflow/dags/firstproj/first_dag.py
[2026-03-14T20:29:19.268+0000] {processor.py:914} INFO - Processing file /opt/airflow/dags/firstproj/first_dag.py for tasks to queue
[2026-03-14T20:29:19.270+0000] {logging_mixin.py:190} INFO - [2026-03-14T20:29:19.270+0000] {dagbag.py:588} INFO - Filling up the DagBag from /opt/airflow/dags/firstproj/first_dag.py
[2026-03-14T20:29:19.278+0000] {processor.py:925} INFO - DAG(s) 'first' retrieved from /opt/airflow/dags/firstproj/first_dag.py
[2026-03-14T20:29:19.295+0000] {logging_mixin.py:190} INFO - [2026-03-14T20:29:19.295+0000] {dag.py:3239} INFO - Sync 1 DAGs
[2026-03-14T20:29:19.310+0000] {logging_mixin.py:190} INFO - [2026-03-14T20:29:19.310+0000] {dag.py:4180} INFO - Setting next_dagrun for first to 2026-03-13 04:33:00+00:00, run_after=2026-03-14 04:33:00+00:00
[2026-03-14T20:29:19.318+0000] {processor.py:208} INFO - Processing /opt/airflow/dags/firstproj/first_dag.py took 0.056 seconds
[2026-03-14T20:29:49.524+0000] {processor.py:186} INFO - Started process (PID=31) to work on /opt/airflow/dags/firstproj/first_dag.py
[2026-03-14T20:29:49.526+0000] {processor.py:914} INFO - Processing file /opt/airflow/dags/firstproj/first_dag.py for tasks to queue
[2026-03-14T20:29:49.529+0000] {logging_mixin.py:190} INFO - [2026-03-14T20:29:49.528+0000] {dagbag.py:588} INFO - Filling up the DagBag from /opt/airflow/dags/firstproj/first_dag.py
[2026-03-14T20:29:49.541+0000] {processor.py:925} INFO - DAG(s) 'first' retrieved from /opt/airflow/dags/firstproj/first_dag.py
[2026-03-14T20:29:49.567+0000] {logging_mixin.py:190} INFO - [2026-03-14T20:29:49.566+0000] {dag.py:3239} INFO - Sync 1 DAGs
[2026-03-14T20:29:49.581+0000] {logging_mixin.py:190} INFO - [2026-03-14T20:29:49.581+0000] {dag.py:4180} INFO - Setting next_dagrun for first to 2026-03-14 04:33:00+00:00, run_after=2026-03-15 04:33:00+00:00
[2026-03-14T20:29:49.589+0000] {processor.py:208} INFO - Processing /opt/airflow/dags/firstproj/first_dag.py took 0.073 seconds
[2026-03-14T20:30:19.796+0000] {processor.py:186} INFO - Started process (PID=32) to work on /opt/airflow/dags/firstproj/first_dag.py
[2026-03-14T20:30:19.797+0000] {processor.py:914} INFO - Processing file /opt/airflow/dags/firstproj/first_dag.py for tasks to queue
[2026-03-14T20:30:19.800+0000] {logging_mixin.py:190} INFO - [2026-03-14T20:30:19.800+0000] {dagbag.py:588} INFO - Filling up the DagBag from /opt/airflow/dags/firstproj/first_dag.py
[2026-03-14T20:30:19.813+0000] {processor.py:925} INFO - DAG(s) 'first' retrieved from /opt/airflow/dags/firstproj/first_dag.py
[2026-03-14T20:30:19.828+0000] {logging_mixin.py:190} INFO - [2026-03-14T20:30:19.828+0000] {dag.py:3239} INFO - Sync 1 DAGs
[2026-03-14T20:30:19.842+0000] {logging_mixin.py:190} INFO - [2026-03-14T20:30:19.841+0000] {dag.py:4180} INFO - Setting next_dagrun for first to 2026-03-14 04:33:00+00:00, run_after=2026-03-15 04:33:00+00:00
[2026-03-14T20:30:19.851+0000] {processor.py:208} INFO - Processing /opt/airflow/dags/firstproj/first_dag.py took 0.063 seconds
[2026-03-14T20:30:50.019+0000] {processor.py:186} INFO - Started process (PID=33) to work on /opt/airflow/dags/firstproj/first_dag.py
[2026-03-14T20:30:50.021+0000] {processor.py:914} INFO - Processing file /opt/airflow/dags/firstproj/first_dag.py for tasks to queue
[2026-03-14T20:30:50.023+0000] {logging_mixin.py:190} INFO - [2026-03-14T20:30:50.022+0000] {dagbag.py:588} INFO - Filling up the DagBag from /opt/airflow/dags/firstproj/first_dag.py
[2026-03-14T20:30:50.026+0000] {processor.py:925} INFO - DAG(s) 'first' retrieved from /opt/airflow/dags/firstproj/first_dag.py
[2026-03-14T20:30:50.036+0000] {logging_mixin.py:190} INFO - [2026-03-14T20:30:50.036+0000] {dag.py:3239} INFO - Sync 1 DAGs
[2026-03-14T20:30:50.045+0000] {logging_mixin.py:190} INFO - [2026-03-14T20:30:50.045+0000] {dag.py:4180} INFO - Setting next_dagrun for first to 2026-03-14 04:33:00+00:00, run_after=2026-03-15 04:33:00+00:00
[2026-03-14T20:30:50.051+0000] {processor.py:208} INFO - Processing /opt/airflow/dags/firstproj/first_dag.py took 0.034 seconds
[2026-03-14T20:31:20.288+0000] {processor.py:186} INFO - Started process (PID=34) to work on /opt/airflow/dags/firstproj/first_dag.py
[2026-03-14T20:31:20.288+0000] {processor.py:914} INFO - Processing file /opt/airflow/dags/firstproj/first_dag.py for tasks to queue
[2026-03-14T20:31:20.290+0000] {logging_mixin.py:190} INFO - [2026-03-14T20:31:20.290+0000] {dagbag.py:588} INFO - Filling up the DagBag from /opt/airflow/dags/firstproj/first_dag.py
[2026-03-14T20:31:20.297+0000] {processor.py:925} INFO - DAG(s) 'first' retrieved from /opt/airflow/dags/firstproj/first_dag.py
[2026-03-14T20:31:20.311+0000] {logging_mixin.py:190} INFO - [2026-03-14T20:31:20.311+0000] {dag.py:3239} INFO - Sync 1 DAGs
[2026-03-14T20:31:20.324+0000] {logging_mixin.py:190} INFO - [2026-03-14T20:31:20.324+0000] {dag.py:4180} INFO - Setting next_dagrun for first to 2026-03-14 04:33:00+00:00, run_after=2026-03-15 04:33:00+00:00
[2026-03-14T20:31:20.334+0000] {processor.py:208} INFO - Processing /opt/airflow/dags/firstproj/first_dag.py took 0.052 seconds
[2026-03-14T20:31:50.548+0000] {processor.py:186} INFO - Started process (PID=35) to work on /opt/airflow/dags/firstproj/first_dag.py
[2026-03-14T20:31:50.548+0000] {processor.py:914} INFO - Processing file /opt/airflow/dags/firstproj/first_dag.py for tasks to queue
[2026-03-14T20:31:50.550+0000] {logging_mixin.py:190} INFO - [2026-03-14T20:31:50.550+0000] {dagbag.py:588} INFO - Filling up the DagBag from /opt/airflow/dags/firstproj/first_dag.py
[2026-03-14T20:31:50.557+0000] {processor.py:925} INFO - DAG(s) 'first' retrieved from /opt/airflow/dags/firstproj/first_dag.py
[2026-03-14T20:31:50.568+0000] {logging_mixin.py:190} INFO - [2026-03-14T20:31:50.568+0000] {dag.py:3239} INFO - Sync 1 DAGs
[2026-03-14T20:31:50.579+0000] {logging_mixin.py:190} INFO - [2026-03-14T20:31:50.579+0000] {dag.py:4180} INFO - Setting next_dagrun for first to 2026-03-14 04:33:00+00:00, run_after=2026-03-15 04:33:00+00:00
[2026-03-14T20:31:50.587+0000] {processor.py:208} INFO - Processing /opt/airflow/dags/firstproj/first_dag.py took 0.045 seconds
[2026-03-14T20:32:20.789+0000] {processor.py:186} INFO - Started process (PID=36) to work on /opt/airflow/dags/firstproj/first_dag.py
[2026-03-14T20:32:20.790+0000] {processor.py:914} INFO - Processing file /opt/airflow/dags/firstproj/first_dag.py for tasks to queue
[2026-03-14T20:32:20.793+0000] {logging_mixin.py:190} INFO - [2026-03-14T20:32:20.793+0000] {dagbag.py:588} INFO - Filling up the DagBag from /opt/airflow/dags/firstproj/first_dag.py
[2026-03-14T20:32:20.806+0000] {processor.py:925} INFO - DAG(s) 'first' retrieved from /opt/airflow/dags/firstproj/first_dag.py
[2026-03-14T20:32:20.822+0000] {logging_mixin.py:190} INFO - [2026-03-14T20:32:20.822+0000] {dag.py:3239} INFO - Sync 1 DAGs
[2026-03-14T20:32:20.837+0000] {logging_mixin.py:190} INFO - [2026-03-14T20:32:20.837+0000] {dag.py:4180} INFO - Setting next_dagrun for first to 2026-03-14 04:33:00+00:00, run_after=2026-03-15 04:33:00+00:00
[2026-03-14T20:32:20.845+0000] {processor.py:208} INFO - Processing /opt/airflow/dags/firstproj/first_dag.py took 0.062 seconds
[2026-03-14T20:32:50.983+0000] {processor.py:186} INFO - Started process (PID=37) to work on /opt/airflow/dags/firstproj/first_dag.py
[2026-03-14T20:32:50.984+0000] {processor.py:914} INFO - Processing file /opt/airflow/dags/firstproj/first_dag.py for tasks to queue
[2026-03-14T20:32:50.985+0000] {logging_mixin.py:190} INFO - [2026-03-14T20:32:50.984+0000] {dagbag.py:588} INFO - Filling up the DagBag from /opt/airflow/dags/firstproj/first_dag.py
[2026-03-14T20:32:50.989+0000] {processor.py:925} INFO - DAG(s) 'first' retrieved from /opt/airflow/dags/firstproj/first_dag.py
[2026-03-14T20:32:50.998+0000] {logging_mixin.py:190} INFO - [2026-03-14T20:32:50.998+0000] {dag.py:3239} INFO - Sync 1 DAGs
[2026-03-14T20:32:51.008+0000] {logging_mixin.py:190} INFO - [2026-03-14T20:32:51.008+0000] {dag.py:4180} INFO - Setting next_dagrun for first to 2026-03-14 04:33:00+00:00, run_after=2026-03-15 04:33:00+00:00
[2026-03-14T20:32:51.016+0000] {processor.py:208} INFO - Processing /opt/airflow/dags/firstproj/first_dag.py took 0.036 seconds
[2026-03-14T20:33:21.236+0000] {processor.py:186} INFO - Started process (PID=38) to work on /opt/airflow/dags/firstproj/first_dag.py
[2026-03-14T20:33:21.238+0000] {processor.py:914} INFO - Processing file /opt/airflow/dags/firstproj/first_dag.py for tasks to queue
[2026-03-14T20:33:21.244+0000] {logging_mixin.py:190} INFO - [2026-03-14T20:33:21.244+0000] {dagbag.py:588} INFO - Filling up the DagBag from /opt/airflow/dags/firstproj/first_dag.py
[2026-03-14T20:33:21.264+0000] {processor.py:925} INFO - DAG(s) 'first' retrieved from /opt/airflow/dags/firstproj/first_dag.py
[2026-03-14T20:33:21.278+0000] {logging_mixin.py:190} INFO - [2026-03-14T20:33:21.278+0000] {dag.py:3239} INFO - Sync 1 DAGs
[2026-03-14T20:33:21.292+0000] {logging_mixin.py:190} INFO - [2026-03-14T20:33:21.292+0000] {dag.py:4180} INFO - Setting next_dagrun for first to 2026-03-14 04:33:00+00:00, run_after=2026-03-15 04:33:00+00:00
[2026-03-14T20:33:21.300+0000] {processor.py:208} INFO - Processing /opt/airflow/dags/firstproj/first_dag.py took 0.073 seconds
[2026-03-14T20:33:35.388+0000] {processor.py:186} INFO - Started process (PID=39) to work on /opt/airflow/dags/firstproj/first_dag.py
[2026-03-14T20:33:35.389+0000] {processor.py:914} INFO - Processing file /opt/airflow/dags/firstproj/first_dag.py for tasks to queue
[2026-03-14T20:33:35.391+0000] {logging_mixin.py:190} INFO - [2026-03-14T20:33:35.391+0000] {dagbag.py:588} INFO - Filling up the DagBag from /opt/airflow/dags/firstproj/first_dag.py
[2026-03-14T20:33:35.401+0000] {processor.py:925} INFO - DAG(s) 'first' retrieved from /opt/airflow/dags/firstproj/first_dag.py
[2026-03-14T20:33:35.469+0000] {logging_mixin.py:190} INFO - [2026-03-14T20:33:35.468+0000] {dag.py:3239} INFO - Sync 1 DAGs
[2026-03-14T20:33:35.477+0000] {logging_mixin.py:190} INFO - [2026-03-14T20:33:35.476+0000] {dag.py:4180} INFO - Setting next_dagrun for first to 2026-03-14 04:33:00+00:00, run_after=2026-03-15 04:33:00+00:00
[2026-03-14T20:33:35.486+0000] {processor.py:208} INFO - Processing /opt/airflow/dags/firstproj/first_dag.py took 0.104 seconds
[2026-03-14T20:33:36.424+0000] {processor.py:186} INFO - Started process (PID=40) to work on /opt/airflow/dags/firstproj/first_dag.py
[2026-03-14T20:33:36.425+0000] {processor.py:914} INFO - Processing file /opt/airflow/dags/firstproj/first_dag.py for tasks to queue
[2026-03-14T20:33:36.427+0000] {logging_mixin.py:190} INFO - [2026-03-14T20:33:36.426+0000] {dagbag.py:588} INFO - Filling up the DagBag from /opt/airflow/dags/firstproj/first_dag.py
[2026-03-14T20:33:36.438+0000] {processor.py:925} INFO - DAG(s) 'first' retrieved from /opt/airflow/dags/firstproj/first_dag.py
[2026-03-14T20:33:36.450+0000] {logging_mixin.py:190} INFO - [2026-03-14T20:33:36.450+0000] {dag.py:3239} INFO - Sync 1 DAGs
[2026-03-14T20:33:36.464+0000] {logging_mixin.py:190} INFO - [2026-03-14T20:33:36.464+0000] {dag.py:4180} INFO - Setting next_dagrun for first to 2026-03-14 04:33:00+00:00, run_after=2026-03-15 04:33:00+00:00
[2026-03-14T20:33:36.473+0000] {processor.py:208} INFO - Processing /opt/airflow/dags/firstproj/first_dag.py took 0.057 seconds
[2026-03-14T20:34:06.705+0000] {processor.py:186} INFO - Started process (PID=41) to work on /opt/airflow/dags/firstproj/first_dag.py
[2026-03-14T20:34:06.706+0000] {processor.py:914} INFO - Processing file /opt/airflow/dags/firstproj/first_dag.py for tasks to queue
[2026-03-14T20:34:06.711+0000] {logging_mixin.py:190} INFO - [2026-03-14T20:34:06.711+0000] {dagbag.py:588} INFO - Filling up the DagBag from /opt/airflow/dags/firstproj/first_dag.py
[2026-03-14T20:34:06.731+0000] {processor.py:925} INFO - DAG(s) 'first' retrieved from /opt/airflow/dags/firstproj/first_dag.py
[2026-03-14T20:34:06.771+0000] {logging_mixin.py:190} INFO - [2026-03-14T20:34:06.771+0000] {dag.py:3239} INFO - Sync 1 DAGs
[2026-03-14T20:34:06.787+0000] {logging_mixin.py:190} INFO - [2026-03-14T20:34:06.787+0000] {dag.py:4180} INFO - Setting next_dagrun for first to 2026-03-14 04:33:00+00:00, run_after=2026-03-15 04:33:00+00:00
[2026-03-14T20:34:06.796+0000] {processor.py:208} INFO - Processing /opt/airflow/dags/firstproj/first_dag.py took 0.102 seconds
[2026-03-14T20:34:37.063+0000] {processor.py:186} INFO - Started process (PID=42) to work on /opt/airflow/dags/firstproj/first_dag.py
[2026-03-14T20:34:37.064+0000] {processor.py:914} INFO - Processing file /opt/airflow/dags/firstproj/first_dag.py for tasks to queue
[2026-03-14T20:34:37.067+0000] {logging_mixin.py:190} INFO - [2026-03-14T20:34:37.067+0000] {dagbag.py:588} INFO - Filling up the DagBag from /opt/airflow/dags/firstproj/first_dag.py
[2026-03-14T20:34:37.081+0000] {processor.py:925} INFO - DAG(s) 'first' retrieved from /opt/airflow/dags/firstproj/first_dag.py
[2026-03-14T20:34:37.108+0000] {logging_mixin.py:190} INFO - [2026-03-14T20:34:37.108+0000] {dag.py:3239} INFO - Sync 1 DAGs
[2026-03-14T20:34:37.122+0000] {logging_mixin.py:190} INFO - [2026-03-14T20:34:37.122+0000] {dag.py:4180} INFO - Setting next_dagrun for first to 2026-03-14 04:33:00+00:00, run_after=2026-03-15 04:33:00+00:00
[2026-03-14T20:34:37.129+0000] {processor.py:208} INFO - Processing /opt/airflow/dags/firstproj/first_dag.py took 0.072 seconds
[2026-03-14T20:35:07.311+0000] {processor.py:186} INFO - Started process (PID=43) to work on /opt/airflow/dags/firstproj/first_dag.py
[2026-03-14T20:35:07.312+0000] {processor.py:914} INFO - Processing file /opt/airflow/dags/firstproj/first_dag.py for tasks to queue
[2026-03-14T20:35:07.314+0000] {logging_mixin.py:190} INFO - [2026-03-14T20:35:07.314+0000] {dagbag.py:588} INFO - Filling up the DagBag from /opt/airflow/dags/firstproj/first_dag.py
[2026-03-14T20:35:07.325+0000] {processor.py:925} INFO - DAG(s) 'first' retrieved from /opt/airflow/dags/firstproj/first_dag.py
[2026-03-14T20:35:07.343+0000] {logging_mixin.py:190} INFO - [2026-03-14T20:35:07.343+0000] {dag.py:3239} INFO - Sync 1 DAGs
[2026-03-14T20:35:07.355+0000] {logging_mixin.py:190} INFO - [2026-03-14T20:35:07.355+0000] {dag.py:4180} INFO - Setting next_dagrun for first to 2026-03-14 04:33:00+00:00, run_after=2026-03-15 04:33:00+00:00
[2026-03-14T20:35:07.363+0000] {processor.py:208} INFO - Processing /opt/airflow/dags/firstproj/first_dag.py took 0.055 seconds
[2026-03-14T20:35:37.576+0000] {processor.py:186} INFO - Started process (PID=44) to work on /opt/airflow/dags/firstproj/first_dag.py
[2026-03-14T20:35:37.577+0000] {processor.py:914} INFO - Processing file /opt/airflow/dags/firstproj/first_dag.py for tasks to queue
[2026-03-14T20:35:37.579+0000] {logging_mixin.py:190} INFO - [2026-03-14T20:35:37.579+0000] {dagbag.py:588} INFO - Filling up the DagBag from /opt/airflow/dags/firstproj/first_dag.py
[2026-03-14T20:35:37.596+0000] {processor.py:925} INFO - DAG(s) 'first' retrieved from /opt/airflow/dags/firstproj/first_dag.py
[2026-03-14T20:35:37.617+0000] {logging_mixin.py:190} INFO - [2026-03-14T20:35:37.617+0000] {dag.py:3239} INFO - Sync 1 DAGs
[2026-03-14T20:35:37.632+0000] {logging_mixin.py:190} INFO - [2026-03-14T20:35:37.631+0000] {dag.py:4180} INFO - Setting next_dagrun for first to 2026-03-14 04:33:00+00:00, run_after=2026-03-15 04:33:00+00:00
[2026-03-14T20:35:37.638+0000] {processor.py:208} INFO - Processing /opt/airflow/dags/firstproj/first_dag.py took 0.069 seconds
[2026-03-14T20:35:54.781+0000] {processor.py:186} INFO - Started process (PID=45) to work on /opt/airflow/dags/firstproj/first_dag.py
[2026-03-14T20:35:54.782+0000] {processor.py:914} INFO - Processing file /opt/airflow/dags/firstproj/first_dag.py for tasks to queue
[2026-03-14T20:35:54.784+0000] {logging_mixin.py:190} INFO - [2026-03-14T20:35:54.784+0000] {dagbag.py:588} INFO - Filling up the DagBag from /opt/airflow/dags/firstproj/first_dag.py
[2026-03-14T20:35:54.797+0000] {processor.py:925} INFO - DAG(s) 'first' retrieved from /opt/airflow/dags/firstproj/first_dag.py
[2026-03-14T20:35:54.869+0000] {logging_mixin.py:190} INFO - [2026-03-14T20:35:54.868+0000] {dag.py:3239} INFO - Sync 1 DAGs
[2026-03-14T20:35:54.879+0000] {logging_mixin.py:190} INFO - [2026-03-14T20:35:54.879+0000] {dag.py:4180} INFO - Setting next_dagrun for first to 2026-03-14 04:33:00+00:00, run_after=2026-03-15 04:33:00+00:00
[2026-03-14T20:35:54.889+0000] {processor.py:208} INFO - Processing /opt/airflow/dags/firstproj/first_dag.py took 0.116 seconds
[2026-03-14T20:36:25.062+0000] {processor.py:186} INFO - Started process (PID=61) to work on /opt/airflow/dags/firstproj/first_dag.py
[2026-03-14T20:36:25.063+0000] {processor.py:914} INFO - Processing file /opt/airflow/dags/firstproj/first_dag.py for tasks to queue
[2026-03-14T20:36:25.064+0000] {logging_mixin.py:190} INFO - [2026-03-14T20:36:25.064+0000] {dagbag.py:588} INFO - Filling up the DagBag from /opt/airflow/dags/firstproj/first_dag.py
[2026-03-14T20:36:25.072+0000] {processor.py:925} INFO - DAG(s) 'first' retrieved from /opt/airflow/dags/firstproj/first_dag.py
[2026-03-14T20:36:25.087+0000] {logging_mixin.py:190} INFO - [2026-03-14T20:36:25.086+0000] {dag.py:3239} INFO - Sync 1 DAGs
[2026-03-14T20:36:25.097+0000] {logging_mixin.py:190} INFO - [2026-03-14T20:36:25.097+0000] {dag.py:4180} INFO - Setting next_dagrun for first to 2026-03-14 04:33:00+00:00, run_after=2026-03-15 04:33:00+00:00
[2026-03-14T20:36:25.106+0000] {processor.py:208} INFO - Processing /opt/airflow/dags/firstproj/first_dag.py took 0.048 seconds
[2026-03-14T20:36:55.397+0000] {processor.py:186} INFO - Started process (PID=92) to work on /opt/airflow/dags/firstproj/first_dag.py
[2026-03-14T20:36:55.398+0000] {processor.py:914} INFO - Processing file /opt/airflow/dags/firstproj/first_dag.py for tasks to queue
[2026-03-14T20:36:55.401+0000] {logging_mixin.py:190} INFO - [2026-03-14T20:36:55.401+0000] {dagbag.py:588} INFO - Filling up the DagBag from /opt/airflow/dags/firstproj/first_dag.py
[2026-03-14T20:36:55.414+0000] {processor.py:925} INFO - DAG(s) 'first' retrieved from /opt/airflow/dags/firstproj/first_dag.py
[2026-03-14T20:36:55.435+0000] {logging_mixin.py:190} INFO - [2026-03-14T20:36:55.435+0000] {dag.py:3239} INFO - Sync 1 DAGs
[2026-03-14T20:36:55.448+0000] {logging_mixin.py:190} INFO - [2026-03-14T20:36:55.448+0000] {dag.py:4180} INFO - Setting next_dagrun for first to 2026-03-14 04:33:00+00:00, run_after=2026-03-15 04:33:00+00:00
[2026-03-14T20:36:55.455+0000] {processor.py:208} INFO - Processing /opt/airflow/dags/firstproj/first_dag.py took 0.066 seconds
[2026-03-14T20:37:25.669+0000] {processor.py:186} INFO - Started process (PID=93) to work on /opt/airflow/dags/firstproj/first_dag.py
[2026-03-14T20:37:25.670+0000] {processor.py:914} INFO - Processing file /opt/airflow/dags/firstproj/first_dag.py for tasks to queue
[2026-03-14T20:37:25.673+0000] {logging_mixin.py:190} INFO - [2026-03-14T20:37:25.673+0000] {dagbag.py:588} INFO - Filling up the DagBag from /opt/airflow/dags/firstproj/first_dag.py
[2026-03-14T20:37:25.687+0000] {processor.py:925} INFO - DAG(s) 'first' retrieved from /opt/airflow/dags/firstproj/first_dag.py
[2026-03-14T20:37:25.705+0000] {logging_mixin.py:190} INFO - [2026-03-14T20:37:25.705+0000] {dag.py:3239} INFO - Sync 1 DAGs
[2026-03-14T20:37:25.718+0000] {logging_mixin.py:190} INFO - [2026-03-14T20:37:25.718+0000] {dag.py:4180} INFO - Setting next_dagrun for first to 2026-03-14 04:33:00+00:00, run_after=2026-03-15 04:33:00+00:00
[2026-03-14T20:37:25.725+0000] {processor.py:208} INFO - Processing /opt/airflow/dags/firstproj/first_dag.py took 0.064 seconds
[2026-03-14T20:37:55.926+0000] {processor.py:186} INFO - Started process (PID=94) to work on /opt/airflow/dags/firstproj/first_dag.py
[2026-03-14T20:37:55.927+0000] {processor.py:914} INFO - Processing file /opt/airflow/dags/firstproj/first_dag.py for tasks to queue
[2026-03-14T20:37:55.929+0000] {logging_mixin.py:190} INFO - [2026-03-14T20:37:55.929+0000] {dagbag.py:588} INFO - Filling up the DagBag from /opt/airflow/dags/firstproj/first_dag.py
[2026-03-14T20:37:55.938+0000] {processor.py:925} INFO - DAG(s) 'first' retrieved from /opt/airflow/dags/firstproj/first_dag.py
[2026-03-14T20:37:55.954+0000] {logging_mixin.py:190} INFO - [2026-03-14T20:37:55.954+0000] {dag.py:3239} INFO - Sync 1 DAGs
[2026-03-14T20:37:55.964+0000] {logging_mixin.py:190} INFO - [2026-03-14T20:37:55.964+0000] {dag.py:4180} INFO - Setting next_dagrun for first to 2026-03-14 04:33:00+00:00, run_after=2026-03-15 04:33:00+00:00
[2026-03-14T20:37:55.972+0000] {processor.py:208} INFO - Processing /opt/airflow/dags/firstproj/first_dag.py took 0.051 seconds
[2026-03-14T20:38:26.201+0000] {processor.py:186} INFO - Started process (PID=95) to work on /opt/airflow/dags/firstproj/first_dag.py
[2026-03-14T20:38:26.202+0000] {processor.py:914} INFO - Processing file /opt/airflow/dags/firstproj/first_dag.py for tasks to queue
[2026-03-14T20:38:26.204+0000] {logging_mixin.py:190} INFO - [2026-03-14T20:38:26.204+0000] {dagbag.py:588} INFO - Filling up the DagBag from /opt/airflow/dags/firstproj/first_dag.py
[2026-03-14T20:38:26.219+0000] {processor.py:925} INFO - DAG(s) 'first' retrieved from /opt/airflow/dags/firstproj/first_dag.py
[2026-03-14T20:38:26.245+0000] {logging_mixin.py:190} INFO - [2026-03-14T20:38:26.245+0000] {dag.py:3239} INFO - Sync 1 DAGs
[2026-03-14T20:38:26.258+0000] {logging_mixin.py:190} INFO - [2026-03-14T20:38:26.258+0000] {dag.py:4180} INFO - Setting next_dagrun for first to 2026-03-14 04:33:00+00:00, run_after=2026-03-15 04:33:00+00:00
[2026-03-14T20:38:26.266+0000] {processor.py:208} INFO - Processing /opt/airflow/dags/firstproj/first_dag.py took 0.071 seconds
[2026-03-14T20:38:56.482+0000] {processor.py:186} INFO - Started process (PID=96) to work on /opt/airflow/dags/firstproj/first_dag.py
[2026-03-14T20:38:56.483+0000] {processor.py:914} INFO - Processing file /opt/airflow/dags/firstproj/first_dag.py for tasks to queue
[2026-03-14T20:38:56.485+0000] {logging_mixin.py:190} INFO - [2026-03-14T20:38:56.485+0000] {dagbag.py:588} INFO - Filling up the DagBag from /opt/airflow/dags/firstproj/first_dag.py
[2026-03-14T20:38:56.498+0000] {processor.py:925} INFO - DAG(s) 'first' retrieved from /opt/airflow/dags/firstproj/first_dag.py
[2026-03-14T20:38:56.519+0000] {logging_mixin.py:190} INFO - [2026-03-14T20:38:56.519+0000] {dag.py:3239} INFO - Sync 1 DAGs
[2026-03-14T20:38:56.536+0000] {logging_mixin.py:190} INFO - [2026-03-14T20:38:56.536+0000] {dag.py:4180} INFO - Setting next_dagrun for first to 2026-03-14 04:33:00+00:00, run_after=2026-03-15 04:33:00+00:00
[2026-03-14T20:38:56.544+0000] {processor.py:208} INFO - Processing /opt/airflow/dags/firstproj/first_dag.py took 0.068 seconds
[2026-03-14T20:39:26.734+0000] {processor.py:186} INFO - Started process (PID=97) to work on /opt/airflow/dags/firstproj/first_dag.py
[2026-03-14T20:39:26.735+0000] {processor.py:914} INFO - Processing file /opt/airflow/dags/firstproj/first_dag.py for tasks to queue
[2026-03-14T20:39:26.736+0000] {logging_mixin.py:190} INFO - [2026-03-14T20:39:26.735+0000] {dagbag.py:588} INFO - Filling up the DagBag from /opt/airflow/dags/firstproj/first_dag.py
[2026-03-14T20:39:26.743+0000] {processor.py:925} INFO - DAG(s) 'first' retrieved from /opt/airflow/dags/firstproj/first_dag.py
[2026-03-14T20:39:26.768+0000] {logging_mixin.py:190} INFO - [2026-03-14T20:39:26.768+0000] {dag.py:3239} INFO - Sync 1 DAGs
[2026-03-14T20:39:26.781+0000] {logging_mixin.py:190} INFO - [2026-03-14T20:39:26.780+0000] {dag.py:4180} INFO - Setting next_dagrun for first to 2026-03-14 04:33:00+00:00, run_after=2026-03-15 04:33:00+00:00
[2026-03-14T20:39:26.788+0000] {processor.py:208} INFO - Processing /opt/airflow/dags/firstproj/first_dag.py took 0.059 seconds
[2026-03-14T20:39:56.977+0000] {processor.py:186} INFO - Started process (PID=98) to work on /opt/airflow/dags/firstproj/first_dag.py
[2026-03-14T20:39:56.978+0000] {processor.py:914} INFO - Processing file /opt/airflow/dags/firstproj/first_dag.py for tasks to queue
[2026-03-14T20:39:56.981+0000] {logging_mixin.py:190} INFO - [2026-03-14T20:39:56.980+0000] {dagbag.py:588} INFO - Filling up the DagBag from /opt/airflow/dags/firstproj/first_dag.py
[2026-03-14T20:39:56.994+0000] {processor.py:925} INFO - DAG(s) 'first' retrieved from /opt/airflow/dags/firstproj/first_dag.py
[2026-03-14T20:39:57.013+0000] {logging_mixin.py:190} INFO - [2026-03-14T20:39:57.012+0000] {dag.py:3239} INFO - Sync 1 DAGs
[2026-03-14T20:39:57.025+0000] {logging_mixin.py:190} INFO - [2026-03-14T20:39:57.025+0000] {dag.py:4180} INFO - Setting next_dagrun for first to 2026-03-14 04:33:00+00:00, run_after=2026-03-15 04:33:00+00:00
[2026-03-14T20:39:57.032+0000] {processor.py:208} INFO - Processing /opt/airflow/dags/firstproj/first_dag.py took 0.063 seconds
[2026-03-14T20:40:27.220+0000] {processor.py:186} INFO - Started process (PID=99) to work on /opt/airflow/dags/firstproj/first_dag.py
[2026-03-14T20:40:27.221+0000] {processor.py:914} INFO - Processing file /opt/airflow/dags/firstproj/first_dag.py for tasks to queue
[2026-03-14T20:40:27.223+0000] {logging_mixin.py:190} INFO - [2026-03-14T20:40:27.223+0000] {dagbag.py:588} INFO - Filling up the DagBag from /opt/airflow/dags/firstproj/first_dag.py
[2026-03-14T20:40:27.232+0000] {processor.py:925} INFO - DAG(s) 'first' retrieved from /opt/airflow/dags/firstproj/first_dag.py
[2026-03-14T20:40:27.249+0000] {logging_mixin.py:190} INFO - [2026-03-14T20:40:27.249+0000] {dag.py:3239} INFO - Sync 1 DAGs
[2026-03-14T20:40:27.259+0000] {logging_mixin.py:190} INFO - [2026-03-14T20:40:27.259+0000] {dag.py:4180} INFO - Setting next_dagrun for first to 2026-03-14 04:33:00+00:00, run_after=2026-03-15 04:33:00+00:00
[2026-03-14T20:40:27.266+0000] {processor.py:208} INFO - Processing /opt/airflow/dags/firstproj/first_dag.py took 0.051 seconds
[2026-03-14T20:40:57.501+0000] {processor.py:186} INFO - Started process (PID=100) to work on /opt/airflow/dags/firstproj/first_dag.py
[2026-03-14T20:40:57.502+0000] {processor.py:914} INFO - Processing file /opt/airflow/dags/firstproj/first_dag.py for tasks to queue
[2026-03-14T20:40:57.505+0000] {logging_mixin.py:190} INFO - [2026-03-14T20:40:57.504+0000] {dagbag.py:588} INFO - Filling up the DagBag from /opt/airflow/dags/firstproj/first_dag.py
[2026-03-14T20:40:57.516+0000] {processor.py:925} INFO - DAG(s) 'first' retrieved from /opt/airflow/dags/firstproj/first_dag.py
[2026-03-14T20:40:57.538+0000] {logging_mixin.py:190} INFO - [2026-03-14T20:40:57.538+0000] {dag.py:3239} INFO - Sync 1 DAGs
[2026-03-14T20:40:57.553+0000] {logging_mixin.py:190} INFO - [2026-03-14T20:40:57.553+0000] {dag.py:4180} INFO - Setting next_dagrun for first to 2026-03-14 04:33:00+00:00, run_after=2026-03-15 04:33:00+00:00
[2026-03-14T20:40:57.561+0000] {processor.py:208} INFO - Processing /opt/airflow/dags/firstproj/first_dag.py took 0.067 seconds
[2026-03-14T20:41:27.828+0000] {processor.py:186} INFO - Started process (PID=101) to work on /opt/airflow/dags/firstproj/first_dag.py
[2026-03-14T20:41:27.828+0000] {processor.py:914} INFO - Processing file /opt/airflow/dags/firstproj/first_dag.py for tasks to queue
[2026-03-14T20:41:27.831+0000] {logging_mixin.py:190} INFO - [2026-03-14T20:41:27.831+0000] {dagbag.py:588} INFO - Filling up the DagBag from /opt/airflow/dags/firstproj/first_dag.py
[2026-03-14T20:41:27.842+0000] {processor.py:925} INFO - DAG(s) 'first' retrieved from /opt/airflow/dags/firstproj/first_dag.py
[2026-03-14T20:41:27.871+0000] {logging_mixin.py:190} INFO - [2026-03-14T20:41:27.871+0000] {dag.py:3239} INFO - Sync 1 DAGs
[2026-03-14T20:41:27.884+0000] {logging_mixin.py:190} INFO - [2026-03-14T20:41:27.884+0000] {dag.py:4180} INFO - Setting next_dagrun for first to 2026-03-14 04:33:00+00:00, run_after=2026-03-15 04:33:00+00:00
[2026-03-14T20:41:27.892+0000] {processor.py:208} INFO - Processing /opt/airflow/dags/firstproj/first_dag.py took 0.070 seconds
[2026-03-14T20:41:58.098+0000] {processor.py:186} INFO - Started process (PID=102) to work on /opt/airflow/dags/firstproj/first_dag.py
[2026-03-14T20:41:58.099+0000] {processor.py:914} INFO - Processing file /opt/airflow/dags/firstproj/first_dag.py for tasks to queue
[2026-03-14T20:41:58.102+0000] {logging_mixin.py:190} INFO - [2026-03-14T20:41:58.101+0000] {dagbag.py:588} INFO - Filling up the DagBag from /opt/airflow/dags/firstproj/first_dag.py
[2026-03-14T20:41:58.113+0000] {processor.py:925} INFO - DAG(s) 'first' retrieved from /opt/airflow/dags/firstproj/first_dag.py
[2026-03-14T20:41:58.132+0000] {logging_mixin.py:190} INFO - [2026-03-14T20:41:58.132+0000] {dag.py:3239} INFO - Sync 1 DAGs
[2026-03-14T20:41:58.146+0000] {logging_mixin.py:190} INFO - [2026-03-14T20:41:58.146+0000] {dag.py:4180} INFO - Setting next_dagrun for first to 2026-03-14 04:33:00+00:00, run_after=2026-03-15 04:33:00+00:00
[2026-03-14T20:41:58.153+0000] {processor.py:208} INFO - Processing /opt/airflow/dags/firstproj/first_dag.py took 0.063 seconds
[2026-03-14T20:42:28.360+0000] {processor.py:186} INFO - Started process (PID=103) to work on /opt/airflow/dags/firstproj/first_dag.py
[2026-03-14T20:42:28.361+0000] {processor.py:914} INFO - Processing file /opt/airflow/dags/firstproj/first_dag.py for tasks to queue
[2026-03-14T20:42:28.363+0000] {logging_mixin.py:190} INFO - [2026-03-14T20:42:28.363+0000] {dagbag.py:588} INFO - Filling up the DagBag from /opt/airflow/dags/firstproj/first_dag.py
[2026-03-14T20:42:28.373+0000] {processor.py:925} INFO - DAG(s) 'first' retrieved from /opt/airflow/dags/firstproj/first_dag.py
[2026-03-14T20:42:28.390+0000] {logging_mixin.py:190} INFO - [2026-03-14T20:42:28.389+0000] {dag.py:3239} INFO - Sync 1 DAGs
[2026-03-14T20:42:28.402+0000] {logging_mixin.py:190} INFO - [2026-03-14T20:42:28.402+0000] {dag.py:4180} INFO - Setting next_dagrun for first to 2026-03-14 04:33:00+00:00, run_after=2026-03-15 04:33:00+00:00
[2026-03-14T20:42:28.410+0000] {processor.py:208} INFO - Processing /opt/airflow/dags/firstproj/first_dag.py took 0.055 seconds
[2026-03-14T20:42:58.652+0000] {processor.py:186} INFO - Started process (PID=104) to work on /opt/airflow/dags/firstproj/first_dag.py
[2026-03-14T20:42:58.652+0000] {processor.py:914} INFO - Processing file /opt/airflow/dags/firstproj/first_dag.py for tasks to queue
[2026-03-14T20:42:58.655+0000] {logging_mixin.py:190} INFO - [2026-03-14T20:42:58.655+0000] {dagbag.py:588} INFO - Filling up the DagBag from /opt/airflow/dags/firstproj/first_dag.py
[2026-03-14T20:42:58.668+0000] {processor.py:925} INFO - DAG(s) 'first' retrieved from /opt/airflow/dags/firstproj/first_dag.py
[2026-03-14T20:42:58.691+0000] {logging_mixin.py:190} INFO - [2026-03-14T20:42:58.691+0000] {dag.py:3239} INFO - Sync 1 DAGs
[2026-03-14T20:42:58.706+0000] {logging_mixin.py:190} INFO - [2026-03-14T20:42:58.706+0000] {dag.py:4180} INFO - Setting next_dagrun for first to 2026-03-14 04:33:00+00:00, run_after=2026-03-15 04:33:00+00:00
[2026-03-14T20:42:58.716+0000] {processor.py:208} INFO - Processing /opt/airflow/dags/firstproj/first_dag.py took 0.073 seconds
[2026-03-14T20:43:28.970+0000] {processor.py:186} INFO - Started process (PID=105) to work on /opt/airflow/dags/firstproj/first_dag.py
[2026-03-14T20:43:28.971+0000] {processor.py:914} INFO - Processing file /opt/airflow/dags/firstproj/first_dag.py for tasks to queue
[2026-03-14T20:43:28.973+0000] {logging_mixin.py:190} INFO - [2026-03-14T20:43:28.973+0000] {dagbag.py:588} INFO - Filling up the DagBag from /opt/airflow/dags/firstproj/first_dag.py
[2026-03-14T20:43:28.984+0000] {processor.py:925} INFO - DAG(s) 'first' retrieved from /opt/airflow/dags/firstproj/first_dag.py
[2026-03-14T20:43:29.033+0000] {logging_mixin.py:190} INFO - [2026-03-14T20:43:29.032+0000] {dag.py:3239} INFO - Sync 1 DAGs
[2026-03-14T20:43:29.050+0000] {logging_mixin.py:190} INFO - [2026-03-14T20:43:29.050+0000] {dag.py:4180} INFO - Setting next_dagrun for first to 2026-03-14 04:33:00+00:00, run_after=2026-03-15 04:33:00+00:00
[2026-03-14T20:43:29.060+0000] {processor.py:208} INFO - Processing /opt/airflow/dags/firstproj/first_dag.py took 0.098 seconds
[2026-03-14T20:43:59.242+0000] {processor.py:186} INFO - Started process (PID=106) to work on /opt/airflow/dags/firstproj/first_dag.py
[2026-03-14T20:43:59.243+0000] {processor.py:914} INFO - Processing file /opt/airflow/dags/firstproj/first_dag.py for tasks to queue
[2026-03-14T20:43:59.246+0000] {logging_mixin.py:190} INFO - [2026-03-14T20:43:59.245+0000] {dagbag.py:588} INFO - Filling up the DagBag from /opt/airflow/dags/firstproj/first_dag.py
[2026-03-14T20:43:59.258+0000] {processor.py:925} INFO - DAG(s) 'first' retrieved from /opt/airflow/dags/firstproj/first_dag.py
[2026-03-14T20:43:59.281+0000] {logging_mixin.py:190} INFO - [2026-03-14T20:43:59.281+0000] {dag.py:3239} INFO - Sync 1 DAGs
[2026-03-14T20:43:59.309+0000] {logging_mixin.py:190} INFO - [2026-03-14T20:43:59.309+0000] {dag.py:4180} INFO - Setting next_dagrun for first to 2026-03-14 04:33:00+00:00, run_after=2026-03-15 04:33:00+00:00
[2026-03-14T20:43:59.316+0000] {processor.py:208} INFO - Processing /opt/airflow/dags/firstproj/first_dag.py took 0.080 seconds
[2026-03-14T20:44:29.539+0000] {processor.py:186} INFO - Started process (PID=107) to work on /opt/airflow/dags/firstproj/first_dag.py
[2026-03-14T20:44:29.540+0000] {processor.py:914} INFO - Processing file /opt/airflow/dags/firstproj/first_dag.py for tasks to queue
[2026-03-14T20:44:29.543+0000] {logging_mixin.py:190} INFO - [2026-03-14T20:44:29.543+0000] {dagbag.py:588} INFO - Filling up the DagBag from /opt/airflow/dags/firstproj/first_dag.py
[2026-03-14T20:44:29.559+0000] {processor.py:925} INFO - DAG(s) 'first' retrieved from /opt/airflow/dags/firstproj/first_dag.py
[2026-03-14T20:44:29.589+0000] {logging_mixin.py:190} INFO - [2026-03-14T20:44:29.589+0000] {dag.py:3239} INFO - Sync 1 DAGs
[2026-03-14T20:44:29.605+0000] {logging_mixin.py:190} INFO - [2026-03-14T20:44:29.604+0000] {dag.py:4180} INFO - Setting next_dagrun for first to 2026-03-14 04:33:00+00:00, run_after=2026-03-15 04:33:00+00:00
[2026-03-14T20:44:29.613+0000] {processor.py:208} INFO - Processing /opt/airflow/dags/firstproj/first_dag.py took 0.083 seconds
[2026-03-14T20:44:59.821+0000] {processor.py:186} INFO - Started process (PID=108) to work on /opt/airflow/dags/firstproj/first_dag.py
[2026-03-14T20:44:59.822+0000] {processor.py:914} INFO - Processing file /opt/airflow/dags/firstproj/first_dag.py for tasks to queue
[2026-03-14T20:44:59.825+0000] {logging_mixin.py:190} INFO - [2026-03-14T20:44:59.825+0000] {dagbag.py:588} INFO - Filling up the DagBag from /opt/airflow/dags/firstproj/first_dag.py
[2026-03-14T20:44:59.840+0000] {processor.py:925} INFO - DAG(s) 'first' retrieved from /opt/airflow/dags/firstproj/first_dag.py
[2026-03-14T20:44:59.861+0000] {logging_mixin.py:190} INFO - [2026-03-14T20:44:59.861+0000] {dag.py:3239} INFO - Sync 1 DAGs
[2026-03-14T20:44:59.873+0000] {logging_mixin.py:190} INFO - [2026-03-14T20:44:59.873+0000] {dag.py:4180} INFO - Setting next_dagrun for first to 2026-03-14 04:33:00+00:00, run_after=2026-03-15 04:33:00+00:00
[2026-03-14T20:44:59.881+0000] {processor.py:208} INFO - Processing /opt/airflow/dags/firstproj/first_dag.py took 0.065 seconds
[2026-03-14T20:45:30.114+0000] {processor.py:186} INFO - Started process (PID=109) to work on /opt/airflow/dags/firstproj/first_dag.py
[2026-03-14T20:45:30.114+0000] {processor.py:914} INFO - Processing file /opt/airflow/dags/firstproj/first_dag.py for tasks to queue
[2026-03-14T20:45:30.118+0000] {logging_mixin.py:190} INFO - [2026-03-14T20:45:30.117+0000] {dagbag.py:588} INFO - Filling up the DagBag from /opt/airflow/dags/firstproj/first_dag.py
[2026-03-14T20:45:30.132+0000] {processor.py:925} INFO - DAG(s) 'first' retrieved from /opt/airflow/dags/firstproj/first_dag.py
[2026-03-14T20:45:30.157+0000] {logging_mixin.py:190} INFO - [2026-03-14T20:45:30.157+0000] {dag.py:3239} INFO - Sync 1 DAGs
[2026-03-14T20:45:30.179+0000] {logging_mixin.py:190} INFO - [2026-03-14T20:45:30.179+0000] {dag.py:4180} INFO - Setting next_dagrun for first to 2026-03-14 04:33:00+00:00, run_after=2026-03-15 04:33:00+00:00
[2026-03-14T20:45:30.191+0000] {processor.py:208} INFO - Processing /opt/airflow/dags/firstproj/first_dag.py took 0.084 seconds
[2026-03-14T20:46:00.359+0000] {processor.py:186} INFO - Started process (PID=110) to work on /opt/airflow/dags/firstproj/first_dag.py
[2026-03-14T20:46:00.360+0000] {processor.py:914} INFO - Processing file /opt/airflow/dags/firstproj/first_dag.py for tasks to queue
[2026-03-14T20:46:00.364+0000] {logging_mixin.py:190} INFO - [2026-03-14T20:46:00.363+0000] {dagbag.py:588} INFO - Filling up the DagBag from /opt/airflow/dags/firstproj/first_dag.py
[2026-03-14T20:46:00.377+0000] {processor.py:925} INFO - DAG(s) 'first' retrieved from /opt/airflow/dags/firstproj/first_dag.py
[2026-03-14T20:46:00.397+0000] {logging_mixin.py:190} INFO - [2026-03-14T20:46:00.396+0000] {dag.py:3239} INFO - Sync 1 DAGs
[2026-03-14T20:46:00.410+0000] {logging_mixin.py:190} INFO - [2026-03-14T20:46:00.410+0000] {dag.py:4180} INFO - Setting next_dagrun for first to 2026-03-14 04:33:00+00:00, run_after=2026-03-15 04:33:00+00:00
[2026-03-14T20:46:00.418+0000] {processor.py:208} INFO - Processing /opt/airflow/dags/firstproj/first_dag.py took 0.065 seconds
[2026-03-14T20:46:30.661+0000] {processor.py:186} INFO - Started process (PID=111) to work on /opt/airflow/dags/firstproj/first_dag.py
[2026-03-14T20:46:30.662+0000] {processor.py:914} INFO - Processing file /opt/airflow/dags/firstproj/first_dag.py for tasks to queue
[2026-03-14T20:46:30.664+0000] {logging_mixin.py:190} INFO - [2026-03-14T20:46:30.664+0000] {dagbag.py:588} INFO - Filling up the DagBag from /opt/airflow/dags/firstproj/first_dag.py
[2026-03-14T20:46:30.674+0000] {processor.py:925} INFO - DAG(s) 'first' retrieved from /opt/airflow/dags/firstproj/first_dag.py
[2026-03-14T20:46:30.693+0000] {logging_mixin.py:190} INFO - [2026-03-14T20:46:30.693+0000] {dag.py:3239} INFO - Sync 1 DAGs
[2026-03-14T20:46:30.709+0000] {logging_mixin.py:190} INFO - [2026-03-14T20:46:30.708+0000] {dag.py:4180} INFO - Setting next_dagrun for first to 2026-03-14 04:33:00+00:00, run_after=2026-03-15 04:33:00+00:00
[2026-03-14T20:46:30.718+0000] {processor.py:208} INFO - Processing /opt/airflow/dags/firstproj/first_dag.py took 0.063 seconds
[2026-03-14T20:47:00.932+0000] {processor.py:186} INFO - Started process (PID=112) to work on /opt/airflow/dags/firstproj/first_dag.py
[2026-03-14T20:47:00.933+0000] {processor.py:914} INFO - Processing file /opt/airflow/dags/firstproj/first_dag.py for tasks to queue
[2026-03-14T20:47:00.936+0000] {logging_mixin.py:190} INFO - [2026-03-14T20:47:00.936+0000] {dagbag.py:588} INFO - Filling up the DagBag from /opt/airflow/dags/firstproj/first_dag.py
[2026-03-14T20:47:00.948+0000] {processor.py:925} INFO - DAG(s) 'first' retrieved from /opt/airflow/dags/firstproj/first_dag.py
[2026-03-14T20:47:00.968+0000] {logging_mixin.py:190} INFO - [2026-03-14T20:47:00.968+0000] {dag.py:3239} INFO - Sync 1 DAGs
[2026-03-14T20:47:00.982+0000] {logging_mixin.py:190} INFO - [2026-03-14T20:47:00.982+0000] {dag.py:4180} INFO - Setting next_dagrun for first to 2026-03-14 04:33:00+00:00, run_after=2026-03-15 04:33:00+00:00
[2026-03-14T20:47:00.990+0000] {processor.py:208} INFO - Processing /opt/airflow/dags/firstproj/first_dag.py took 0.067 seconds
[2026-03-14T20:47:31.180+0000] {processor.py:186} INFO - Started process (PID=113) to work on /opt/airflow/dags/firstproj/first_dag.py
[2026-03-14T20:47:31.181+0000] {processor.py:914} INFO - Processing file /opt/airflow/dags/firstproj/first_dag.py for tasks to queue
[2026-03-14T20:47:31.183+0000] {logging_mixin.py:190} INFO - [2026-03-14T20:47:31.183+0000] {dagbag.py:588} INFO - Filling up the DagBag from /opt/airflow/dags/firstproj/first_dag.py
[2026-03-14T20:47:31.196+0000] {processor.py:925} INFO - DAG(s) 'first' retrieved from /opt/airflow/dags/firstproj/first_dag.py
[2026-03-14T20:47:31.220+0000] {logging_mixin.py:190} INFO - [2026-03-14T20:47:31.220+0000] {dag.py:3239} INFO - Sync 1 DAGs
[2026-03-14T20:47:31.234+0000] {logging_mixin.py:190} INFO - [2026-03-14T20:47:31.234+0000] {dag.py:4180} INFO - Setting next_dagrun for first to 2026-03-14 04:33:00+00:00, run_after=2026-03-15 04:33:00+00:00
[2026-03-14T20:47:31.242+0000] {processor.py:208} INFO - Processing /opt/airflow/dags/firstproj/first_dag.py took 0.074 seconds
[2026-03-14T20:48:01.421+0000] {processor.py:186} INFO - Started process (PID=114) to work on /opt/airflow/dags/firstproj/first_dag.py
[2026-03-14T20:48:01.422+0000] {processor.py:914} INFO - Processing file /opt/airflow/dags/firstproj/first_dag.py for tasks to queue
[2026-03-14T20:48:01.424+0000] {logging_mixin.py:190} INFO - [2026-03-14T20:48:01.424+0000] {dagbag.py:588} INFO - Filling up the DagBag from /opt/airflow/dags/firstproj/first_dag.py
[2026-03-14T20:48:01.436+0000] {processor.py:925} INFO - DAG(s) 'first' retrieved from /opt/airflow/dags/firstproj/first_dag.py
[2026-03-14T20:48:01.457+0000] {logging_mixin.py:190} INFO - [2026-03-14T20:48:01.457+0000] {dag.py:3239} INFO - Sync 1 DAGs
[2026-03-14T20:48:01.471+0000] {logging_mixin.py:190} INFO - [2026-03-14T20:48:01.471+0000] {dag.py:4180} INFO - Setting next_dagrun for first to 2026-03-14 04:33:00+00:00, run_after=2026-03-15 04:33:00+00:00
[2026-03-14T20:48:01.480+0000] {processor.py:208} INFO - Processing /opt/airflow/dags/firstproj/first_dag.py took 0.065 seconds
[2026-03-14T20:48:31.661+0000] {processor.py:186} INFO - Started process (PID=115) to work on /opt/airflow/dags/firstproj/first_dag.py
[2026-03-14T20:48:31.661+0000] {processor.py:914} INFO - Processing file /opt/airflow/dags/firstproj/first_dag.py for tasks to queue
[2026-03-14T20:48:31.663+0000] {logging_mixin.py:190} INFO - [2026-03-14T20:48:31.663+0000] {dagbag.py:588} INFO - Filling up the DagBag from /opt/airflow/dags/firstproj/first_dag.py
[2026-03-14T20:48:31.672+0000] {processor.py:925} INFO - DAG(s) 'first' retrieved from /opt/airflow/dags/firstproj/first_dag.py
[2026-03-14T20:48:31.689+0000] {logging_mixin.py:190} INFO - [2026-03-14T20:48:31.689+0000] {dag.py:3239} INFO - Sync 1 DAGs
[2026-03-14T20:48:31.701+0000] {logging_mixin.py:190} INFO - [2026-03-14T20:48:31.701+0000] {dag.py:4180} INFO - Setting next_dagrun for first to 2026-03-14 04:33:00+00:00, run_after=2026-03-15 04:33:00+00:00
[2026-03-14T20:48:31.708+0000] {processor.py:208} INFO - Processing /opt/airflow/dags/firstproj/first_dag.py took 0.054 seconds
[2026-03-14T20:49:01.929+0000] {processor.py:186} INFO - Started process (PID=116) to work on /opt/airflow/dags/firstproj/first_dag.py
[2026-03-14T20:49:01.930+0000] {processor.py:914} INFO - Processing file /opt/airflow/dags/firstproj/first_dag.py for tasks to queue
[2026-03-14T20:49:01.933+0000] {logging_mixin.py:190} INFO - [2026-03-14T20:49:01.932+0000] {dagbag.py:588} INFO - Filling up the DagBag from /opt/airflow/dags/firstproj/first_dag.py
[2026-03-14T20:49:01.945+0000] {processor.py:925} INFO - DAG(s) 'first' retrieved from /opt/airflow/dags/firstproj/first_dag.py
[2026-03-14T20:49:01.966+0000] {logging_mixin.py:190} INFO - [2026-03-14T20:49:01.966+0000] {dag.py:3239} INFO - Sync 1 DAGs
[2026-03-14T20:49:01.980+0000] {logging_mixin.py:190} INFO - [2026-03-14T20:49:01.980+0000] {dag.py:4180} INFO - Setting next_dagrun for first to 2026-03-14 04:33:00+00:00, run_after=2026-03-15 04:33:00+00:00
[2026-03-14T20:49:01.988+0000] {processor.py:208} INFO - Processing /opt/airflow/dags/firstproj/first_dag.py took 0.067 seconds
[2026-03-14T20:49:32.167+0000] {processor.py:186} INFO - Started process (PID=117) to work on /opt/airflow/dags/firstproj/first_dag.py
[2026-03-14T20:49:32.168+0000] {processor.py:914} INFO - Processing file /opt/airflow/dags/firstproj/first_dag.py for tasks to queue
[2026-03-14T20:49:32.169+0000] {logging_mixin.py:190} INFO - [2026-03-14T20:49:32.169+0000] {dagbag.py:588} INFO - Filling up the DagBag from /opt/airflow/dags/firstproj/first_dag.py
[2026-03-14T20:49:32.177+0000] {processor.py:925} INFO - DAG(s) 'first' retrieved from /opt/airflow/dags/firstproj/first_dag.py
[2026-03-14T20:49:32.193+0000] {logging_mixin.py:190} INFO - [2026-03-14T20:49:32.193+0000] {dag.py:3239} INFO - Sync 1 DAGs
[2026-03-14T20:49:32.205+0000] {logging_mixin.py:190} INFO - [2026-03-14T20:49:32.205+0000] {dag.py:4180} INFO - Setting next_dagrun for first to 2026-03-14 04:33:00+00:00, run_after=2026-03-15 04:33:00+00:00
[2026-03-14T20:49:32.212+0000] {processor.py:208} INFO - Processing /opt/airflow/dags/firstproj/first_dag.py took 0.049 seconds
[2026-03-14T20:50:02.398+0000] {processor.py:186} INFO - Started process (PID=118) to work on /opt/airflow/dags/firstproj/first_dag.py
[2026-03-14T20:50:02.399+0000] {processor.py:914} INFO - Processing file /opt/airflow/dags/firstproj/first_dag.py for tasks to queue
[2026-03-14T20:50:02.401+0000] {logging_mixin.py:190} INFO - [2026-03-14T20:50:02.401+0000] {dagbag.py:588} INFO - Filling up the DagBag from /opt/airflow/dags/firstproj/first_dag.py
[2026-03-14T20:50:02.411+0000] {processor.py:925} INFO - DAG(s) 'first' retrieved from /opt/airflow/dags/firstproj/first_dag.py
[2026-03-14T20:50:02.432+0000] {logging_mixin.py:190} INFO - [2026-03-14T20:50:02.432+0000] {dag.py:3239} INFO - Sync 1 DAGs
[2026-03-14T20:50:02.448+0000] {logging_mixin.py:190} INFO - [2026-03-14T20:50:02.448+0000] {dag.py:4180} INFO - Setting next_dagrun for first to 2026-03-14 04:33:00+00:00, run_after=2026-03-15 04:33:00+00:00
[2026-03-14T20:50:02.458+0000] {processor.py:208} INFO - Processing /opt/airflow/dags/firstproj/first_dag.py took 0.066 seconds
[2026-03-14T20:50:32.621+0000] {processor.py:186} INFO - Started process (PID=119) to work on /opt/airflow/dags/firstproj/first_dag.py
[2026-03-14T20:50:32.622+0000] {processor.py:914} INFO - Processing file /opt/airflow/dags/firstproj/first_dag.py for tasks to queue
[2026-03-14T20:50:32.625+0000] {logging_mixin.py:190} INFO - [2026-03-14T20:50:32.624+0000] {dagbag.py:588} INFO - Filling up the DagBag from /opt/airflow/dags/firstproj/first_dag.py
[2026-03-14T20:50:32.634+0000] {processor.py:925} INFO - DAG(s) 'first' retrieved from /opt/airflow/dags/firstproj/first_dag.py
[2026-03-14T20:50:32.650+0000] {logging_mixin.py:190} INFO - [2026-03-14T20:50:32.650+0000] {dag.py:3239} INFO - Sync 1 DAGs
[2026-03-14T20:50:32.660+0000] {logging_mixin.py:190} INFO - [2026-03-14T20:50:32.660+0000] {dag.py:4180} INFO - Setting next_dagrun for first to 2026-03-14 04:33:00+00:00, run_after=2026-03-15 04:33:00+00:00
[2026-03-14T20:50:32.667+0000] {processor.py:208} INFO - Processing /opt/airflow/dags/firstproj/first_dag.py took 0.052 seconds
[2026-03-14T20:51:02.914+0000] {processor.py:186} INFO - Started process (PID=120) to work on /opt/airflow/dags/firstproj/first_dag.py
[2026-03-14T20:51:02.914+0000] {processor.py:914} INFO - Processing file /opt/airflow/dags/firstproj/first_dag.py for tasks to queue
[2026-03-14T20:51:02.916+0000] {logging_mixin.py:190} INFO - [2026-03-14T20:51:02.916+0000] {dagbag.py:588} INFO - Filling up the DagBag from /opt/airflow/dags/firstproj/first_dag.py
[2026-03-14T20:51:02.925+0000] {processor.py:925} INFO - DAG(s) 'first' retrieved from /opt/airflow/dags/firstproj/first_dag.py
[2026-03-14T20:51:02.942+0000] {logging_mixin.py:190} INFO - [2026-03-14T20:51:02.941+0000] {dag.py:3239} INFO - Sync 1 DAGs
[2026-03-14T20:51:02.954+0000] {logging_mixin.py:190} INFO - [2026-03-14T20:51:02.954+0000] {dag.py:4180} INFO - Setting next_dagrun for first to 2026-03-14 04:33:00+00:00, run_after=2026-03-15 04:33:00+00:00
[2026-03-14T20:51:02.962+0000] {processor.py:208} INFO - Processing /opt/airflow/dags/firstproj/first_dag.py took 0.053 seconds
[2026-03-14T20:51:33.249+0000] {processor.py:186} INFO - Started process (PID=121) to work on /opt/airflow/dags/firstproj/first_dag.py
[2026-03-14T20:51:33.250+0000] {processor.py:914} INFO - Processing file /opt/airflow/dags/firstproj/first_dag.py for tasks to queue
[2026-03-14T20:51:33.254+0000] {logging_mixin.py:190} INFO - [2026-03-14T20:51:33.254+0000] {dagbag.py:588} INFO - Filling up the DagBag from /opt/airflow/dags/firstproj/first_dag.py
[2026-03-14T20:51:33.270+0000] {processor.py:925} INFO - DAG(s) 'first' retrieved from /opt/airflow/dags/firstproj/first_dag.py
[2026-03-14T20:51:33.296+0000] {logging_mixin.py:190} INFO - [2026-03-14T20:51:33.296+0000] {dag.py:3239} INFO - Sync 1 DAGs
[2026-03-14T20:51:33.314+0000] {logging_mixin.py:190} INFO - [2026-03-14T20:51:33.314+0000] {dag.py:4180} INFO - Setting next_dagrun for first to 2026-03-14 04:33:00+00:00, run_after=2026-03-15 04:33:00+00:00
[2026-03-14T20:51:33.324+0000] {processor.py:208} INFO - Processing /opt/airflow/dags/firstproj/first_dag.py took 0.086 seconds
[2026-03-14T20:52:03.542+0000] {processor.py:186} INFO - Started process (PID=122) to work on /opt/airflow/dags/firstproj/first_dag.py
[2026-03-14T20:52:03.543+0000] {processor.py:914} INFO - Processing file /opt/airflow/dags/firstproj/first_dag.py for tasks to queue
[2026-03-14T20:52:03.545+0000] {logging_mixin.py:190} INFO - [2026-03-14T20:52:03.544+0000] {dagbag.py:588} INFO - Filling up the DagBag from /opt/airflow/dags/firstproj/first_dag.py
[2026-03-14T20:52:03.554+0000] {processor.py:925} INFO - DAG(s) 'first' retrieved from /opt/airflow/dags/firstproj/first_dag.py
[2026-03-14T20:52:03.572+0000] {logging_mixin.py:190} INFO - [2026-03-14T20:52:03.572+0000] {dag.py:3239} INFO - Sync 1 DAGs
[2026-03-14T20:52:03.583+0000] {logging_mixin.py:190} INFO - [2026-03-14T20:52:03.583+0000] {dag.py:4180} INFO - Setting next_dagrun for first to 2026-03-14 04:33:00+00:00, run_after=2026-03-15 04:33:00+00:00
[2026-03-14T20:52:03.591+0000] {processor.py:208} INFO - Processing /opt/airflow/dags/firstproj/first_dag.py took 0.058 seconds
[2026-03-14T20:52:33.836+0000] {processor.py:186} INFO - Started process (PID=123) to work on /opt/airflow/dags/firstproj/first_dag.py
[2026-03-14T20:52:33.837+0000] {processor.py:914} INFO - Processing file /opt/airflow/dags/firstproj/first_dag.py for tasks to queue
[2026-03-14T20:52:33.840+0000] {logging_mixin.py:190} INFO - [2026-03-14T20:52:33.839+0000] {dagbag.py:588} INFO - Filling up the DagBag from /opt/airflow/dags/firstproj/first_dag.py
[2026-03-14T20:52:33.854+0000] {processor.py:925} INFO - DAG(s) 'first' retrieved from /opt/airflow/dags/firstproj/first_dag.py
[2026-03-14T20:52:33.874+0000] {logging_mixin.py:190} INFO - [2026-03-14T20:52:33.874+0000] {dag.py:3239} INFO - Sync 1 DAGs
[2026-03-14T20:52:33.887+0000] {logging_mixin.py:190} INFO - [2026-03-14T20:52:33.887+0000] {dag.py:4180} INFO - Setting next_dagrun for first to 2026-03-14 04:33:00+00:00, run_after=2026-03-15 04:33:00+00:00
[2026-03-14T20:52:33.895+0000] {processor.py:208} INFO - Processing /opt/airflow/dags/firstproj/first_dag.py took 0.068 seconds
[2026-03-14T20:53:04.094+0000] {processor.py:186} INFO - Started process (PID=124) to work on /opt/airflow/dags/firstproj/first_dag.py
[2026-03-14T20:53:04.095+0000] {processor.py:914} INFO - Processing file /opt/airflow/dags/firstproj/first_dag.py for tasks to queue
[2026-03-14T20:53:04.096+0000] {logging_mixin.py:190} INFO - [2026-03-14T20:53:04.096+0000] {dagbag.py:588} INFO - Filling up the DagBag from /opt/airflow/dags/firstproj/first_dag.py
[2026-03-14T20:53:04.102+0000] {processor.py:925} INFO - DAG(s) 'first' retrieved from /opt/airflow/dags/firstproj/first_dag.py
[2026-03-14T20:53:04.119+0000] {logging_mixin.py:190} INFO - [2026-03-14T20:53:04.119+0000] {dag.py:3239} INFO - Sync 1 DAGs
[2026-03-14T20:53:04.134+0000] {logging_mixin.py:190} INFO - [2026-03-14T20:53:04.133+0000] {dag.py:4180} INFO - Setting next_dagrun for first to 2026-03-14 04:33:00+00:00, run_after=2026-03-15 04:33:00+00:00
[2026-03-14T20:53:04.143+0000] {processor.py:208} INFO - Processing /opt/airflow/dags/firstproj/first_dag.py took 0.053 seconds
[2026-03-14T20:53:34.380+0000] {processor.py:186} INFO - Started process (PID=125) to work on /opt/airflow/dags/firstproj/first_dag.py
[2026-03-14T20:53:34.381+0000] {processor.py:914} INFO - Processing file /opt/airflow/dags/firstproj/first_dag.py for tasks to queue
[2026-03-14T20:53:34.383+0000] {logging_mixin.py:190} INFO - [2026-03-14T20:53:34.383+0000] {dagbag.py:588} INFO - Filling up the DagBag from /opt/airflow/dags/firstproj/first_dag.py
[2026-03-14T20:53:34.394+0000] {processor.py:925} INFO - DAG(s) 'first' retrieved from /opt/airflow/dags/firstproj/first_dag.py
[2026-03-14T20:53:34.415+0000] {logging_mixin.py:190} INFO - [2026-03-14T20:53:34.415+0000] {dag.py:3239} INFO - Sync 1 DAGs
[2026-03-14T20:53:34.429+0000] {logging_mixin.py:190} INFO - [2026-03-14T20:53:34.429+0000] {dag.py:4180} INFO - Setting next_dagrun for first to 2026-03-14 04:33:00+00:00, run_after=2026-03-15 04:33:00+00:00
[2026-03-14T20:53:34.439+0000] {processor.py:208} INFO - Processing /opt/airflow/dags/firstproj/first_dag.py took 0.065 seconds
[2026-03-14T20:54:04.655+0000] {processor.py:186} INFO - Started process (PID=126) to work on /opt/airflow/dags/firstproj/first_dag.py
[2026-03-14T20:54:04.656+0000] {processor.py:914} INFO - Processing file /opt/airflow/dags/firstproj/first_dag.py for tasks to queue
[2026-03-14T20:54:04.658+0000] {logging_mixin.py:190} INFO - [2026-03-14T20:54:04.658+0000] {dagbag.py:588} INFO - Filling up the DagBag from /opt/airflow/dags/firstproj/first_dag.py
[2026-03-14T20:54:04.669+0000] {processor.py:925} INFO - DAG(s) 'first' retrieved from /opt/airflow/dags/firstproj/first_dag.py
[2026-03-14T20:54:04.689+0000] {logging_mixin.py:190} INFO - [2026-03-14T20:54:04.689+0000] {dag.py:3239} INFO - Sync 1 DAGs
[2026-03-14T20:54:04.702+0000] {logging_mixin.py:190} INFO - [2026-03-14T20:54:04.702+0000] {dag.py:4180} INFO - Setting next_dagrun for first to 2026-03-14 04:33:00+00:00, run_after=2026-03-15 04:33:00+00:00
[2026-03-14T20:54:04.710+0000] {processor.py:208} INFO - Processing /opt/airflow/dags/firstproj/first_dag.py took 0.062 seconds
[2026-03-14T20:54:34.969+0000] {processor.py:186} INFO - Started process (PID=127) to work on /opt/airflow/dags/firstproj/first_dag.py
[2026-03-14T20:54:34.970+0000] {processor.py:914} INFO - Processing file /opt/airflow/dags/firstproj/first_dag.py for tasks to queue
[2026-03-14T20:54:34.972+0000] {logging_mixin.py:190} INFO - [2026-03-14T20:54:34.972+0000] {dagbag.py:588} INFO - Filling up the DagBag from /opt/airflow/dags/firstproj/first_dag.py
[2026-03-14T20:54:34.982+0000] {processor.py:925} INFO - DAG(s) 'first' retrieved from /opt/airflow/dags/firstproj/first_dag.py
[2026-03-14T20:54:35.000+0000] {logging_mixin.py:190} INFO - [2026-03-14T20:54:35.000+0000] {dag.py:3239} INFO - Sync 1 DAGs
[2026-03-14T20:54:35.014+0000] {logging_mixin.py:190} INFO - [2026-03-14T20:54:35.014+0000] {dag.py:4180} INFO - Setting next_dagrun for first to 2026-03-14 04:33:00+00:00, run_after=2026-03-15 04:33:00+00:00
[2026-03-14T20:54:35.022+0000] {processor.py:208} INFO - Processing /opt/airflow/dags/firstproj/first_dag.py took 0.060 seconds
[2026-03-14T20:55:05.489+0000] {processor.py:186} INFO - Started process (PID=128) to work on /opt/airflow/dags/firstproj/first_dag.py
[2026-03-14T20:55:05.490+0000] {processor.py:914} INFO - Processing file /opt/airflow/dags/firstproj/first_dag.py for tasks to queue
[2026-03-14T20:55:05.493+0000] {logging_mixin.py:190} INFO - [2026-03-14T20:55:05.493+0000] {dagbag.py:588} INFO - Filling up the DagBag from /opt/airflow/dags/firstproj/first_dag.py
[2026-03-14T20:55:05.508+0000] {processor.py:925} INFO - DAG(s) 'first' retrieved from /opt/airflow/dags/firstproj/first_dag.py
[2026-03-14T20:55:05.541+0000] {logging_mixin.py:190} INFO - [2026-03-14T20:55:05.540+0000] {dag.py:3239} INFO - Sync 1 DAGs
[2026-03-14T20:55:05.570+0000] {logging_mixin.py:190} INFO - [2026-03-14T20:55:05.569+0000] {dag.py:4180} INFO - Setting next_dagrun for first to 2026-03-14 04:33:00+00:00, run_after=2026-03-15 04:33:00+00:00
[2026-03-14T20:55:05.580+0000] {processor.py:208} INFO - Processing /opt/airflow/dags/firstproj/first_dag.py took 0.117 seconds
[2026-03-14T21:12:09.759+0000] {processor.py:186} INFO - Started process (PID=129) to work on /opt/airflow/dags/firstproj/first_dag.py
[2026-03-14T21:12:09.760+0000] {processor.py:914} INFO - Processing file /opt/airflow/dags/firstproj/first_dag.py for tasks to queue
[2026-03-14T21:12:09.762+0000] {logging_mixin.py:190} INFO - [2026-03-14T21:12:09.762+0000] {dagbag.py:588} INFO - Filling up the DagBag from /opt/airflow/dags/firstproj/first_dag.py
[2026-03-14T21:12:09.770+0000] {processor.py:925} INFO - DAG(s) 'first' retrieved from /opt/airflow/dags/firstproj/first_dag.py
[2026-03-14T21:12:09.784+0000] {logging_mixin.py:190} INFO - [2026-03-14T21:12:09.784+0000] {dag.py:3239} INFO - Sync 1 DAGs
[2026-03-14T21:12:09.794+0000] {logging_mixin.py:190} INFO - [2026-03-14T21:12:09.794+0000] {dag.py:4180} INFO - Setting next_dagrun for first to 2026-03-14 04:33:00+00:00, run_after=2026-03-15 04:33:00+00:00
[2026-03-14T21:12:09.801+0000] {processor.py:208} INFO - Processing /opt/airflow/dags/firstproj/first_dag.py took 0.046 seconds
[2026-03-14T22:02:11.169+0000] {processor.py:186} INFO - Started process (PID=130) to work on /opt/airflow/dags/firstproj/first_dag.py
[2026-03-14T22:02:11.171+0000] {processor.py:914} INFO - Processing file /opt/airflow/dags/firstproj/first_dag.py for tasks to queue
[2026-03-14T22:02:11.175+0000] {logging_mixin.py:190} INFO - [2026-03-14T22:02:11.174+0000] {dagbag.py:588} INFO - Filling up the DagBag from /opt/airflow/dags/firstproj/first_dag.py
[2026-03-14T22:02:11.189+0000] {processor.py:925} INFO - DAG(s) 'first' retrieved from /opt/airflow/dags/firstproj/first_dag.py
[2026-03-14T22:02:11.211+0000] {logging_mixin.py:190} INFO - [2026-03-14T22:02:11.211+0000] {dag.py:3239} INFO - Sync 1 DAGs
[2026-03-14T22:02:11.226+0000] {logging_mixin.py:190} INFO - [2026-03-14T22:02:11.226+0000] {dag.py:4180} INFO - Setting next_dagrun for first to 2026-03-14 04:33:00+00:00, run_after=2026-03-15 04:33:00+00:00
[2026-03-14T22:02:11.235+0000] {processor.py:208} INFO - Processing /opt/airflow/dags/firstproj/first_dag.py took 0.075 seconds
[2026-03-14T22:55:59.204+0000] {processor.py:186} INFO - Started process (PID=131) to work on /opt/airflow/dags/firstproj/first_dag.py
[2026-03-14T22:55:59.204+0000] {processor.py:914} INFO - Processing file /opt/airflow/dags/firstproj/first_dag.py for tasks to queue
[2026-03-14T22:55:59.205+0000] {logging_mixin.py:190} INFO - [2026-03-14T22:55:59.205+0000] {dagbag.py:588} INFO - Filling up the DagBag from /opt/airflow/dags/firstproj/first_dag.py
[2026-03-14T22:55:59.212+0000] {processor.py:925} INFO - DAG(s) 'first' retrieved from /opt/airflow/dags/firstproj/first_dag.py
[2026-03-14T22:55:59.224+0000] {logging_mixin.py:190} INFO - [2026-03-14T22:55:59.224+0000] {dag.py:3239} INFO - Sync 1 DAGs
[2026-03-14T22:55:59.233+0000] {logging_mixin.py:190} INFO - [2026-03-14T22:55:59.233+0000] {dag.py:4180} INFO - Setting next_dagrun for first to 2026-03-14 04:33:00+00:00, run_after=2026-03-15 04:33:00+00:00
[2026-03-14T22:55:59.239+0000] {processor.py:208} INFO - Processing /opt/airflow/dags/firstproj/first_dag.py took 0.041 seconds
[2026-03-14T23:29:36.163+0000] {processor.py:186} INFO - Started process (PID=132) to work on /opt/airflow/dags/firstproj/first_dag.py
[2026-03-14T23:29:36.163+0000] {processor.py:914} INFO - Processing file /opt/airflow/dags/firstproj/first_dag.py for tasks to queue
[2026-03-14T23:29:36.165+0000] {logging_mixin.py:190} INFO - [2026-03-14T23:29:36.165+0000] {dagbag.py:588} INFO - Filling up the DagBag from /opt/airflow/dags/firstproj/first_dag.py
[2026-03-14T23:29:36.172+0000] {processor.py:925} INFO - DAG(s) 'first' retrieved from /opt/airflow/dags/firstproj/first_dag.py
[2026-03-14T23:29:36.185+0000] {logging_mixin.py:190} INFO - [2026-03-14T23:29:36.185+0000] {dag.py:3239} INFO - Sync 1 DAGs
[2026-03-14T23:29:36.196+0000] {logging_mixin.py:190} INFO - [2026-03-14T23:29:36.196+0000] {dag.py:4180} INFO - Setting next_dagrun for first to 2026-03-14 04:33:00+00:00, run_after=2026-03-15 04:33:00+00:00
[2026-03-14T23:29:36.203+0000] {processor.py:208} INFO - Processing /opt/airflow/dags/firstproj/first_dag.py took 0.044 seconds
[2026-03-14T23:46:53.149+0000] {processor.py:186} INFO - Started process (PID=133) to work on /opt/airflow/dags/firstproj/first_dag.py
[2026-03-14T23:46:53.150+0000] {processor.py:914} INFO - Processing file /opt/airflow/dags/firstproj/first_dag.py for tasks to queue
[2026-03-14T23:46:53.152+0000] {logging_mixin.py:190} INFO - [2026-03-14T23:46:53.152+0000] {dagbag.py:588} INFO - Filling up the DagBag from /opt/airflow/dags/firstproj/first_dag.py
[2026-03-14T23:46:53.162+0000] {processor.py:925} INFO - DAG(s) 'first' retrieved from /opt/airflow/dags/firstproj/first_dag.py
[2026-03-14T23:46:53.180+0000] {logging_mixin.py:190} INFO - [2026-03-14T23:46:53.180+0000] {dag.py:3239} INFO - Sync 1 DAGs
[2026-03-14T23:46:53.192+0000] {logging_mixin.py:190} INFO - [2026-03-14T23:46:53.192+0000] {dag.py:4180} INFO - Setting next_dagrun for first to 2026-03-14 04:33:00+00:00, run_after=2026-03-15 04:33:00+00:00
[2026-03-14T23:46:53.198+0000] {processor.py:208} INFO - Processing /opt/airflow/dags/firstproj/first_dag.py took 0.054 seconds
