[2026-03-14T20:21:17.523+0000] {manager.py:483} INFO - Processing files using up to 2 processes at a time 
[2026-03-14T20:21:17.524+0000] {manager.py:484} INFO - Process each file at most once every 30 seconds
[2026-03-14T20:21:17.524+0000] {manager.py:485} INFO - Checking for new files in /opt/airflow/dags every 300 seconds
[2026-03-14T20:21:17.524+0000] {manager.py:821} INFO - Searching for files in /opt/airflow/dags
[2026-03-14T20:21:17.532+0000] {manager.py:824} INFO - There are 0 files in /opt/airflow/dags
[2026-03-14T20:26:17.760+0000] {manager.py:821} INFO - Searching for files in /opt/airflow/dags
[2026-03-14T20:26:17.770+0000] {manager.py:824} INFO - There are 1 files in /opt/airflow/dags
[2026-03-14T20:26:19.795+0000] {manager.py:997} INFO - 
================================================================================
DAG File Processing Stats

File Path                                 PID    Runtime      # DAGs    # Errors  Last Runtime    Last Run               Last # of DB Queries
----------------------------------------  -----  ---------  --------  ----------  --------------  -------------------  ----------------------
/opt/airflow/dags/firstproj/first_dag.py                           1           0  0.17s           2026-03-14T20:26:17                      45
================================================================================
[2026-03-14T20:26:50.042+0000] {manager.py:997} INFO - 
================================================================================
DAG File Processing Stats

File Path                                 PID    Runtime      # DAGs    # Errors  Last Runtime    Last Run               Last # of DB Queries
----------------------------------------  -----  ---------  --------  ----------  --------------  -------------------  ----------------------
/opt/airflow/dags/firstproj/first_dag.py                           1           0  0.08s           2026-03-14T20:26:48                      12
================================================================================
[2026-03-14T20:27:20.301+0000] {manager.py:997} INFO - 
================================================================================
DAG File Processing Stats

File Path                                 PID    Runtime      # DAGs    # Errors  Last Runtime    Last Run               Last # of DB Queries
----------------------------------------  -----  ---------  --------  ----------  --------------  -------------------  ----------------------
/opt/airflow/dags/firstproj/first_dag.py                           1           0  0.07s           2026-03-14T20:27:18                      12
================================================================================
[2026-03-14T20:27:50.539+0000] {manager.py:997} INFO - 
================================================================================
DAG File Processing Stats

File Path                                 PID    Runtime      # DAGs    # Errors  Last Runtime    Last Run               Last # of DB Queries
----------------------------------------  -----  ---------  --------  ----------  --------------  -------------------  ----------------------
/opt/airflow/dags/firstproj/first_dag.py                           1           0  0.08s           2026-03-14T20:27:48                      12
================================================================================
[2026-03-14T20:28:20.766+0000] {manager.py:997} INFO - 
================================================================================
DAG File Processing Stats

File Path                                 PID    Runtime      # DAGs    # Errors  Last Runtime    Last Run               Last # of DB Queries
----------------------------------------  -----  ---------  --------  ----------  --------------  -------------------  ----------------------
/opt/airflow/dags/firstproj/first_dag.py                           1           0  0.07s           2026-03-14T20:28:18                      12
================================================================================
[2026-03-14T20:28:51.049+0000] {manager.py:997} INFO - 
================================================================================
DAG File Processing Stats

File Path                                 PID    Runtime      # DAGs    # Errors  Last Runtime    Last Run               Last # of DB Queries
----------------------------------------  -----  ---------  --------  ----------  --------------  -------------------  ----------------------
/opt/airflow/dags/firstproj/first_dag.py                           1           0  0.08s           2026-03-14T20:28:49                      12
================================================================================
[2026-03-14T20:29:21.275+0000] {manager.py:997} INFO - 
================================================================================
DAG File Processing Stats

File Path                                 PID    Runtime      # DAGs    # Errors  Last Runtime    Last Run               Last # of DB Queries
----------------------------------------  -----  ---------  --------  ----------  --------------  -------------------  ----------------------
/opt/airflow/dags/firstproj/first_dag.py                           1           0  0.07s           2026-03-14T20:29:19                      12
================================================================================
[2026-03-14T20:29:51.530+0000] {manager.py:997} INFO - 
================================================================================
DAG File Processing Stats

File Path                                 PID    Runtime      # DAGs    # Errors  Last Runtime    Last Run               Last # of DB Queries
----------------------------------------  -----  ---------  --------  ----------  --------------  -------------------  ----------------------
/opt/airflow/dags/firstproj/first_dag.py                           1           0  0.09s           2026-03-14T20:29:49                      12
================================================================================
[2026-03-14T20:30:21.806+0000] {manager.py:997} INFO - 
================================================================================
DAG File Processing Stats

File Path                                 PID    Runtime      # DAGs    # Errors  Last Runtime    Last Run               Last # of DB Queries
----------------------------------------  -----  ---------  --------  ----------  --------------  -------------------  ----------------------
/opt/airflow/dags/firstproj/first_dag.py                           1           0  0.08s           2026-03-14T20:30:19                      12
================================================================================
[2026-03-14T20:30:52.031+0000] {manager.py:997} INFO - 
================================================================================
DAG File Processing Stats

File Path                                 PID    Runtime      # DAGs    # Errors  Last Runtime    Last Run               Last # of DB Queries
----------------------------------------  -----  ---------  --------  ----------  --------------  -------------------  ----------------------
/opt/airflow/dags/firstproj/first_dag.py                           1           0  0.04s           2026-03-14T20:30:50                      12
================================================================================
[2026-03-14T20:31:18.229+0000] {manager.py:821} INFO - Searching for files in /opt/airflow/dags
[2026-03-14T20:31:18.243+0000] {manager.py:824} INFO - There are 1 files in /opt/airflow/dags
[2026-03-14T20:31:22.298+0000] {manager.py:997} INFO - 
================================================================================
DAG File Processing Stats

File Path                                 PID    Runtime      # DAGs    # Errors  Last Runtime    Last Run               Last # of DB Queries
----------------------------------------  -----  ---------  --------  ----------  --------------  -------------------  ----------------------
/opt/airflow/dags/firstproj/first_dag.py                           1           0  0.07s           2026-03-14T20:31:20                      12
================================================================================
[2026-03-14T20:31:52.558+0000] {manager.py:997} INFO - 
================================================================================
DAG File Processing Stats

File Path                                 PID    Runtime      # DAGs    # Errors  Last Runtime    Last Run               Last # of DB Queries
----------------------------------------  -----  ---------  --------  ----------  --------------  -------------------  ----------------------
/opt/airflow/dags/firstproj/first_dag.py                           1           0  0.06s           2026-03-14T20:31:50                      12
================================================================================
[2026-03-14T20:32:22.798+0000] {manager.py:997} INFO - 
================================================================================
DAG File Processing Stats

File Path                                 PID    Runtime      # DAGs    # Errors  Last Runtime    Last Run               Last # of DB Queries
----------------------------------------  -----  ---------  --------  ----------  --------------  -------------------  ----------------------
/opt/airflow/dags/firstproj/first_dag.py                           1           0  0.09s           2026-03-14T20:32:20                      12
================================================================================
[2026-03-14T20:32:53.028+0000] {manager.py:997} INFO - 
================================================================================
DAG File Processing Stats

File Path                                 PID    Runtime      # DAGs    # Errors  Last Runtime    Last Run               Last # of DB Queries
----------------------------------------  -----  ---------  --------  ----------  --------------  -------------------  ----------------------
/opt/airflow/dags/firstproj/first_dag.py                           1           0  0.04s           2026-03-14T20:32:51                      12
================================================================================
[2026-03-14T20:33:23.248+0000] {manager.py:997} INFO - 
================================================================================
DAG File Processing Stats

File Path                                 PID    Runtime      # DAGs    # Errors  Last Runtime    Last Run               Last # of DB Queries
----------------------------------------  -----  ---------  --------  ----------  --------------  -------------------  ----------------------
/opt/airflow/dags/firstproj/first_dag.py                           1           0  0.09s           2026-03-14T20:33:21                      12
================================================================================
[2026-03-14T20:33:53.556+0000] {manager.py:997} INFO - 
================================================================================
DAG File Processing Stats

File Path                                 PID    Runtime      # DAGs    # Errors  Last Runtime    Last Run               Last # of DB Queries
----------------------------------------  -----  ---------  --------  ----------  --------------  -------------------  ----------------------
/opt/airflow/dags/firstproj/first_dag.py                           1           0  0.07s           2026-03-14T20:33:36                      11
================================================================================
[2026-03-14T20:34:23.897+0000] {manager.py:997} INFO - 
================================================================================
DAG File Processing Stats

File Path                                 PID    Runtime      # DAGs    # Errors  Last Runtime    Last Run               Last # of DB Queries
----------------------------------------  -----  ---------  --------  ----------  --------------  -------------------  ----------------------
/opt/airflow/dags/firstproj/first_dag.py                           1           0  0.13s           2026-03-14T20:34:06                      12
================================================================================
[2026-03-14T20:34:54.185+0000] {manager.py:997} INFO - 
================================================================================
DAG File Processing Stats

File Path                                 PID    Runtime      # DAGs    # Errors  Last Runtime    Last Run               Last # of DB Queries
----------------------------------------  -----  ---------  --------  ----------  --------------  -------------------  ----------------------
/opt/airflow/dags/firstproj/first_dag.py                           1           0  0.11s           2026-03-14T20:34:37                      12
================================================================================
[2026-03-14T20:35:24.441+0000] {manager.py:997} INFO - 
================================================================================
DAG File Processing Stats

File Path                                 PID    Runtime      # DAGs    # Errors  Last Runtime    Last Run               Last # of DB Queries
----------------------------------------  -----  ---------  --------  ----------  --------------  -------------------  ----------------------
/opt/airflow/dags/firstproj/first_dag.py                           1           0  0.07s           2026-03-14T20:35:07                      12
================================================================================
[2026-03-14T20:35:54.769+0000] {manager.py:997} INFO - 
================================================================================
DAG File Processing Stats

File Path                                   PID  Runtime      # DAGs    # Errors  Last Runtime    Last Run               Last # of DB Queries
----------------------------------------  -----  ---------  --------  ----------  --------------  -------------------  ----------------------
/opt/airflow/dags/firstproj/first_dag.py     45  0.01s             1           0  0.09s           2026-03-14T20:35:37                      12
================================================================================
[2026-03-14T20:36:18.983+0000] {manager.py:821} INFO - Searching for files in /opt/airflow/dags
[2026-03-14T20:36:18.995+0000] {manager.py:824} INFO - There are 1 files in /opt/airflow/dags
[2026-03-14T20:36:25.057+0000] {manager.py:997} INFO - 
================================================================================
DAG File Processing Stats

File Path                                   PID  Runtime      # DAGs    # Errors  Last Runtime    Last Run               Last # of DB Queries
----------------------------------------  -----  ---------  --------  ----------  --------------  -------------------  ----------------------
/opt/airflow/dags/firstproj/first_dag.py     61  0.00s             1           0  0.13s           2026-03-14T20:35:54                      34
================================================================================
[2026-03-14T20:36:55.379+0000] {manager.py:997} INFO - 
================================================================================
DAG File Processing Stats

File Path                                   PID  Runtime      # DAGs    # Errors  Last Runtime    Last Run               Last # of DB Queries
----------------------------------------  -----  ---------  --------  ----------  --------------  -------------------  ----------------------
/opt/airflow/dags/firstproj/first_dag.py     92  0.01s             1           0  0.05s           2026-03-14T20:36:25                      12
================================================================================
[2026-03-14T20:37:25.653+0000] {manager.py:997} INFO - 
================================================================================
DAG File Processing Stats

File Path                                   PID  Runtime      # DAGs    # Errors  Last Runtime    Last Run               Last # of DB Queries
----------------------------------------  -----  ---------  --------  ----------  --------------  -------------------  ----------------------
/opt/airflow/dags/firstproj/first_dag.py     93  0.01s             1           0  0.09s           2026-03-14T20:36:55                      12
================================================================================
[2026-03-14T20:37:55.918+0000] {manager.py:997} INFO - 
================================================================================
DAG File Processing Stats

File Path                                   PID  Runtime      # DAGs    # Errors  Last Runtime    Last Run               Last # of DB Queries
----------------------------------------  -----  ---------  --------  ----------  --------------  -------------------  ----------------------
/opt/airflow/dags/firstproj/first_dag.py     94  0.00s             1           0  0.09s           2026-03-14T20:37:25                      12
================================================================================
[2026-03-14T20:38:26.191+0000] {manager.py:997} INFO - 
================================================================================
DAG File Processing Stats

File Path                                   PID  Runtime      # DAGs    # Errors  Last Runtime    Last Run               Last # of DB Queries
----------------------------------------  -----  ---------  --------  ----------  --------------  -------------------  ----------------------
/opt/airflow/dags/firstproj/first_dag.py     95  0.00s             1           0  0.06s           2026-03-14T20:37:55                      12
================================================================================
[2026-03-14T20:38:56.471+0000] {manager.py:997} INFO - 
================================================================================
DAG File Processing Stats

File Path                                   PID  Runtime      # DAGs    # Errors  Last Runtime    Last Run               Last # of DB Queries
----------------------------------------  -----  ---------  --------  ----------  --------------  -------------------  ----------------------
/opt/airflow/dags/firstproj/first_dag.py     96  0.01s             1           0  0.08s           2026-03-14T20:38:26                      12
================================================================================
[2026-03-14T20:39:26.726+0000] {manager.py:997} INFO - 
================================================================================
DAG File Processing Stats

File Path                                   PID  Runtime      # DAGs    # Errors  Last Runtime    Last Run               Last # of DB Queries
----------------------------------------  -----  ---------  --------  ----------  --------------  -------------------  ----------------------
/opt/airflow/dags/firstproj/first_dag.py     97  0.00s             1           0  0.08s           2026-03-14T20:38:56                      12
================================================================================
[2026-03-14T20:39:56.961+0000] {manager.py:997} INFO - 
================================================================================
DAG File Processing Stats

File Path                                   PID  Runtime      # DAGs    # Errors  Last Runtime    Last Run               Last # of DB Queries
----------------------------------------  -----  ---------  --------  ----------  --------------  -------------------  ----------------------
/opt/airflow/dags/firstproj/first_dag.py     98  0.01s             1           0  0.07s           2026-03-14T20:39:26                      12
================================================================================
[2026-03-14T20:40:27.208+0000] {manager.py:997} INFO - 
================================================================================
DAG File Processing Stats

File Path                                   PID  Runtime      # DAGs    # Errors  Last Runtime    Last Run               Last # of DB Queries
----------------------------------------  -----  ---------  --------  ----------  --------------  -------------------  ----------------------
/opt/airflow/dags/firstproj/first_dag.py     99  0.00s             1           0  0.08s           2026-03-14T20:39:57                      12
================================================================================
[2026-03-14T20:40:57.489+0000] {manager.py:997} INFO - 
================================================================================
DAG File Processing Stats

File Path                                   PID  Runtime      # DAGs    # Errors  Last Runtime    Last Run               Last # of DB Queries
----------------------------------------  -----  ---------  --------  ----------  --------------  -------------------  ----------------------
/opt/airflow/dags/firstproj/first_dag.py    100  0.01s             1           0  0.07s           2026-03-14T20:40:27                      12
================================================================================
[2026-03-14T20:41:19.685+0000] {manager.py:821} INFO - Searching for files in /opt/airflow/dags
[2026-03-14T20:41:19.700+0000] {manager.py:824} INFO - There are 1 files in /opt/airflow/dags
[2026-03-14T20:41:27.815+0000] {manager.py:997} INFO - 
================================================================================
DAG File Processing Stats

File Path                                   PID  Runtime      # DAGs    # Errors  Last Runtime    Last Run               Last # of DB Queries
----------------------------------------  -----  ---------  --------  ----------  --------------  -------------------  ----------------------
/opt/airflow/dags/firstproj/first_dag.py    101  0.01s             1           0  0.08s           2026-03-14T20:40:57                      12
================================================================================
[2026-03-14T20:41:58.085+0000] {manager.py:997} INFO - 
================================================================================
DAG File Processing Stats

File Path                                   PID  Runtime      # DAGs    # Errors  Last Runtime    Last Run               Last # of DB Queries
----------------------------------------  -----  ---------  --------  ----------  --------------  -------------------  ----------------------
/opt/airflow/dags/firstproj/first_dag.py    102  0.01s             1           0  0.09s           2026-03-14T20:41:27                      12
================================================================================
[2026-03-14T20:42:28.349+0000] {manager.py:997} INFO - 
================================================================================
DAG File Processing Stats

File Path                                   PID  Runtime      # DAGs    # Errors  Last Runtime    Last Run               Last # of DB Queries
----------------------------------------  -----  ---------  --------  ----------  --------------  -------------------  ----------------------
/opt/airflow/dags/firstproj/first_dag.py    103  0.01s             1           0  0.08s           2026-03-14T20:41:58                      12
================================================================================
[2026-03-14T20:42:58.635+0000] {manager.py:997} INFO - 
================================================================================
DAG File Processing Stats

File Path                                   PID  Runtime      # DAGs    # Errors  Last Runtime    Last Run               Last # of DB Queries
----------------------------------------  -----  ---------  --------  ----------  --------------  -------------------  ----------------------
/opt/airflow/dags/firstproj/first_dag.py    104  0.01s             1           0  0.07s           2026-03-14T20:42:28                      12
================================================================================
[2026-03-14T20:43:28.954+0000] {manager.py:997} INFO - 
================================================================================
DAG File Processing Stats

File Path                                   PID  Runtime      # DAGs    # Errors  Last Runtime    Last Run               Last # of DB Queries
----------------------------------------  -----  ---------  --------  ----------  --------------  -------------------  ----------------------
/opt/airflow/dags/firstproj/first_dag.py    105  0.01s             1           0  0.09s           2026-03-14T20:42:58                      12
================================================================================
[2026-03-14T20:43:59.232+0000] {manager.py:997} INFO - 
================================================================================
DAG File Processing Stats

File Path                                   PID  Runtime      # DAGs    # Errors  Last Runtime    Last Run               Last # of DB Queries
----------------------------------------  -----  ---------  --------  ----------  --------------  -------------------  ----------------------
/opt/airflow/dags/firstproj/first_dag.py    106  0.01s             1           0  0.12s           2026-03-14T20:43:29                      12
================================================================================
[2026-03-14T20:44:29.525+0000] {manager.py:997} INFO - 
================================================================================
DAG File Processing Stats

File Path                                   PID  Runtime      # DAGs    # Errors  Last Runtime    Last Run               Last # of DB Queries
----------------------------------------  -----  ---------  --------  ----------  --------------  -------------------  ----------------------
/opt/airflow/dags/firstproj/first_dag.py    107  0.01s             1           0  0.09s           2026-03-14T20:43:59                      12
================================================================================
[2026-03-14T20:44:59.813+0000] {manager.py:997} INFO - 
================================================================================
DAG File Processing Stats

File Path                                   PID  Runtime      # DAGs    # Errors  Last Runtime    Last Run               Last # of DB Queries
----------------------------------------  -----  ---------  --------  ----------  --------------  -------------------  ----------------------
/opt/airflow/dags/firstproj/first_dag.py    108  0.01s             1           0  0.11s           2026-03-14T20:44:29                      12
================================================================================
[2026-03-14T20:45:30.099+0000] {manager.py:997} INFO - 
================================================================================
DAG File Processing Stats

File Path                                   PID  Runtime      # DAGs    # Errors  Last Runtime    Last Run               Last # of DB Queries
----------------------------------------  -----  ---------  --------  ----------  --------------  -------------------  ----------------------
/opt/airflow/dags/firstproj/first_dag.py    109  0.01s             1           0  0.08s           2026-03-14T20:44:59                      12
================================================================================
[2026-03-14T20:46:00.346+0000] {manager.py:997} INFO - 
================================================================================
DAG File Processing Stats

File Path                                   PID  Runtime      # DAGs    # Errors  Last Runtime    Last Run               Last # of DB Queries
----------------------------------------  -----  ---------  --------  ----------  --------------  -------------------  ----------------------
/opt/airflow/dags/firstproj/first_dag.py    110  0.00s             1           0  0.11s           2026-03-14T20:45:30                      12
================================================================================
[2026-03-14T20:46:20.539+0000] {manager.py:821} INFO - Searching for files in /opt/airflow/dags
[2026-03-14T20:46:20.550+0000] {manager.py:824} INFO - There are 1 files in /opt/airflow/dags
[2026-03-14T20:46:30.648+0000] {manager.py:997} INFO - 
================================================================================
DAG File Processing Stats

File Path                                   PID  Runtime      # DAGs    # Errors  Last Runtime    Last Run               Last # of DB Queries
----------------------------------------  -----  ---------  --------  ----------  --------------  -------------------  ----------------------
/opt/airflow/dags/firstproj/first_dag.py    111  0.00s             1           0  0.08s           2026-03-14T20:46:00                      12
================================================================================
[2026-03-14T20:47:00.914+0000] {manager.py:997} INFO - 
================================================================================
DAG File Processing Stats

File Path                                   PID  Runtime      # DAGs    # Errors  Last Runtime    Last Run               Last # of DB Queries
----------------------------------------  -----  ---------  --------  ----------  --------------  -------------------  ----------------------
/opt/airflow/dags/firstproj/first_dag.py    112  0.01s             1           0  0.08s           2026-03-14T20:46:30                      12
================================================================================
[2026-03-14T20:47:31.164+0000] {manager.py:997} INFO - 
================================================================================
DAG File Processing Stats

File Path                                   PID  Runtime      # DAGs    # Errors  Last Runtime    Last Run               Last # of DB Queries
----------------------------------------  -----  ---------  --------  ----------  --------------  -------------------  ----------------------
/opt/airflow/dags/firstproj/first_dag.py    113  0.00s             1           0  0.09s           2026-03-14T20:47:00                      12
================================================================================
[2026-03-14T20:48:01.410+0000] {manager.py:997} INFO - 
================================================================================
DAG File Processing Stats

File Path                                   PID  Runtime      # DAGs    # Errors  Last Runtime    Last Run               Last # of DB Queries
----------------------------------------  -----  ---------  --------  ----------  --------------  -------------------  ----------------------
/opt/airflow/dags/firstproj/first_dag.py    114  0.01s             1           0  0.09s           2026-03-14T20:47:31                      12
================================================================================
[2026-03-14T20:48:31.651+0000] {manager.py:997} INFO - 
================================================================================
DAG File Processing Stats

File Path                                   PID  Runtime      # DAGs    # Errors  Last Runtime    Last Run               Last # of DB Queries
----------------------------------------  -----  ---------  --------  ----------  --------------  -------------------  ----------------------
/opt/airflow/dags/firstproj/first_dag.py    115  0.01s             1           0  0.08s           2026-03-14T20:48:01                      12
================================================================================
[2026-03-14T20:49:01.913+0000] {manager.py:997} INFO - 
================================================================================
DAG File Processing Stats

File Path                                   PID  Runtime      # DAGs    # Errors  Last Runtime    Last Run               Last # of DB Queries
----------------------------------------  -----  ---------  --------  ----------  --------------  -------------------  ----------------------
/opt/airflow/dags/firstproj/first_dag.py    116  0.01s             1           0  0.07s           2026-03-14T20:48:31                      12
================================================================================
[2026-03-14T20:49:32.157+0000] {manager.py:997} INFO - 
================================================================================
DAG File Processing Stats

File Path                                   PID  Runtime      # DAGs    # Errors  Last Runtime    Last Run               Last # of DB Queries
----------------------------------------  -----  ---------  --------  ----------  --------------  -------------------  ----------------------
/opt/airflow/dags/firstproj/first_dag.py    117  0.00s             1           0  0.09s           2026-03-14T20:49:01                      12
================================================================================
[2026-03-14T20:50:02.389+0000] {manager.py:997} INFO - 
================================================================================
DAG File Processing Stats

File Path                                   PID  Runtime      # DAGs    # Errors  Last Runtime    Last Run               Last # of DB Queries
----------------------------------------  -----  ---------  --------  ----------  --------------  -------------------  ----------------------
/opt/airflow/dags/firstproj/first_dag.py    118  0.00s             1           0  0.06s           2026-03-14T20:49:32                      12
================================================================================
[2026-03-14T20:50:32.612+0000] {manager.py:997} INFO - 
================================================================================
DAG File Processing Stats

File Path                                   PID  Runtime      # DAGs    # Errors  Last Runtime    Last Run               Last # of DB Queries
----------------------------------------  -----  ---------  --------  ----------  --------------  -------------------  ----------------------
/opt/airflow/dags/firstproj/first_dag.py    119  0.00s             1           0  0.08s           2026-03-14T20:50:02                      12
================================================================================
[2026-03-14T20:51:02.901+0000] {manager.py:997} INFO - 
================================================================================
DAG File Processing Stats

File Path                                   PID  Runtime      # DAGs    # Errors  Last Runtime    Last Run               Last # of DB Queries
----------------------------------------  -----  ---------  --------  ----------  --------------  -------------------  ----------------------
/opt/airflow/dags/firstproj/first_dag.py    120  0.01s             1           0  0.06s           2026-03-14T20:50:32                      12
================================================================================
[2026-03-14T20:51:21.055+0000] {manager.py:821} INFO - Searching for files in /opt/airflow/dags
[2026-03-14T20:51:21.066+0000] {manager.py:824} INFO - There are 1 files in /opt/airflow/dags
[2026-03-14T20:51:33.229+0000] {manager.py:997} INFO - 
================================================================================
DAG File Processing Stats

File Path                                   PID  Runtime      # DAGs    # Errors  Last Runtime    Last Run               Last # of DB Queries
----------------------------------------  -----  ---------  --------  ----------  --------------  -------------------  ----------------------
/opt/airflow/dags/firstproj/first_dag.py    121  0.01s             1           0  0.07s           2026-03-14T20:51:02                      12
================================================================================
[2026-03-14T20:52:03.528+0000] {manager.py:997} INFO - 
================================================================================
DAG File Processing Stats

File Path                                   PID  Runtime      # DAGs    # Errors  Last Runtime    Last Run               Last # of DB Queries
----------------------------------------  -----  ---------  --------  ----------  --------------  -------------------  ----------------------
/opt/airflow/dags/firstproj/first_dag.py    122  0.01s             1           0  0.11s           2026-03-14T20:51:33                      12
================================================================================
[2026-03-14T20:52:33.820+0000] {manager.py:997} INFO - 
================================================================================
DAG File Processing Stats

File Path                                   PID  Runtime      # DAGs    # Errors  Last Runtime    Last Run               Last # of DB Queries
----------------------------------------  -----  ---------  --------  ----------  --------------  -------------------  ----------------------
/opt/airflow/dags/firstproj/first_dag.py    123  0.01s             1           0  0.07s           2026-03-14T20:52:03                      12
================================================================================
[2026-03-14T20:53:04.089+0000] {manager.py:997} INFO - 
================================================================================
DAG File Processing Stats

File Path                                   PID  Runtime      # DAGs    # Errors  Last Runtime    Last Run               Last # of DB Queries
----------------------------------------  -----  ---------  --------  ----------  --------------  -------------------  ----------------------
/opt/airflow/dags/firstproj/first_dag.py    124  0.00s             1           0  0.09s           2026-03-14T20:52:33                      12
================================================================================
[2026-03-14T20:53:34.365+0000] {manager.py:997} INFO - 
================================================================================
DAG File Processing Stats

File Path                                   PID  Runtime      # DAGs    # Errors  Last Runtime    Last Run               Last # of DB Queries
----------------------------------------  -----  ---------  --------  ----------  --------------  -------------------  ----------------------
/opt/airflow/dags/firstproj/first_dag.py    125  0.01s             1           0  0.06s           2026-03-14T20:53:04                      12
================================================================================
[2026-03-14T20:54:04.644+0000] {manager.py:997} INFO - 
================================================================================
DAG File Processing Stats

File Path                                   PID  Runtime      # DAGs    # Errors  Last Runtime    Last Run               Last # of DB Queries
----------------------------------------  -----  ---------  --------  ----------  --------------  -------------------  ----------------------
/opt/airflow/dags/firstproj/first_dag.py    126  0.01s             1           0  0.08s           2026-03-14T20:53:34                      12
================================================================================
[2026-03-14T20:54:34.954+0000] {manager.py:997} INFO - 
================================================================================
DAG File Processing Stats

File Path                                   PID  Runtime      # DAGs    # Errors  Last Runtime    Last Run               Last # of DB Queries
----------------------------------------  -----  ---------  --------  ----------  --------------  -------------------  ----------------------
/opt/airflow/dags/firstproj/first_dag.py    127  0.01s             1           0  0.08s           2026-03-14T20:54:04                      12
================================================================================
[2026-03-14T20:55:05.458+0000] {manager.py:997} INFO - 
================================================================================
DAG File Processing Stats

File Path                                   PID  Runtime      # DAGs    # Errors  Last Runtime    Last Run               Last # of DB Queries
----------------------------------------  -----  ---------  --------  ----------  --------------  -------------------  ----------------------
/opt/airflow/dags/firstproj/first_dag.py    128  0.01s             1           0  0.08s           2026-03-14T20:54:35                      12
================================================================================
[2026-03-14T21:12:09.730+0000] {manager.py:821} INFO - Searching for files in /opt/airflow/dags
[2026-03-14T21:12:09.740+0000] {manager.py:824} INFO - There are 1 files in /opt/airflow/dags
[2026-03-14T21:12:26.967+0000] {manager.py:997} INFO - 
================================================================================
DAG File Processing Stats

File Path                                 PID    Runtime      # DAGs    # Errors  Last Runtime    Last Run               Last # of DB Queries
----------------------------------------  -----  ---------  --------  ----------  --------------  -------------------  ----------------------
/opt/airflow/dags/firstproj/first_dag.py                           1           0  0.05s           2026-03-14T21:12:09                      12
================================================================================
[2026-03-14T22:02:11.137+0000] {manager.py:821} INFO - Searching for files in /opt/airflow/dags
[2026-03-14T22:02:11.143+0000] {manager.py:824} INFO - There are 1 files in /opt/airflow/dags
[2026-03-14T22:02:28.294+0000] {manager.py:997} INFO - 
================================================================================
DAG File Processing Stats

File Path                                 PID    Runtime      # DAGs    # Errors  Last Runtime    Last Run               Last # of DB Queries
----------------------------------------  -----  ---------  --------  ----------  --------------  -------------------  ----------------------
/opt/airflow/dags/firstproj/first_dag.py                           1           0  0.09s           2026-03-14T22:02:11                      12
================================================================================
[2026-03-14T22:55:59.169+0000] {manager.py:821} INFO - Searching for files in /opt/airflow/dags
[2026-03-14T22:55:59.178+0000] {manager.py:824} INFO - There are 1 files in /opt/airflow/dags
[2026-03-14T22:56:16.358+0000] {manager.py:997} INFO - 
================================================================================
DAG File Processing Stats

File Path                                 PID    Runtime      # DAGs    # Errors  Last Runtime    Last Run               Last # of DB Queries
----------------------------------------  -----  ---------  --------  ----------  --------------  -------------------  ----------------------
/opt/airflow/dags/firstproj/first_dag.py                           1           0  0.06s           2026-03-14T22:55:59                      12
================================================================================
[2026-03-14T23:29:36.135+0000] {manager.py:821} INFO - Searching for files in /opt/airflow/dags
[2026-03-14T23:29:36.143+0000] {manager.py:824} INFO - There are 1 files in /opt/airflow/dags
[2026-03-14T23:29:54.326+0000] {manager.py:997} INFO - 
================================================================================
DAG File Processing Stats

File Path                                 PID    Runtime      # DAGs    # Errors  Last Runtime    Last Run               Last # of DB Queries
----------------------------------------  -----  ---------  --------  ----------  --------------  -------------------  ----------------------
/opt/airflow/dags/firstproj/first_dag.py                           1           0  0.05s           2026-03-14T23:29:36                      12
================================================================================
[2026-03-14T23:46:53.115+0000] {manager.py:821} INFO - Searching for files in /opt/airflow/dags
[2026-03-14T23:46:53.126+0000] {manager.py:824} INFO - There are 1 files in /opt/airflow/dags
[2026-03-14T23:47:11.286+0000] {manager.py:997} INFO - 
================================================================================
DAG File Processing Stats

File Path                                 PID    Runtime      # DAGs    # Errors  Last Runtime    Last Run               Last # of DB Queries
----------------------------------------  -----  ---------  --------  ----------  --------------  -------------------  ----------------------
/opt/airflow/dags/firstproj/first_dag.py                           1           0  0.06s           2026-03-14T23:46:53                      12
================================================================================
[2026-03-15T00:03:53.891+0000] {manager.py:821} INFO - Searching for files in /opt/airflow/dags
[2026-03-15T00:03:53.896+0000] {manager.py:824} INFO - There are 1 files in /opt/airflow/dags
[2026-03-15T00:04:12.056+0000] {manager.py:997} INFO - 
================================================================================
DAG File Processing Stats

File Path                                 PID    Runtime      # DAGs    # Errors  Last Runtime    Last Run               Last # of DB Queries
----------------------------------------  -----  ---------  --------  ----------  --------------  -------------------  ----------------------
/opt/airflow/dags/firstproj/first_dag.py                           1           0  0.05s           2026-03-15T00:03:53                      12
================================================================================
[2026-03-15T00:21:38.650+0000] {manager.py:821} INFO - Searching for files in /opt/airflow/dags
[2026-03-15T00:21:38.657+0000] {manager.py:824} INFO - There are 1 files in /opt/airflow/dags
[2026-03-15T00:21:56.845+0000] {manager.py:997} INFO - 
================================================================================
DAG File Processing Stats

File Path                                 PID    Runtime      # DAGs    # Errors  Last Runtime    Last Run               Last # of DB Queries
----------------------------------------  -----  ---------  --------  ----------  --------------  -------------------  ----------------------
/opt/airflow/dags/firstproj/first_dag.py                           1           0  0.06s           2026-03-15T00:21:38                      12
================================================================================
[2026-03-15T00:55:02.934+0000] {manager.py:821} INFO - Searching for files in /opt/airflow/dags
[2026-03-15T00:55:02.942+0000] {manager.py:824} INFO - There are 1 files in /opt/airflow/dags
[2026-03-15T00:55:22.133+0000] {manager.py:997} INFO - 
================================================================================
DAG File Processing Stats

File Path                                 PID    Runtime      # DAGs    # Errors  Last Runtime    Last Run               Last # of DB Queries
----------------------------------------  -----  ---------  --------  ----------  --------------  -------------------  ----------------------
/opt/airflow/dags/firstproj/first_dag.py                           1           0  0.06s           2026-03-15T00:55:03                      12
================================================================================
[2026-03-15T01:26:23.577+0000] {manager.py:821} INFO - Searching for files in /opt/airflow/dags
[2026-03-15T01:26:23.585+0000] {manager.py:824} INFO - There are 1 files in /opt/airflow/dags
[2026-03-15T01:26:42.749+0000] {manager.py:997} INFO - 
================================================================================
DAG File Processing Stats

File Path                                 PID    Runtime      # DAGs    # Errors  Last Runtime    Last Run               Last # of DB Queries
----------------------------------------  -----  ---------  --------  ----------  --------------  -------------------  ----------------------
/opt/airflow/dags/firstproj/first_dag.py                           1           0  0.05s           2026-03-15T01:26:23                      12
================================================================================
[2026-03-15T02:01:04.349+0000] {manager.py:821} INFO - Searching for files in /opt/airflow/dags
[2026-03-15T02:01:04.357+0000] {manager.py:824} INFO - There are 1 files in /opt/airflow/dags
[2026-03-15T02:01:23.555+0000] {manager.py:997} INFO - 
================================================================================
DAG File Processing Stats

File Path                                 PID    Runtime      # DAGs    # Errors  Last Runtime    Last Run               Last # of DB Queries
----------------------------------------  -----  ---------  --------  ----------  --------------  -------------------  ----------------------
/opt/airflow/dags/firstproj/first_dag.py                           1           0  0.05s           2026-03-15T02:01:04                      12
================================================================================
[2026-03-15T02:19:02.965+0000] {manager.py:821} INFO - Searching for files in /opt/airflow/dags
[2026-03-15T02:19:02.971+0000] {manager.py:824} INFO - There are 1 files in /opt/airflow/dags
[2026-03-15T02:19:23.159+0000] {manager.py:997} INFO - 
================================================================================
DAG File Processing Stats

File Path                                 PID    Runtime      # DAGs    # Errors  Last Runtime    Last Run               Last # of DB Queries
----------------------------------------  -----  ---------  --------  ----------  --------------  -------------------  ----------------------
/opt/airflow/dags/firstproj/first_dag.py                           1           0  0.05s           2026-03-15T02:19:03                      12
================================================================================
[2026-03-15T03:13:04.538+0000] {manager.py:821} INFO - Searching for files in /opt/airflow/dags
[2026-03-15T03:13:04.544+0000] {manager.py:824} INFO - There are 1 files in /opt/airflow/dags
[2026-03-15T03:13:24.747+0000] {manager.py:997} INFO - 
================================================================================
DAG File Processing Stats

File Path                                 PID    Runtime      # DAGs    # Errors  Last Runtime    Last Run               Last # of DB Queries
----------------------------------------  -----  ---------  --------  ----------  --------------  -------------------  ----------------------
/opt/airflow/dags/firstproj/first_dag.py                           1           0  0.09s           2026-03-15T03:13:04                      12
================================================================================
[2026-03-15T03:17:12.329+0000] {manager.py:997} INFO - 
================================================================================
DAG File Processing Stats

File Path                                 PID    Runtime      # DAGs    # Errors  Last Runtime    Last Run               Last # of DB Queries
----------------------------------------  -----  ---------  --------  ----------  --------------  -------------------  ----------------------
/opt/airflow/dags/firstproj/first_dag.py                           1           0  0.05s           2026-03-15T03:16:51                      12
================================================================================
[2026-03-15T04:24:12.982+0000] {manager.py:821} INFO - Searching for files in /opt/airflow/dags
[2026-03-15T04:24:12.989+0000] {manager.py:824} INFO - There are 1 files in /opt/airflow/dags
[2026-03-15T04:24:34.423+0000] {manager.py:997} INFO - 
================================================================================
DAG File Processing Stats

File Path                                 PID    Runtime      # DAGs    # Errors  Last Runtime    Last Run               Last # of DB Queries
----------------------------------------  -----  ---------  --------  ----------  --------------  -------------------  ----------------------
/opt/airflow/dags/firstproj/first_dag.py                           1           0  0.06s           2026-03-15T04:24:13                      12
================================================================================
[2026-03-15T05:09:50.692+0000] {manager.py:821} INFO - Searching for files in /opt/airflow/dags
[2026-03-15T05:09:50.695+0000] {manager.py:824} INFO - There are 1 files in /opt/airflow/dags
[2026-03-15T05:10:11.911+0000] {manager.py:997} INFO - 
================================================================================
DAG File Processing Stats

File Path                                 PID    Runtime      # DAGs    # Errors  Last Runtime    Last Run               Last # of DB Queries
----------------------------------------  -----  ---------  --------  ----------  --------------  -------------------  ----------------------
/opt/airflow/dags/firstproj/first_dag.py                           1           0  0.07s           2026-03-15T05:09:50                      12
================================================================================
[2026-03-15T05:41:13.053+0000] {manager.py:821} INFO - Searching for files in /opt/airflow/dags
[2026-03-15T05:41:13.060+0000] {manager.py:824} INFO - There are 1 files in /opt/airflow/dags
[2026-03-15T05:41:35.256+0000] {manager.py:997} INFO - 
================================================================================
DAG File Processing Stats

File Path                                 PID    Runtime      # DAGs    # Errors  Last Runtime    Last Run               Last # of DB Queries
----------------------------------------  -----  ---------  --------  ----------  --------------  -------------------  ----------------------
/opt/airflow/dags/firstproj/first_dag.py                           1           0  0.05s           2026-03-15T05:41:13                      12
================================================================================
[2026-03-15T05:42:05.649+0000] {manager.py:997} INFO - 
================================================================================
DAG File Processing Stats

File Path                                 PID    Runtime      # DAGs    # Errors  Last Runtime    Last Run               Last # of DB Queries
----------------------------------------  -----  ---------  --------  ----------  --------------  -------------------  ----------------------
/opt/airflow/dags/firstproj/first_dag.py                           1           0  0.07s           2026-03-15T05:41:43                      12
================================================================================
[2026-03-15T06:11:33.751+0000] {manager.py:821} INFO - Searching for files in /opt/airflow/dags
[2026-03-15T06:11:33.758+0000] {manager.py:824} INFO - There are 1 files in /opt/airflow/dags
[2026-03-15T06:11:55.973+0000] {manager.py:997} INFO - 
================================================================================
DAG File Processing Stats

File Path                                 PID    Runtime      # DAGs    # Errors  Last Runtime    Last Run               Last # of DB Queries
----------------------------------------  -----  ---------  --------  ----------  --------------  -------------------  ----------------------
/opt/airflow/dags/firstproj/first_dag.py                           1           0  0.05s           2026-03-15T06:11:33                      12
================================================================================
[2026-03-15T06:55:44.427+0000] {manager.py:821} INFO - Searching for files in /opt/airflow/dags
[2026-03-15T06:55:44.431+0000] {manager.py:824} INFO - There are 1 files in /opt/airflow/dags
[2026-03-15T06:56:07.664+0000] {manager.py:997} INFO - 
================================================================================
DAG File Processing Stats

File Path                                 PID    Runtime      # DAGs    # Errors  Last Runtime    Last Run               Last # of DB Queries
----------------------------------------  -----  ---------  --------  ----------  --------------  -------------------  ----------------------
/opt/airflow/dags/firstproj/first_dag.py                           1           0  0.04s           2026-03-15T06:55:44                      12
================================================================================
[2026-03-15T07:18:39.515+0000] {manager.py:821} INFO - Searching for files in /opt/airflow/dags
[2026-03-15T07:18:39.524+0000] {manager.py:824} INFO - There are 1 files in /opt/airflow/dags
[2026-03-15T07:19:02.722+0000] {manager.py:997} INFO - 
================================================================================
DAG File Processing Stats

File Path                                 PID    Runtime      # DAGs    # Errors  Last Runtime    Last Run               Last # of DB Queries
----------------------------------------  -----  ---------  --------  ----------  --------------  -------------------  ----------------------
/opt/airflow/dags/firstproj/first_dag.py                           1           0  0.13s           2026-03-15T07:18:39                      12
================================================================================
[2026-03-15T07:19:32.997+0000] {manager.py:997} INFO - 
================================================================================
DAG File Processing Stats

File Path                                 PID    Runtime      # DAGs    # Errors  Last Runtime    Last Run               Last # of DB Queries
----------------------------------------  -----  ---------  --------  ----------  --------------  -------------------  ----------------------
/opt/airflow/dags/firstproj/first_dag.py                           1           0  0.07s           2026-03-15T07:19:09                      12
================================================================================
[2026-03-15T07:20:03.260+0000] {manager.py:997} INFO - 
================================================================================
DAG File Processing Stats

File Path                                 PID    Runtime      # DAGs    # Errors  Last Runtime    Last Run               Last # of DB Queries
----------------------------------------  -----  ---------  --------  ----------  --------------  -------------------  ----------------------
/opt/airflow/dags/firstproj/first_dag.py                           1           0  0.09s           2026-03-15T07:19:40                      12
================================================================================
[2026-03-15T07:20:33.502+0000] {manager.py:997} INFO - 
================================================================================
DAG File Processing Stats

File Path                                 PID    Runtime      # DAGs    # Errors  Last Runtime    Last Run               Last # of DB Queries
----------------------------------------  -----  ---------  --------  ----------  --------------  -------------------  ----------------------
/opt/airflow/dags/firstproj/first_dag.py                           1           0  0.07s           2026-03-15T07:20:10                      12
================================================================================
[2026-03-15T07:21:03.738+0000] {manager.py:997} INFO - 
================================================================================
DAG File Processing Stats

File Path                                 PID    Runtime      # DAGs    # Errors  Last Runtime    Last Run               Last # of DB Queries
----------------------------------------  -----  ---------  --------  ----------  --------------  -------------------  ----------------------
/opt/airflow/dags/firstproj/first_dag.py                           1           0  0.10s           2026-03-15T07:20:40                      12
================================================================================
[2026-03-15T07:21:34.015+0000] {manager.py:997} INFO - 
================================================================================
DAG File Processing Stats

File Path                                 PID    Runtime      # DAGs    # Errors  Last Runtime    Last Run               Last # of DB Queries
----------------------------------------  -----  ---------  --------  ----------  --------------  -------------------  ----------------------
/opt/airflow/dags/firstproj/first_dag.py                           1           0  0.08s           2026-03-15T07:21:10                      12
================================================================================
[2026-03-15T07:22:04.282+0000] {manager.py:997} INFO - 
================================================================================
DAG File Processing Stats

File Path                                 PID    Runtime      # DAGs    # Errors  Last Runtime    Last Run               Last # of DB Queries
----------------------------------------  -----  ---------  --------  ----------  --------------  -------------------  ----------------------
/opt/airflow/dags/firstproj/first_dag.py                           1           0  0.07s           2026-03-15T07:21:41                      12
================================================================================
[2026-03-15T07:22:34.569+0000] {manager.py:997} INFO - 
================================================================================
DAG File Processing Stats

File Path                                 PID    Runtime      # DAGs    # Errors  Last Runtime    Last Run               Last # of DB Queries
----------------------------------------  -----  ---------  --------  ----------  --------------  -------------------  ----------------------
/opt/airflow/dags/firstproj/first_dag.py                           1           0  0.07s           2026-03-15T07:22:11                      12
================================================================================
[2026-03-15T07:23:04.837+0000] {manager.py:997} INFO - 
================================================================================
DAG File Processing Stats

File Path                                 PID    Runtime      # DAGs    # Errors  Last Runtime    Last Run               Last # of DB Queries
----------------------------------------  -----  ---------  --------  ----------  --------------  -------------------  ----------------------
/opt/airflow/dags/firstproj/first_dag.py                           1           0  0.06s           2026-03-15T07:22:41                      12
================================================================================
[2026-03-15T07:23:35.113+0000] {manager.py:997} INFO - 
================================================================================
DAG File Processing Stats

File Path                                 PID    Runtime      # DAGs    # Errors  Last Runtime    Last Run               Last # of DB Queries
----------------------------------------  -----  ---------  --------  ----------  --------------  -------------------  ----------------------
/opt/airflow/dags/firstproj/first_dag.py                           1           0  0.09s           2026-03-15T07:23:11                      12
================================================================================
[2026-03-15T07:23:40.160+0000] {manager.py:821} INFO - Searching for files in /opt/airflow/dags
[2026-03-15T07:23:40.175+0000] {manager.py:824} INFO - There are 1 files in /opt/airflow/dags
[2026-03-15T07:24:05.444+0000] {manager.py:997} INFO - 
================================================================================
DAG File Processing Stats

File Path                                 PID    Runtime      # DAGs    # Errors  Last Runtime    Last Run               Last # of DB Queries
----------------------------------------  -----  ---------  --------  ----------  --------------  -------------------  ----------------------
/opt/airflow/dags/firstproj/first_dag.py                           1           0  0.08s           2026-03-15T07:23:42                      12
================================================================================
[2026-03-15T07:24:35.730+0000] {manager.py:997} INFO - 
================================================================================
DAG File Processing Stats

File Path                                 PID    Runtime      # DAGs    # Errors  Last Runtime    Last Run               Last # of DB Queries
----------------------------------------  -----  ---------  --------  ----------  --------------  -------------------  ----------------------
/opt/airflow/dags/firstproj/first_dag.py                           1           0  0.07s           2026-03-15T07:24:12                      12
================================================================================
[2026-03-15T07:25:06.031+0000] {manager.py:997} INFO - 
================================================================================
DAG File Processing Stats

File Path                                 PID    Runtime      # DAGs    # Errors  Last Runtime    Last Run               Last # of DB Queries
----------------------------------------  -----  ---------  --------  ----------  --------------  -------------------  ----------------------
/opt/airflow/dags/firstproj/first_dag.py                           1           0  0.07s           2026-03-15T07:24:42                      12
================================================================================
[2026-03-15T07:25:36.354+0000] {manager.py:997} INFO - 
================================================================================
DAG File Processing Stats

File Path                                 PID    Runtime      # DAGs    # Errors  Last Runtime    Last Run               Last # of DB Queries
----------------------------------------  -----  ---------  --------  ----------  --------------  -------------------  ----------------------
/opt/airflow/dags/firstproj/first_dag.py                           1           0  0.07s           2026-03-15T07:25:13                      12
================================================================================
[2026-03-15T07:26:06.663+0000] {manager.py:997} INFO - 
================================================================================
DAG File Processing Stats

File Path                                 PID    Runtime      # DAGs    # Errors  Last Runtime    Last Run               Last # of DB Queries
----------------------------------------  -----  ---------  --------  ----------  --------------  -------------------  ----------------------
/opt/airflow/dags/firstproj/first_dag.py                           1           0  0.13s           2026-03-15T07:25:43                      12
================================================================================
[2026-03-15T07:26:36.965+0000] {manager.py:997} INFO - 
================================================================================
DAG File Processing Stats

File Path                                 PID    Runtime      # DAGs    # Errors  Last Runtime    Last Run               Last # of DB Queries
----------------------------------------  -----  ---------  --------  ----------  --------------  -------------------  ----------------------
/opt/airflow/dags/firstproj/first_dag.py                           1           0  0.08s           2026-03-15T07:26:13                      12
================================================================================
[2026-03-15T07:27:07.241+0000] {manager.py:997} INFO - 
================================================================================
DAG File Processing Stats

File Path                                 PID    Runtime      # DAGs    # Errors  Last Runtime    Last Run               Last # of DB Queries
----------------------------------------  -----  ---------  --------  ----------  --------------  -------------------  ----------------------
/opt/airflow/dags/firstproj/first_dag.py                           1           0  0.06s           2026-03-15T07:26:44                      12
================================================================================
[2026-03-15T07:27:37.534+0000] {manager.py:997} INFO - 
================================================================================
DAG File Processing Stats

File Path                                 PID    Runtime      # DAGs    # Errors  Last Runtime    Last Run               Last # of DB Queries
----------------------------------------  -----  ---------  --------  ----------  --------------  -------------------  ----------------------
/opt/airflow/dags/firstproj/first_dag.py                           1           0  0.17s           2026-03-15T07:27:14                      12
================================================================================
[2026-03-15T07:28:07.792+0000] {manager.py:997} INFO - 
================================================================================
DAG File Processing Stats

File Path                                 PID    Runtime      # DAGs    # Errors  Last Runtime    Last Run               Last # of DB Queries
----------------------------------------  -----  ---------  --------  ----------  --------------  -------------------  ----------------------
/opt/airflow/dags/firstproj/first_dag.py                           1           0  0.05s           2026-03-15T07:27:44                      12
================================================================================
[2026-03-15T07:28:38.062+0000] {manager.py:997} INFO - 
================================================================================
DAG File Processing Stats

File Path                                 PID    Runtime      # DAGs    # Errors  Last Runtime    Last Run               Last # of DB Queries
----------------------------------------  -----  ---------  --------  ----------  --------------  -------------------  ----------------------
/opt/airflow/dags/firstproj/first_dag.py                           1           0  0.08s           2026-03-15T07:28:14                      12
================================================================================
[2026-03-15T07:28:41.090+0000] {manager.py:821} INFO - Searching for files in /opt/airflow/dags
[2026-03-15T07:28:41.100+0000] {manager.py:824} INFO - There are 1 files in /opt/airflow/dags
[2026-03-15T07:29:08.463+0000] {manager.py:997} INFO - 
================================================================================
DAG File Processing Stats

File Path                                 PID    Runtime      # DAGs    # Errors  Last Runtime    Last Run               Last # of DB Queries
----------------------------------------  -----  ---------  --------  ----------  --------------  -------------------  ----------------------
/opt/airflow/dags/firstproj/first_dag.py                           1           0  0.09s           2026-03-15T07:28:45                      12
================================================================================
[2026-03-15T07:29:38.662+0000] {manager.py:997} INFO - 
================================================================================
DAG File Processing Stats

File Path                                 PID    Runtime      # DAGs    # Errors  Last Runtime    Last Run               Last # of DB Queries
----------------------------------------  -----  ---------  --------  ----------  --------------  -------------------  ----------------------
/opt/airflow/dags/firstproj/first_dag.py                           1           0  0.06s           2026-03-15T07:29:15                      12
================================================================================
