[2026-03-15T05:10:04.330+0000] {local_task_job_runner.py:123} INFO - ::group::Pre task execution logs
[2026-03-15T05:10:04.338+0000] {taskinstance.py:2631} INFO - Dependencies all met for dep_context=non-requeueable deps ti=<TaskInstance: first.train scheduled__2026-03-14T04:33:00+00:00 [queued]>
[2026-03-15T05:10:04.341+0000] {taskinstance.py:2631} INFO - Dependencies all met for dep_context=requeueable deps ti=<TaskInstance: first.train scheduled__2026-03-14T04:33:00+00:00 [queued]>
[2026-03-15T05:10:04.342+0000] {taskinstance.py:2884} INFO - Starting attempt 1 of 1
[2026-03-15T05:10:04.345+0000] {taskinstance.py:2907} INFO - Executing <Task(PythonOperator): train> on 2026-03-14 04:33:00+00:00
[2026-03-15T05:10:04.347+0000] {standard_task_runner.py:72} INFO - Started process 187 to run task
[2026-03-15T05:10:04.348+0000] {standard_task_runner.py:104} INFO - Running: ['airflow', 'tasks', 'run', 'first', 'train', 'scheduled__2026-03-14T04:33:00+00:00', '--job-id', '8', '--raw', '--subdir', 'DAGS_FOLDER/firstproj/first_dag.py', '--cfg-path', '/tmp/tmp6xj1i034']
[2026-03-15T05:10:04.349+0000] {standard_task_runner.py:105} INFO - Job 8: Subtask train
[2026-03-15T05:10:04.355+0000] {logging_mixin.py:190} WARNING - /home/airflow/.local/lib/python3.12/site-packages/airflow/settings.py:209 DeprecationWarning: The sql_alchemy_conn option in [core] has been moved to the sql_alchemy_conn option in [database] - the old setting has been used, but please update your config.
[2026-03-15T05:10:04.367+0000] {task_command.py:467} INFO - Running <TaskInstance: first.train scheduled__2026-03-14T04:33:00+00:00 [running]> on host 6d61baed7027
[2026-03-15T05:10:04.368+0000] {logging_mixin.py:190} WARNING - /home/airflow/.local/lib/python3.12/site-packages/airflow/settings.py:470 DeprecationWarning: The sql_alchemy_conn option in [core] has been moved to the sql_alchemy_conn option in [database] - the old setting has been used, but please update your config.
[2026-03-15T05:10:04.395+0000] {taskinstance.py:3157} INFO - Exporting env vars: AIRFLOW_CTX_DAG_OWNER='airflow' AIRFLOW_CTX_DAG_ID='first' AIRFLOW_CTX_TASK_ID='train' AIRFLOW_CTX_EXECUTION_DATE='2026-03-14T04:33:00+00:00' AIRFLOW_CTX_TRY_NUMBER='1' AIRFLOW_CTX_DAG_RUN_ID='scheduled__2026-03-14T04:33:00+00:00'
[2026-03-15T05:10:04.396+0000] {taskinstance.py:740} INFO - ::endgroup::
[2026-03-15T05:10:04.400+0000] {runner.py:15} INFO - run train
[2026-03-15T05:10:09.401+0000] {python.py:240} INFO - Done. Returned value was: None
[2026-03-15T05:10:09.412+0000] {taskinstance.py:349} INFO - ::group::Post task execution logs
[2026-03-15T05:10:09.412+0000] {taskinstance.py:361} INFO - Marking task as SUCCESS. dag_id=first, task_id=train, run_id=scheduled__2026-03-14T04:33:00+00:00, execution_date=20260314T043300, start_date=20260315T051004, end_date=20260315T051009
[2026-03-15T05:10:09.528+0000] {local_task_job_runner.py:266} INFO - Task exited with return code 0
[2026-03-15T05:10:09.534+0000] {taskinstance.py:3924} INFO - 0 downstream tasks scheduled from follow-on schedule check
[2026-03-15T05:10:09.535+0000] {local_task_job_runner.py:245} INFO - ::endgroup::
