[2026-03-15T05:09:51.562+0000] {local_task_job_runner.py:123} INFO - ::group::Pre task execution logs
[2026-03-15T05:09:51.571+0000] {taskinstance.py:2631} INFO - Dependencies all met for dep_context=non-requeueable deps ti=<TaskInstance: first.extract_data scheduled__2026-03-14T04:33:00+00:00 [queued]>
[2026-03-15T05:09:51.573+0000] {taskinstance.py:2631} INFO - Dependencies all met for dep_context=requeueable deps ti=<TaskInstance: first.extract_data scheduled__2026-03-14T04:33:00+00:00 [queued]>
[2026-03-15T05:09:51.573+0000] {taskinstance.py:2884} INFO - Starting attempt 1 of 1
[2026-03-15T05:09:51.577+0000] {taskinstance.py:2907} INFO - Executing <Task(PythonOperator): extract_data> on 2026-03-14 04:33:00+00:00
[2026-03-15T05:09:51.579+0000] {standard_task_runner.py:72} INFO - Started process 157 to run task
[2026-03-15T05:09:51.580+0000] {standard_task_runner.py:104} INFO - Running: ['airflow', 'tasks', 'run', 'first', 'extract_data', 'scheduled__2026-03-14T04:33:00+00:00', '--job-id', '6', '--raw', '--subdir', 'DAGS_FOLDER/firstproj/first_dag.py', '--cfg-path', '/tmp/tmpug5ucwxk']
[2026-03-15T05:09:51.581+0000] {standard_task_runner.py:105} INFO - Job 6: Subtask extract_data
[2026-03-15T05:09:51.590+0000] {logging_mixin.py:190} WARNING - /home/airflow/.local/lib/python3.12/site-packages/airflow/settings.py:209 DeprecationWarning: The sql_alchemy_conn option in [core] has been moved to the sql_alchemy_conn option in [database] - the old setting has been used, but please update your config.
[2026-03-15T05:09:51.607+0000] {task_command.py:467} INFO - Running <TaskInstance: first.extract_data scheduled__2026-03-14T04:33:00+00:00 [running]> on host 6d61baed7027
[2026-03-15T05:09:51.608+0000] {logging_mixin.py:190} WARNING - /home/airflow/.local/lib/python3.12/site-packages/airflow/settings.py:470 DeprecationWarning: The sql_alchemy_conn option in [core] has been moved to the sql_alchemy_conn option in [database] - the old setting has been used, but please update your config.
[2026-03-15T05:09:51.639+0000] {taskinstance.py:3157} INFO - Exporting env vars: AIRFLOW_CTX_DAG_OWNER='airflow' AIRFLOW_CTX_DAG_ID='first' AIRFLOW_CTX_TASK_ID='extract_data' AIRFLOW_CTX_EXECUTION_DATE='2026-03-14T04:33:00+00:00' AIRFLOW_CTX_TRY_NUMBER='1' AIRFLOW_CTX_DAG_RUN_ID='scheduled__2026-03-14T04:33:00+00:00'
[2026-03-15T05:09:51.640+0000] {taskinstance.py:740} INFO - ::endgroup::
[2026-03-15T05:09:51.646+0000] {runner.py:7} INFO - run extract data
[2026-03-15T05:09:56.647+0000] {python.py:240} INFO - Done. Returned value was: None
[2026-03-15T05:09:56.658+0000] {taskinstance.py:349} INFO - ::group::Post task execution logs
[2026-03-15T05:09:56.659+0000] {taskinstance.py:361} INFO - Marking task as SUCCESS. dag_id=first, task_id=extract_data, run_id=scheduled__2026-03-14T04:33:00+00:00, execution_date=20260314T043300, start_date=20260315T050951, end_date=20260315T050956
[2026-03-15T05:09:56.680+0000] {local_task_job_runner.py:266} INFO - Task exited with return code 0
[2026-03-15T05:09:56.691+0000] {taskinstance.py:3924} INFO - 0 downstream tasks scheduled from follow-on schedule check
[2026-03-15T05:09:56.691+0000] {local_task_job_runner.py:245} INFO - ::endgroup::
