[2026-03-14T20:21:17.523+0000] {manager.py:483} INFO - Processing files using up to 2 processes at a time 
[2026-03-14T20:21:17.524+0000] {manager.py:484} INFO - Process each file at most once every 30 seconds
[2026-03-14T20:21:17.524+0000] {manager.py:485} INFO - Checking for new files in /opt/airflow/dags every 300 seconds
[2026-03-14T20:21:17.524+0000] {manager.py:821} INFO - Searching for files in /opt/airflow/dags
[2026-03-14T20:21:17.532+0000] {manager.py:824} INFO - There are 0 files in /opt/airflow/dags
[2026-03-14T20:26:17.760+0000] {manager.py:821} INFO - Searching for files in /opt/airflow/dags
[2026-03-14T20:26:17.770+0000] {manager.py:824} INFO - There are 1 files in /opt/airflow/dags
[2026-03-14T20:26:19.795+0000] {manager.py:997} INFO - 
================================================================================
DAG File Processing Stats

File Path                                 PID    Runtime      # DAGs    # Errors  Last Runtime    Last Run               Last # of DB Queries
----------------------------------------  -----  ---------  --------  ----------  --------------  -------------------  ----------------------
/opt/airflow/dags/firstproj/first_dag.py                           1           0  0.17s           2026-03-14T20:26:17                      45
================================================================================
[2026-03-14T20:26:50.042+0000] {manager.py:997} INFO - 
================================================================================
DAG File Processing Stats

File Path                                 PID    Runtime      # DAGs    # Errors  Last Runtime    Last Run               Last # of DB Queries
----------------------------------------  -----  ---------  --------  ----------  --------------  -------------------  ----------------------
/opt/airflow/dags/firstproj/first_dag.py                           1           0  0.08s           2026-03-14T20:26:48                      12
================================================================================
[2026-03-14T20:27:20.301+0000] {manager.py:997} INFO - 
================================================================================
DAG File Processing Stats

File Path                                 PID    Runtime      # DAGs    # Errors  Last Runtime    Last Run               Last # of DB Queries
----------------------------------------  -----  ---------  --------  ----------  --------------  -------------------  ----------------------
/opt/airflow/dags/firstproj/first_dag.py                           1           0  0.07s           2026-03-14T20:27:18                      12
================================================================================
[2026-03-14T20:27:50.539+0000] {manager.py:997} INFO - 
================================================================================
DAG File Processing Stats

File Path                                 PID    Runtime      # DAGs    # Errors  Last Runtime    Last Run               Last # of DB Queries
----------------------------------------  -----  ---------  --------  ----------  --------------  -------------------  ----------------------
/opt/airflow/dags/firstproj/first_dag.py                           1           0  0.08s           2026-03-14T20:27:48                      12
================================================================================
[2026-03-14T20:28:20.766+0000] {manager.py:997} INFO - 
================================================================================
DAG File Processing Stats

File Path                                 PID    Runtime      # DAGs    # Errors  Last Runtime    Last Run               Last # of DB Queries
----------------------------------------  -----  ---------  --------  ----------  --------------  -------------------  ----------------------
/opt/airflow/dags/firstproj/first_dag.py                           1           0  0.07s           2026-03-14T20:28:18                      12
================================================================================
[2026-03-14T20:28:51.049+0000] {manager.py:997} INFO - 
================================================================================
DAG File Processing Stats

File Path                                 PID    Runtime      # DAGs    # Errors  Last Runtime    Last Run               Last # of DB Queries
----------------------------------------  -----  ---------  --------  ----------  --------------  -------------------  ----------------------
/opt/airflow/dags/firstproj/first_dag.py                           1           0  0.08s           2026-03-14T20:28:49                      12
================================================================================
[2026-03-14T20:29:21.275+0000] {manager.py:997} INFO - 
================================================================================
DAG File Processing Stats

File Path                                 PID    Runtime      # DAGs    # Errors  Last Runtime    Last Run               Last # of DB Queries
----------------------------------------  -----  ---------  --------  ----------  --------------  -------------------  ----------------------
/opt/airflow/dags/firstproj/first_dag.py                           1           0  0.07s           2026-03-14T20:29:19                      12
================================================================================
[2026-03-14T20:29:51.530+0000] {manager.py:997} INFO - 
================================================================================
DAG File Processing Stats

File Path                                 PID    Runtime      # DAGs    # Errors  Last Runtime    Last Run               Last # of DB Queries
----------------------------------------  -----  ---------  --------  ----------  --------------  -------------------  ----------------------
/opt/airflow/dags/firstproj/first_dag.py                           1           0  0.09s           2026-03-14T20:29:49                      12
================================================================================
[2026-03-14T20:30:21.806+0000] {manager.py:997} INFO - 
================================================================================
DAG File Processing Stats

File Path                                 PID    Runtime      # DAGs    # Errors  Last Runtime    Last Run               Last # of DB Queries
----------------------------------------  -----  ---------  --------  ----------  --------------  -------------------  ----------------------
/opt/airflow/dags/firstproj/first_dag.py                           1           0  0.08s           2026-03-14T20:30:19                      12
================================================================================
[2026-03-14T20:30:52.031+0000] {manager.py:997} INFO - 
================================================================================
DAG File Processing Stats

File Path                                 PID    Runtime      # DAGs    # Errors  Last Runtime    Last Run               Last # of DB Queries
----------------------------------------  -----  ---------  --------  ----------  --------------  -------------------  ----------------------
/opt/airflow/dags/firstproj/first_dag.py                           1           0  0.04s           2026-03-14T20:30:50                      12
================================================================================
[2026-03-14T20:31:18.229+0000] {manager.py:821} INFO - Searching for files in /opt/airflow/dags
[2026-03-14T20:31:18.243+0000] {manager.py:824} INFO - There are 1 files in /opt/airflow/dags
[2026-03-14T20:31:22.298+0000] {manager.py:997} INFO - 
================================================================================
DAG File Processing Stats

File Path                                 PID    Runtime      # DAGs    # Errors  Last Runtime    Last Run               Last # of DB Queries
----------------------------------------  -----  ---------  --------  ----------  --------------  -------------------  ----------------------
/opt/airflow/dags/firstproj/first_dag.py                           1           0  0.07s           2026-03-14T20:31:20                      12
================================================================================
[2026-03-14T20:31:52.558+0000] {manager.py:997} INFO - 
================================================================================
DAG File Processing Stats

File Path                                 PID    Runtime      # DAGs    # Errors  Last Runtime    Last Run               Last # of DB Queries
----------------------------------------  -----  ---------  --------  ----------  --------------  -------------------  ----------------------
/opt/airflow/dags/firstproj/first_dag.py                           1           0  0.06s           2026-03-14T20:31:50                      12
================================================================================
[2026-03-14T20:32:22.798+0000] {manager.py:997} INFO - 
================================================================================
DAG File Processing Stats

File Path                                 PID    Runtime      # DAGs    # Errors  Last Runtime    Last Run               Last # of DB Queries
----------------------------------------  -----  ---------  --------  ----------  --------------  -------------------  ----------------------
/opt/airflow/dags/firstproj/first_dag.py                           1           0  0.09s           2026-03-14T20:32:20                      12
================================================================================
[2026-03-14T20:32:53.028+0000] {manager.py:997} INFO - 
================================================================================
DAG File Processing Stats

File Path                                 PID    Runtime      # DAGs    # Errors  Last Runtime    Last Run               Last # of DB Queries
----------------------------------------  -----  ---------  --------  ----------  --------------  -------------------  ----------------------
/opt/airflow/dags/firstproj/first_dag.py                           1           0  0.04s           2026-03-14T20:32:51                      12
================================================================================
[2026-03-14T20:33:23.248+0000] {manager.py:997} INFO - 
================================================================================
DAG File Processing Stats

File Path                                 PID    Runtime      # DAGs    # Errors  Last Runtime    Last Run               Last # of DB Queries
----------------------------------------  -----  ---------  --------  ----------  --------------  -------------------  ----------------------
/opt/airflow/dags/firstproj/first_dag.py                           1           0  0.09s           2026-03-14T20:33:21                      12
================================================================================
[2026-03-14T20:33:53.556+0000] {manager.py:997} INFO - 
================================================================================
DAG File Processing Stats

File Path                                 PID    Runtime      # DAGs    # Errors  Last Runtime    Last Run               Last # of DB Queries
----------------------------------------  -----  ---------  --------  ----------  --------------  -------------------  ----------------------
/opt/airflow/dags/firstproj/first_dag.py                           1           0  0.07s           2026-03-14T20:33:36                      11
================================================================================
[2026-03-14T20:34:23.897+0000] {manager.py:997} INFO - 
================================================================================
DAG File Processing Stats

File Path                                 PID    Runtime      # DAGs    # Errors  Last Runtime    Last Run               Last # of DB Queries
----------------------------------------  -----  ---------  --------  ----------  --------------  -------------------  ----------------------
/opt/airflow/dags/firstproj/first_dag.py                           1           0  0.13s           2026-03-14T20:34:06                      12
================================================================================
[2026-03-14T20:34:54.185+0000] {manager.py:997} INFO - 
================================================================================
DAG File Processing Stats

File Path                                 PID    Runtime      # DAGs    # Errors  Last Runtime    Last Run               Last # of DB Queries
----------------------------------------  -----  ---------  --------  ----------  --------------  -------------------  ----------------------
/opt/airflow/dags/firstproj/first_dag.py                           1           0  0.11s           2026-03-14T20:34:37                      12
================================================================================
[2026-03-14T20:35:24.441+0000] {manager.py:997} INFO - 
================================================================================
DAG File Processing Stats

File Path                                 PID    Runtime      # DAGs    # Errors  Last Runtime    Last Run               Last # of DB Queries
----------------------------------------  -----  ---------  --------  ----------  --------------  -------------------  ----------------------
/opt/airflow/dags/firstproj/first_dag.py                           1           0  0.07s           2026-03-14T20:35:07                      12
================================================================================
[2026-03-14T20:35:54.769+0000] {manager.py:997} INFO - 
================================================================================
DAG File Processing Stats

File Path                                   PID  Runtime      # DAGs    # Errors  Last Runtime    Last Run               Last # of DB Queries
----------------------------------------  -----  ---------  --------  ----------  --------------  -------------------  ----------------------
/opt/airflow/dags/firstproj/first_dag.py     45  0.01s             1           0  0.09s           2026-03-14T20:35:37                      12
================================================================================
[2026-03-14T20:36:18.983+0000] {manager.py:821} INFO - Searching for files in /opt/airflow/dags
[2026-03-14T20:36:18.995+0000] {manager.py:824} INFO - There are 1 files in /opt/airflow/dags
[2026-03-14T20:36:25.057+0000] {manager.py:997} INFO - 
================================================================================
DAG File Processing Stats

File Path                                   PID  Runtime      # DAGs    # Errors  Last Runtime    Last Run               Last # of DB Queries
----------------------------------------  -----  ---------  --------  ----------  --------------  -------------------  ----------------------
/opt/airflow/dags/firstproj/first_dag.py     61  0.00s             1           0  0.13s           2026-03-14T20:35:54                      34
================================================================================
[2026-03-14T20:36:55.379+0000] {manager.py:997} INFO - 
================================================================================
DAG File Processing Stats

File Path                                   PID  Runtime      # DAGs    # Errors  Last Runtime    Last Run               Last # of DB Queries
----------------------------------------  -----  ---------  --------  ----------  --------------  -------------------  ----------------------
/opt/airflow/dags/firstproj/first_dag.py     92  0.01s             1           0  0.05s           2026-03-14T20:36:25                      12
================================================================================
[2026-03-14T20:37:25.653+0000] {manager.py:997} INFO - 
================================================================================
DAG File Processing Stats

File Path                                   PID  Runtime      # DAGs    # Errors  Last Runtime    Last Run               Last # of DB Queries
----------------------------------------  -----  ---------  --------  ----------  --------------  -------------------  ----------------------
/opt/airflow/dags/firstproj/first_dag.py     93  0.01s             1           0  0.09s           2026-03-14T20:36:55                      12
================================================================================
[2026-03-14T20:37:55.918+0000] {manager.py:997} INFO - 
================================================================================
DAG File Processing Stats

File Path                                   PID  Runtime      # DAGs    # Errors  Last Runtime    Last Run               Last # of DB Queries
----------------------------------------  -----  ---------  --------  ----------  --------------  -------------------  ----------------------
/opt/airflow/dags/firstproj/first_dag.py     94  0.00s             1           0  0.09s           2026-03-14T20:37:25                      12
================================================================================
[2026-03-14T20:38:26.191+0000] {manager.py:997} INFO - 
================================================================================
DAG File Processing Stats

File Path                                   PID  Runtime      # DAGs    # Errors  Last Runtime    Last Run               Last # of DB Queries
----------------------------------------  -----  ---------  --------  ----------  --------------  -------------------  ----------------------
/opt/airflow/dags/firstproj/first_dag.py     95  0.00s             1           0  0.06s           2026-03-14T20:37:55                      12
================================================================================
[2026-03-14T20:38:56.471+0000] {manager.py:997} INFO - 
================================================================================
DAG File Processing Stats

File Path                                   PID  Runtime      # DAGs    # Errors  Last Runtime    Last Run               Last # of DB Queries
----------------------------------------  -----  ---------  --------  ----------  --------------  -------------------  ----------------------
/opt/airflow/dags/firstproj/first_dag.py     96  0.01s             1           0  0.08s           2026-03-14T20:38:26                      12
================================================================================
[2026-03-14T20:39:26.726+0000] {manager.py:997} INFO - 
================================================================================
DAG File Processing Stats

File Path                                   PID  Runtime      # DAGs    # Errors  Last Runtime    Last Run               Last # of DB Queries
----------------------------------------  -----  ---------  --------  ----------  --------------  -------------------  ----------------------
/opt/airflow/dags/firstproj/first_dag.py     97  0.00s             1           0  0.08s           2026-03-14T20:38:56                      12
================================================================================
[2026-03-14T20:39:56.961+0000] {manager.py:997} INFO - 
================================================================================
DAG File Processing Stats

File Path                                   PID  Runtime      # DAGs    # Errors  Last Runtime    Last Run               Last # of DB Queries
----------------------------------------  -----  ---------  --------  ----------  --------------  -------------------  ----------------------
/opt/airflow/dags/firstproj/first_dag.py     98  0.01s             1           0  0.07s           2026-03-14T20:39:26                      12
================================================================================
[2026-03-14T20:40:27.208+0000] {manager.py:997} INFO - 
================================================================================
DAG File Processing Stats

File Path                                   PID  Runtime      # DAGs    # Errors  Last Runtime    Last Run               Last # of DB Queries
----------------------------------------  -----  ---------  --------  ----------  --------------  -------------------  ----------------------
/opt/airflow/dags/firstproj/first_dag.py     99  0.00s             1           0  0.08s           2026-03-14T20:39:57                      12
================================================================================
