[2026-03-15T00:03:53.916+0000] {processor.py:186} INFO - Started process (PID=134) to work on /opt/airflow/dags/firstproj/first_dag.py
[2026-03-15T00:03:53.917+0000] {processor.py:914} INFO - Processing file /opt/airflow/dags/firstproj/first_dag.py for tasks to queue
[2026-03-15T00:03:53.918+0000] {logging_mixin.py:190} INFO - [2026-03-15T00:03:53.918+0000] {dagbag.py:588} INFO - Filling up the DagBag from /opt/airflow/dags/firstproj/first_dag.py
[2026-03-15T00:03:53.925+0000] {processor.py:925} INFO - DAG(s) 'first' retrieved from /opt/airflow/dags/firstproj/first_dag.py
[2026-03-15T00:03:53.939+0000] {logging_mixin.py:190} INFO - [2026-03-15T00:03:53.939+0000] {dag.py:3239} INFO - Sync 1 DAGs
[2026-03-15T00:03:53.950+0000] {logging_mixin.py:190} INFO - [2026-03-15T00:03:53.949+0000] {dag.py:4180} INFO - Setting next_dagrun for first to 2026-03-14 04:33:00+00:00, run_after=2026-03-15 04:33:00+00:00
[2026-03-15T00:03:53.956+0000] {processor.py:208} INFO - Processing /opt/airflow/dags/firstproj/first_dag.py took 0.043 seconds
[2026-03-15T00:21:38.678+0000] {processor.py:186} INFO - Started process (PID=135) to work on /opt/airflow/dags/firstproj/first_dag.py
[2026-03-15T00:21:38.678+0000] {processor.py:914} INFO - Processing file /opt/airflow/dags/firstproj/first_dag.py for tasks to queue
[2026-03-15T00:21:38.680+0000] {logging_mixin.py:190} INFO - [2026-03-15T00:21:38.680+0000] {dagbag.py:588} INFO - Filling up the DagBag from /opt/airflow/dags/firstproj/first_dag.py
[2026-03-15T00:21:38.687+0000] {processor.py:925} INFO - DAG(s) 'first' retrieved from /opt/airflow/dags/firstproj/first_dag.py
[2026-03-15T00:21:38.701+0000] {logging_mixin.py:190} INFO - [2026-03-15T00:21:38.701+0000] {dag.py:3239} INFO - Sync 1 DAGs
[2026-03-15T00:21:38.713+0000] {logging_mixin.py:190} INFO - [2026-03-15T00:21:38.713+0000] {dag.py:4180} INFO - Setting next_dagrun for first to 2026-03-14 04:33:00+00:00, run_after=2026-03-15 04:33:00+00:00
[2026-03-15T00:21:38.720+0000] {processor.py:208} INFO - Processing /opt/airflow/dags/firstproj/first_dag.py took 0.046 seconds
[2026-03-15T00:55:02.967+0000] {processor.py:186} INFO - Started process (PID=136) to work on /opt/airflow/dags/firstproj/first_dag.py
[2026-03-15T00:55:02.967+0000] {processor.py:914} INFO - Processing file /opt/airflow/dags/firstproj/first_dag.py for tasks to queue
[2026-03-15T00:55:02.968+0000] {logging_mixin.py:190} INFO - [2026-03-15T00:55:02.968+0000] {dagbag.py:588} INFO - Filling up the DagBag from /opt/airflow/dags/firstproj/first_dag.py
[2026-03-15T00:55:02.975+0000] {processor.py:925} INFO - DAG(s) 'first' retrieved from /opt/airflow/dags/firstproj/first_dag.py
[2026-03-15T00:55:02.989+0000] {logging_mixin.py:190} INFO - [2026-03-15T00:55:02.989+0000] {dag.py:3239} INFO - Sync 1 DAGs
[2026-03-15T00:55:02.999+0000] {logging_mixin.py:190} INFO - [2026-03-15T00:55:02.999+0000] {dag.py:4180} INFO - Setting next_dagrun for first to 2026-03-14 04:33:00+00:00, run_after=2026-03-15 04:33:00+00:00
[2026-03-15T00:55:03.005+0000] {processor.py:208} INFO - Processing /opt/airflow/dags/firstproj/first_dag.py took 0.045 seconds
[2026-03-15T01:26:23.601+0000] {processor.py:186} INFO - Started process (PID=137) to work on /opt/airflow/dags/firstproj/first_dag.py
[2026-03-15T01:26:23.602+0000] {processor.py:914} INFO - Processing file /opt/airflow/dags/firstproj/first_dag.py for tasks to queue
[2026-03-15T01:26:23.603+0000] {logging_mixin.py:190} INFO - [2026-03-15T01:26:23.603+0000] {dagbag.py:588} INFO - Filling up the DagBag from /opt/airflow/dags/firstproj/first_dag.py
[2026-03-15T01:26:23.610+0000] {processor.py:925} INFO - DAG(s) 'first' retrieved from /opt/airflow/dags/firstproj/first_dag.py
[2026-03-15T01:26:23.623+0000] {logging_mixin.py:190} INFO - [2026-03-15T01:26:23.623+0000] {dag.py:3239} INFO - Sync 1 DAGs
[2026-03-15T01:26:23.634+0000] {logging_mixin.py:190} INFO - [2026-03-15T01:26:23.634+0000] {dag.py:4180} INFO - Setting next_dagrun for first to 2026-03-14 04:33:00+00:00, run_after=2026-03-15 04:33:00+00:00
[2026-03-15T01:26:23.641+0000] {processor.py:208} INFO - Processing /opt/airflow/dags/firstproj/first_dag.py took 0.043 seconds
[2026-03-15T02:01:04.373+0000] {processor.py:186} INFO - Started process (PID=138) to work on /opt/airflow/dags/firstproj/first_dag.py
[2026-03-15T02:01:04.374+0000] {processor.py:914} INFO - Processing file /opt/airflow/dags/firstproj/first_dag.py for tasks to queue
[2026-03-15T02:01:04.376+0000] {logging_mixin.py:190} INFO - [2026-03-15T02:01:04.375+0000] {dagbag.py:588} INFO - Filling up the DagBag from /opt/airflow/dags/firstproj/first_dag.py
[2026-03-15T02:01:04.382+0000] {processor.py:925} INFO - DAG(s) 'first' retrieved from /opt/airflow/dags/firstproj/first_dag.py
[2026-03-15T02:01:04.395+0000] {logging_mixin.py:190} INFO - [2026-03-15T02:01:04.394+0000] {dag.py:3239} INFO - Sync 1 DAGs
[2026-03-15T02:01:04.405+0000] {logging_mixin.py:190} INFO - [2026-03-15T02:01:04.405+0000] {dag.py:4180} INFO - Setting next_dagrun for first to 2026-03-14 04:33:00+00:00, run_after=2026-03-15 04:33:00+00:00
[2026-03-15T02:01:04.411+0000] {processor.py:208} INFO - Processing /opt/airflow/dags/firstproj/first_dag.py took 0.041 seconds
[2026-03-15T02:19:02.986+0000] {processor.py:186} INFO - Started process (PID=139) to work on /opt/airflow/dags/firstproj/first_dag.py
[2026-03-15T02:19:02.987+0000] {processor.py:914} INFO - Processing file /opt/airflow/dags/firstproj/first_dag.py for tasks to queue
[2026-03-15T02:19:02.988+0000] {logging_mixin.py:190} INFO - [2026-03-15T02:19:02.988+0000] {dagbag.py:588} INFO - Filling up the DagBag from /opt/airflow/dags/firstproj/first_dag.py
[2026-03-15T02:19:02.994+0000] {processor.py:925} INFO - DAG(s) 'first' retrieved from /opt/airflow/dags/firstproj/first_dag.py
[2026-03-15T02:19:03.008+0000] {logging_mixin.py:190} INFO - [2026-03-15T02:19:03.008+0000] {dag.py:3239} INFO - Sync 1 DAGs
[2026-03-15T02:19:03.018+0000] {logging_mixin.py:190} INFO - [2026-03-15T02:19:03.018+0000] {dag.py:4180} INFO - Setting next_dagrun for first to 2026-03-14 04:33:00+00:00, run_after=2026-03-15 04:33:00+00:00
[2026-03-15T02:19:03.025+0000] {processor.py:208} INFO - Processing /opt/airflow/dags/firstproj/first_dag.py took 0.042 seconds
[2026-03-15T03:13:04.568+0000] {processor.py:186} INFO - Started process (PID=140) to work on /opt/airflow/dags/firstproj/first_dag.py
[2026-03-15T03:13:04.569+0000] {processor.py:914} INFO - Processing file /opt/airflow/dags/firstproj/first_dag.py for tasks to queue
[2026-03-15T03:13:04.572+0000] {logging_mixin.py:190} INFO - [2026-03-15T03:13:04.571+0000] {dagbag.py:588} INFO - Filling up the DagBag from /opt/airflow/dags/firstproj/first_dag.py
[2026-03-15T03:13:04.598+0000] {processor.py:925} INFO - DAG(s) 'first' retrieved from /opt/airflow/dags/firstproj/first_dag.py
[2026-03-15T03:13:04.619+0000] {logging_mixin.py:190} INFO - [2026-03-15T03:13:04.619+0000] {dag.py:3239} INFO - Sync 1 DAGs
[2026-03-15T03:13:04.633+0000] {logging_mixin.py:190} INFO - [2026-03-15T03:13:04.633+0000] {dag.py:4180} INFO - Setting next_dagrun for first to 2026-03-14 04:33:00+00:00, run_after=2026-03-15 04:33:00+00:00
[2026-03-15T03:13:04.642+0000] {processor.py:208} INFO - Processing /opt/airflow/dags/firstproj/first_dag.py took 0.079 seconds
[2026-03-15T03:16:51.905+0000] {processor.py:186} INFO - Started process (PID=141) to work on /opt/airflow/dags/firstproj/first_dag.py
[2026-03-15T03:16:51.906+0000] {processor.py:914} INFO - Processing file /opt/airflow/dags/firstproj/first_dag.py for tasks to queue
[2026-03-15T03:16:51.907+0000] {logging_mixin.py:190} INFO - [2026-03-15T03:16:51.907+0000] {dagbag.py:588} INFO - Filling up the DagBag from /opt/airflow/dags/firstproj/first_dag.py
[2026-03-15T03:16:51.917+0000] {processor.py:925} INFO - DAG(s) 'first' retrieved from /opt/airflow/dags/firstproj/first_dag.py
[2026-03-15T03:16:51.931+0000] {logging_mixin.py:190} INFO - [2026-03-15T03:16:51.931+0000] {dag.py:3239} INFO - Sync 1 DAGs
[2026-03-15T03:16:51.941+0000] {logging_mixin.py:190} INFO - [2026-03-15T03:16:51.941+0000] {dag.py:4180} INFO - Setting next_dagrun for first to 2026-03-14 04:33:00+00:00, run_after=2026-03-15 04:33:00+00:00
[2026-03-15T03:16:51.948+0000] {processor.py:208} INFO - Processing /opt/airflow/dags/firstproj/first_dag.py took 0.047 seconds
[2026-03-15T04:24:13.009+0000] {processor.py:186} INFO - Started process (PID=142) to work on /opt/airflow/dags/firstproj/first_dag.py
[2026-03-15T04:24:13.010+0000] {processor.py:914} INFO - Processing file /opt/airflow/dags/firstproj/first_dag.py for tasks to queue
[2026-03-15T04:24:13.012+0000] {logging_mixin.py:190} INFO - [2026-03-15T04:24:13.012+0000] {dagbag.py:588} INFO - Filling up the DagBag from /opt/airflow/dags/firstproj/first_dag.py
[2026-03-15T04:24:13.021+0000] {processor.py:925} INFO - DAG(s) 'first' retrieved from /opt/airflow/dags/firstproj/first_dag.py
[2026-03-15T04:24:13.035+0000] {logging_mixin.py:190} INFO - [2026-03-15T04:24:13.035+0000] {dag.py:3239} INFO - Sync 1 DAGs
[2026-03-15T04:24:13.046+0000] {logging_mixin.py:190} INFO - [2026-03-15T04:24:13.046+0000] {dag.py:4180} INFO - Setting next_dagrun for first to 2026-03-14 04:33:00+00:00, run_after=2026-03-15 04:33:00+00:00
[2026-03-15T04:24:13.053+0000] {processor.py:208} INFO - Processing /opt/airflow/dags/firstproj/first_dag.py took 0.049 seconds
[2026-03-15T05:09:50.713+0000] {processor.py:186} INFO - Started process (PID=144) to work on /opt/airflow/dags/firstproj/first_dag.py
[2026-03-15T05:09:50.714+0000] {processor.py:914} INFO - Processing file /opt/airflow/dags/firstproj/first_dag.py for tasks to queue
[2026-03-15T05:09:50.716+0000] {logging_mixin.py:190} INFO - [2026-03-15T05:09:50.716+0000] {dagbag.py:588} INFO - Filling up the DagBag from /opt/airflow/dags/firstproj/first_dag.py
[2026-03-15T05:09:50.724+0000] {processor.py:925} INFO - DAG(s) 'first' retrieved from /opt/airflow/dags/firstproj/first_dag.py
[2026-03-15T05:09:50.749+0000] {logging_mixin.py:190} INFO - [2026-03-15T05:09:50.749+0000] {dag.py:3239} INFO - Sync 1 DAGs
[2026-03-15T05:09:50.764+0000] {logging_mixin.py:190} INFO - [2026-03-15T05:09:50.764+0000] {dag.py:4180} INFO - Setting next_dagrun for first to 2026-03-15 04:33:00+00:00, run_after=2026-03-16 04:33:00+00:00
[2026-03-15T05:09:50.772+0000] {processor.py:208} INFO - Processing /opt/airflow/dags/firstproj/first_dag.py took 0.064 seconds
[2026-03-15T05:41:13.076+0000] {processor.py:186} INFO - Started process (PID=189) to work on /opt/airflow/dags/firstproj/first_dag.py
[2026-03-15T05:41:13.077+0000] {processor.py:914} INFO - Processing file /opt/airflow/dags/firstproj/first_dag.py for tasks to queue
[2026-03-15T05:41:13.078+0000] {logging_mixin.py:190} INFO - [2026-03-15T05:41:13.078+0000] {dagbag.py:588} INFO - Filling up the DagBag from /opt/airflow/dags/firstproj/first_dag.py
[2026-03-15T05:41:13.084+0000] {processor.py:925} INFO - DAG(s) 'first' retrieved from /opt/airflow/dags/firstproj/first_dag.py
[2026-03-15T05:41:13.097+0000] {logging_mixin.py:190} INFO - [2026-03-15T05:41:13.097+0000] {dag.py:3239} INFO - Sync 1 DAGs
[2026-03-15T05:41:13.106+0000] {logging_mixin.py:190} INFO - [2026-03-15T05:41:13.106+0000] {dag.py:4180} INFO - Setting next_dagrun for first to 2026-03-15 04:33:00+00:00, run_after=2026-03-16 04:33:00+00:00
[2026-03-15T05:41:13.112+0000] {processor.py:208} INFO - Processing /opt/airflow/dags/firstproj/first_dag.py took 0.040 seconds
[2026-03-15T05:41:43.345+0000] {processor.py:186} INFO - Started process (PID=190) to work on /opt/airflow/dags/firstproj/first_dag.py
[2026-03-15T05:41:43.346+0000] {processor.py:914} INFO - Processing file /opt/airflow/dags/firstproj/first_dag.py for tasks to queue
[2026-03-15T05:41:43.348+0000] {logging_mixin.py:190} INFO - [2026-03-15T05:41:43.347+0000] {dagbag.py:588} INFO - Filling up the DagBag from /opt/airflow/dags/firstproj/first_dag.py
[2026-03-15T05:41:43.356+0000] {processor.py:925} INFO - DAG(s) 'first' retrieved from /opt/airflow/dags/firstproj/first_dag.py
[2026-03-15T05:41:43.374+0000] {logging_mixin.py:190} INFO - [2026-03-15T05:41:43.374+0000] {dag.py:3239} INFO - Sync 1 DAGs
[2026-03-15T05:41:43.385+0000] {logging_mixin.py:190} INFO - [2026-03-15T05:41:43.385+0000] {dag.py:4180} INFO - Setting next_dagrun for first to 2026-03-15 04:33:00+00:00, run_after=2026-03-16 04:33:00+00:00
[2026-03-15T05:41:43.392+0000] {processor.py:208} INFO - Processing /opt/airflow/dags/firstproj/first_dag.py took 0.054 seconds
[2026-03-15T06:11:33.777+0000] {processor.py:186} INFO - Started process (PID=191) to work on /opt/airflow/dags/firstproj/first_dag.py
[2026-03-15T06:11:33.778+0000] {processor.py:914} INFO - Processing file /opt/airflow/dags/firstproj/first_dag.py for tasks to queue
[2026-03-15T06:11:33.779+0000] {logging_mixin.py:190} INFO - [2026-03-15T06:11:33.779+0000] {dagbag.py:588} INFO - Filling up the DagBag from /opt/airflow/dags/firstproj/first_dag.py
[2026-03-15T06:11:33.786+0000] {processor.py:925} INFO - DAG(s) 'first' retrieved from /opt/airflow/dags/firstproj/first_dag.py
[2026-03-15T06:11:33.800+0000] {logging_mixin.py:190} INFO - [2026-03-15T06:11:33.800+0000] {dag.py:3239} INFO - Sync 1 DAGs
[2026-03-15T06:11:33.811+0000] {logging_mixin.py:190} INFO - [2026-03-15T06:11:33.811+0000] {dag.py:4180} INFO - Setting next_dagrun for first to 2026-03-15 04:33:00+00:00, run_after=2026-03-16 04:33:00+00:00
[2026-03-15T06:11:33.817+0000] {processor.py:208} INFO - Processing /opt/airflow/dags/firstproj/first_dag.py took 0.044 seconds
[2026-03-15T06:55:44.442+0000] {processor.py:186} INFO - Started process (PID=192) to work on /opt/airflow/dags/firstproj/first_dag.py
[2026-03-15T06:55:44.442+0000] {processor.py:914} INFO - Processing file /opt/airflow/dags/firstproj/first_dag.py for tasks to queue
[2026-03-15T06:55:44.443+0000] {logging_mixin.py:190} INFO - [2026-03-15T06:55:44.443+0000] {dagbag.py:588} INFO - Filling up the DagBag from /opt/airflow/dags/firstproj/first_dag.py
[2026-03-15T06:55:44.449+0000] {processor.py:925} INFO - DAG(s) 'first' retrieved from /opt/airflow/dags/firstproj/first_dag.py
[2026-03-15T06:55:44.461+0000] {logging_mixin.py:190} INFO - [2026-03-15T06:55:44.461+0000] {dag.py:3239} INFO - Sync 1 DAGs
[2026-03-15T06:55:44.470+0000] {logging_mixin.py:190} INFO - [2026-03-15T06:55:44.470+0000] {dag.py:4180} INFO - Setting next_dagrun for first to 2026-03-15 04:33:00+00:00, run_after=2026-03-16 04:33:00+00:00
[2026-03-15T06:55:44.477+0000] {processor.py:208} INFO - Processing /opt/airflow/dags/firstproj/first_dag.py took 0.037 seconds
[2026-03-15T07:18:39.570+0000] {processor.py:186} INFO - Started process (PID=193) to work on /opt/airflow/dags/firstproj/first_dag.py
[2026-03-15T07:18:39.571+0000] {processor.py:914} INFO - Processing file /opt/airflow/dags/firstproj/first_dag.py for tasks to queue
[2026-03-15T07:18:39.575+0000] {logging_mixin.py:190} INFO - [2026-03-15T07:18:39.574+0000] {dagbag.py:588} INFO - Filling up the DagBag from /opt/airflow/dags/firstproj/first_dag.py
[2026-03-15T07:18:39.593+0000] {processor.py:925} INFO - DAG(s) 'first' retrieved from /opt/airflow/dags/firstproj/first_dag.py
[2026-03-15T07:18:39.633+0000] {logging_mixin.py:190} INFO - [2026-03-15T07:18:39.633+0000] {dag.py:3239} INFO - Sync 1 DAGs
[2026-03-15T07:18:39.655+0000] {logging_mixin.py:190} INFO - [2026-03-15T07:18:39.654+0000] {dag.py:4180} INFO - Setting next_dagrun for first to 2026-03-15 04:33:00+00:00, run_after=2026-03-16 04:33:00+00:00
[2026-03-15T07:18:39.665+0000] {processor.py:208} INFO - Processing /opt/airflow/dags/firstproj/first_dag.py took 0.105 seconds
[2026-03-15T07:19:09.794+0000] {processor.py:186} INFO - Started process (PID=194) to work on /opt/airflow/dags/firstproj/first_dag.py
[2026-03-15T07:19:09.795+0000] {processor.py:914} INFO - Processing file /opt/airflow/dags/firstproj/first_dag.py for tasks to queue
[2026-03-15T07:19:09.797+0000] {logging_mixin.py:190} INFO - [2026-03-15T07:19:09.797+0000] {dagbag.py:588} INFO - Filling up the DagBag from /opt/airflow/dags/firstproj/first_dag.py
[2026-03-15T07:19:09.806+0000] {processor.py:925} INFO - DAG(s) 'first' retrieved from /opt/airflow/dags/firstproj/first_dag.py
[2026-03-15T07:19:09.824+0000] {logging_mixin.py:190} INFO - [2026-03-15T07:19:09.824+0000] {dag.py:3239} INFO - Sync 1 DAGs
[2026-03-15T07:19:09.834+0000] {logging_mixin.py:190} INFO - [2026-03-15T07:19:09.834+0000] {dag.py:4180} INFO - Setting next_dagrun for first to 2026-03-15 04:33:00+00:00, run_after=2026-03-16 04:33:00+00:00
[2026-03-15T07:19:09.843+0000] {processor.py:208} INFO - Processing /opt/airflow/dags/firstproj/first_dag.py took 0.054 seconds
[2026-03-15T07:19:40.076+0000] {processor.py:186} INFO - Started process (PID=195) to work on /opt/airflow/dags/firstproj/first_dag.py
[2026-03-15T07:19:40.077+0000] {processor.py:914} INFO - Processing file /opt/airflow/dags/firstproj/first_dag.py for tasks to queue
[2026-03-15T07:19:40.080+0000] {logging_mixin.py:190} INFO - [2026-03-15T07:19:40.080+0000] {dagbag.py:588} INFO - Filling up the DagBag from /opt/airflow/dags/firstproj/first_dag.py
[2026-03-15T07:19:40.095+0000] {processor.py:925} INFO - DAG(s) 'first' retrieved from /opt/airflow/dags/firstproj/first_dag.py
[2026-03-15T07:19:40.118+0000] {logging_mixin.py:190} INFO - [2026-03-15T07:19:40.117+0000] {dag.py:3239} INFO - Sync 1 DAGs
[2026-03-15T07:19:40.133+0000] {logging_mixin.py:190} INFO - [2026-03-15T07:19:40.133+0000] {dag.py:4180} INFO - Setting next_dagrun for first to 2026-03-15 04:33:00+00:00, run_after=2026-03-16 04:33:00+00:00
[2026-03-15T07:19:40.141+0000] {processor.py:208} INFO - Processing /opt/airflow/dags/firstproj/first_dag.py took 0.070 seconds
[2026-03-15T07:20:10.336+0000] {processor.py:186} INFO - Started process (PID=196) to work on /opt/airflow/dags/firstproj/first_dag.py
[2026-03-15T07:20:10.337+0000] {processor.py:914} INFO - Processing file /opt/airflow/dags/firstproj/first_dag.py for tasks to queue
[2026-03-15T07:20:10.339+0000] {logging_mixin.py:190} INFO - [2026-03-15T07:20:10.338+0000] {dagbag.py:588} INFO - Filling up the DagBag from /opt/airflow/dags/firstproj/first_dag.py
[2026-03-15T07:20:10.348+0000] {processor.py:925} INFO - DAG(s) 'first' retrieved from /opt/airflow/dags/firstproj/first_dag.py
[2026-03-15T07:20:10.365+0000] {logging_mixin.py:190} INFO - [2026-03-15T07:20:10.365+0000] {dag.py:3239} INFO - Sync 1 DAGs
[2026-03-15T07:20:10.376+0000] {logging_mixin.py:190} INFO - [2026-03-15T07:20:10.376+0000] {dag.py:4180} INFO - Setting next_dagrun for first to 2026-03-15 04:33:00+00:00, run_after=2026-03-16 04:33:00+00:00
[2026-03-15T07:20:10.384+0000] {processor.py:208} INFO - Processing /opt/airflow/dags/firstproj/first_dag.py took 0.054 seconds
[2026-03-15T07:20:40.583+0000] {processor.py:186} INFO - Started process (PID=197) to work on /opt/airflow/dags/firstproj/first_dag.py
[2026-03-15T07:20:40.584+0000] {processor.py:914} INFO - Processing file /opt/airflow/dags/firstproj/first_dag.py for tasks to queue
[2026-03-15T07:20:40.589+0000] {logging_mixin.py:190} INFO - [2026-03-15T07:20:40.588+0000] {dagbag.py:588} INFO - Filling up the DagBag from /opt/airflow/dags/firstproj/first_dag.py
[2026-03-15T07:20:40.606+0000] {processor.py:925} INFO - DAG(s) 'first' retrieved from /opt/airflow/dags/firstproj/first_dag.py
[2026-03-15T07:20:40.629+0000] {logging_mixin.py:190} INFO - [2026-03-15T07:20:40.629+0000] {dag.py:3239} INFO - Sync 1 DAGs
[2026-03-15T07:20:40.642+0000] {logging_mixin.py:190} INFO - [2026-03-15T07:20:40.642+0000] {dag.py:4180} INFO - Setting next_dagrun for first to 2026-03-15 04:33:00+00:00, run_after=2026-03-16 04:33:00+00:00
[2026-03-15T07:20:40.649+0000] {processor.py:208} INFO - Processing /opt/airflow/dags/firstproj/first_dag.py took 0.074 seconds
[2026-03-15T07:21:10.818+0000] {processor.py:186} INFO - Started process (PID=198) to work on /opt/airflow/dags/firstproj/first_dag.py
[2026-03-15T07:21:10.819+0000] {processor.py:914} INFO - Processing file /opt/airflow/dags/firstproj/first_dag.py for tasks to queue
[2026-03-15T07:21:10.822+0000] {logging_mixin.py:190} INFO - [2026-03-15T07:21:10.822+0000] {dagbag.py:588} INFO - Filling up the DagBag from /opt/airflow/dags/firstproj/first_dag.py
[2026-03-15T07:21:10.832+0000] {processor.py:925} INFO - DAG(s) 'first' retrieved from /opt/airflow/dags/firstproj/first_dag.py
[2026-03-15T07:21:10.852+0000] {logging_mixin.py:190} INFO - [2026-03-15T07:21:10.852+0000] {dag.py:3239} INFO - Sync 1 DAGs
[2026-03-15T07:21:10.866+0000] {logging_mixin.py:190} INFO - [2026-03-15T07:21:10.866+0000] {dag.py:4180} INFO - Setting next_dagrun for first to 2026-03-15 04:33:00+00:00, run_after=2026-03-16 04:33:00+00:00
[2026-03-15T07:21:10.875+0000] {processor.py:208} INFO - Processing /opt/airflow/dags/firstproj/first_dag.py took 0.064 seconds
[2026-03-15T07:21:41.104+0000] {processor.py:186} INFO - Started process (PID=199) to work on /opt/airflow/dags/firstproj/first_dag.py
[2026-03-15T07:21:41.105+0000] {processor.py:914} INFO - Processing file /opt/airflow/dags/firstproj/first_dag.py for tasks to queue
[2026-03-15T07:21:41.106+0000] {logging_mixin.py:190} INFO - [2026-03-15T07:21:41.106+0000] {dagbag.py:588} INFO - Filling up the DagBag from /opt/airflow/dags/firstproj/first_dag.py
[2026-03-15T07:21:41.114+0000] {processor.py:925} INFO - DAG(s) 'first' retrieved from /opt/airflow/dags/firstproj/first_dag.py
[2026-03-15T07:21:41.133+0000] {logging_mixin.py:190} INFO - [2026-03-15T07:21:41.133+0000] {dag.py:3239} INFO - Sync 1 DAGs
[2026-03-15T07:21:41.147+0000] {logging_mixin.py:190} INFO - [2026-03-15T07:21:41.147+0000] {dag.py:4180} INFO - Setting next_dagrun for first to 2026-03-15 04:33:00+00:00, run_after=2026-03-16 04:33:00+00:00
[2026-03-15T07:21:41.155+0000] {processor.py:208} INFO - Processing /opt/airflow/dags/firstproj/first_dag.py took 0.058 seconds
[2026-03-15T07:22:11.360+0000] {processor.py:186} INFO - Started process (PID=200) to work on /opt/airflow/dags/firstproj/first_dag.py
[2026-03-15T07:22:11.361+0000] {processor.py:914} INFO - Processing file /opt/airflow/dags/firstproj/first_dag.py for tasks to queue
[2026-03-15T07:22:11.362+0000] {logging_mixin.py:190} INFO - [2026-03-15T07:22:11.362+0000] {dagbag.py:588} INFO - Filling up the DagBag from /opt/airflow/dags/firstproj/first_dag.py
[2026-03-15T07:22:11.372+0000] {processor.py:925} INFO - DAG(s) 'first' retrieved from /opt/airflow/dags/firstproj/first_dag.py
[2026-03-15T07:22:11.392+0000] {logging_mixin.py:190} INFO - [2026-03-15T07:22:11.392+0000] {dag.py:3239} INFO - Sync 1 DAGs
[2026-03-15T07:22:11.404+0000] {logging_mixin.py:190} INFO - [2026-03-15T07:22:11.404+0000] {dag.py:4180} INFO - Setting next_dagrun for first to 2026-03-15 04:33:00+00:00, run_after=2026-03-16 04:33:00+00:00
[2026-03-15T07:22:11.414+0000] {processor.py:208} INFO - Processing /opt/airflow/dags/firstproj/first_dag.py took 0.058 seconds
[2026-03-15T07:22:41.638+0000] {processor.py:186} INFO - Started process (PID=201) to work on /opt/airflow/dags/firstproj/first_dag.py
[2026-03-15T07:22:41.639+0000] {processor.py:914} INFO - Processing file /opt/airflow/dags/firstproj/first_dag.py for tasks to queue
[2026-03-15T07:22:41.640+0000] {logging_mixin.py:190} INFO - [2026-03-15T07:22:41.640+0000] {dagbag.py:588} INFO - Filling up the DagBag from /opt/airflow/dags/firstproj/first_dag.py
[2026-03-15T07:22:41.647+0000] {processor.py:925} INFO - DAG(s) 'first' retrieved from /opt/airflow/dags/firstproj/first_dag.py
[2026-03-15T07:22:41.666+0000] {logging_mixin.py:190} INFO - [2026-03-15T07:22:41.666+0000] {dag.py:3239} INFO - Sync 1 DAGs
[2026-03-15T07:22:41.678+0000] {logging_mixin.py:190} INFO - [2026-03-15T07:22:41.678+0000] {dag.py:4180} INFO - Setting next_dagrun for first to 2026-03-15 04:33:00+00:00, run_after=2026-03-16 04:33:00+00:00
[2026-03-15T07:22:41.688+0000] {processor.py:208} INFO - Processing /opt/airflow/dags/firstproj/first_dag.py took 0.053 seconds
[2026-03-15T07:23:11.929+0000] {processor.py:186} INFO - Started process (PID=202) to work on /opt/airflow/dags/firstproj/first_dag.py
[2026-03-15T07:23:11.930+0000] {processor.py:914} INFO - Processing file /opt/airflow/dags/firstproj/first_dag.py for tasks to queue
[2026-03-15T07:23:11.933+0000] {logging_mixin.py:190} INFO - [2026-03-15T07:23:11.933+0000] {dagbag.py:588} INFO - Filling up the DagBag from /opt/airflow/dags/firstproj/first_dag.py
[2026-03-15T07:23:11.947+0000] {processor.py:925} INFO - DAG(s) 'first' retrieved from /opt/airflow/dags/firstproj/first_dag.py
[2026-03-15T07:23:11.969+0000] {logging_mixin.py:190} INFO - [2026-03-15T07:23:11.968+0000] {dag.py:3239} INFO - Sync 1 DAGs
[2026-03-15T07:23:11.982+0000] {logging_mixin.py:190} INFO - [2026-03-15T07:23:11.982+0000] {dag.py:4180} INFO - Setting next_dagrun for first to 2026-03-15 04:33:00+00:00, run_after=2026-03-16 04:33:00+00:00
[2026-03-15T07:23:11.989+0000] {processor.py:208} INFO - Processing /opt/airflow/dags/firstproj/first_dag.py took 0.078 seconds
[2026-03-15T07:23:42.226+0000] {processor.py:186} INFO - Started process (PID=203) to work on /opt/airflow/dags/firstproj/first_dag.py
[2026-03-15T07:23:42.227+0000] {processor.py:914} INFO - Processing file /opt/airflow/dags/firstproj/first_dag.py for tasks to queue
[2026-03-15T07:23:42.229+0000] {logging_mixin.py:190} INFO - [2026-03-15T07:23:42.229+0000] {dagbag.py:588} INFO - Filling up the DagBag from /opt/airflow/dags/firstproj/first_dag.py
[2026-03-15T07:23:42.241+0000] {processor.py:925} INFO - DAG(s) 'first' retrieved from /opt/airflow/dags/firstproj/first_dag.py
[2026-03-15T07:23:42.261+0000] {logging_mixin.py:190} INFO - [2026-03-15T07:23:42.261+0000] {dag.py:3239} INFO - Sync 1 DAGs
[2026-03-15T07:23:42.273+0000] {logging_mixin.py:190} INFO - [2026-03-15T07:23:42.273+0000] {dag.py:4180} INFO - Setting next_dagrun for first to 2026-03-15 04:33:00+00:00, run_after=2026-03-16 04:33:00+00:00
[2026-03-15T07:23:42.280+0000] {processor.py:208} INFO - Processing /opt/airflow/dags/firstproj/first_dag.py took 0.061 seconds
[2026-03-15T07:24:12.535+0000] {processor.py:186} INFO - Started process (PID=204) to work on /opt/airflow/dags/firstproj/first_dag.py
[2026-03-15T07:24:12.536+0000] {processor.py:914} INFO - Processing file /opt/airflow/dags/firstproj/first_dag.py for tasks to queue
[2026-03-15T07:24:12.538+0000] {logging_mixin.py:190} INFO - [2026-03-15T07:24:12.538+0000] {dagbag.py:588} INFO - Filling up the DagBag from /opt/airflow/dags/firstproj/first_dag.py
[2026-03-15T07:24:12.549+0000] {processor.py:925} INFO - DAG(s) 'first' retrieved from /opt/airflow/dags/firstproj/first_dag.py
[2026-03-15T07:24:12.566+0000] {logging_mixin.py:190} INFO - [2026-03-15T07:24:12.566+0000] {dag.py:3239} INFO - Sync 1 DAGs
[2026-03-15T07:24:12.577+0000] {logging_mixin.py:190} INFO - [2026-03-15T07:24:12.577+0000] {dag.py:4180} INFO - Setting next_dagrun for first to 2026-03-15 04:33:00+00:00, run_after=2026-03-16 04:33:00+00:00
[2026-03-15T07:24:12.584+0000] {processor.py:208} INFO - Processing /opt/airflow/dags/firstproj/first_dag.py took 0.055 seconds
[2026-03-15T07:24:42.818+0000] {processor.py:186} INFO - Started process (PID=205) to work on /opt/airflow/dags/firstproj/first_dag.py
[2026-03-15T07:24:42.819+0000] {processor.py:914} INFO - Processing file /opt/airflow/dags/firstproj/first_dag.py for tasks to queue
[2026-03-15T07:24:42.821+0000] {logging_mixin.py:190} INFO - [2026-03-15T07:24:42.820+0000] {dagbag.py:588} INFO - Filling up the DagBag from /opt/airflow/dags/firstproj/first_dag.py
[2026-03-15T07:24:42.829+0000] {processor.py:925} INFO - DAG(s) 'first' retrieved from /opt/airflow/dags/firstproj/first_dag.py
[2026-03-15T07:24:42.849+0000] {logging_mixin.py:190} INFO - [2026-03-15T07:24:42.849+0000] {dag.py:3239} INFO - Sync 1 DAGs
[2026-03-15T07:24:42.861+0000] {logging_mixin.py:190} INFO - [2026-03-15T07:24:42.861+0000] {dag.py:4180} INFO - Setting next_dagrun for first to 2026-03-15 04:33:00+00:00, run_after=2026-03-16 04:33:00+00:00
[2026-03-15T07:24:42.869+0000] {processor.py:208} INFO - Processing /opt/airflow/dags/firstproj/first_dag.py took 0.059 seconds
[2026-03-15T07:25:13.123+0000] {processor.py:186} INFO - Started process (PID=206) to work on /opt/airflow/dags/firstproj/first_dag.py
[2026-03-15T07:25:13.124+0000] {processor.py:914} INFO - Processing file /opt/airflow/dags/firstproj/first_dag.py for tasks to queue
[2026-03-15T07:25:13.126+0000] {logging_mixin.py:190} INFO - [2026-03-15T07:25:13.126+0000] {dagbag.py:588} INFO - Filling up the DagBag from /opt/airflow/dags/firstproj/first_dag.py
[2026-03-15T07:25:13.135+0000] {processor.py:925} INFO - DAG(s) 'first' retrieved from /opt/airflow/dags/firstproj/first_dag.py
[2026-03-15T07:25:13.152+0000] {logging_mixin.py:190} INFO - [2026-03-15T07:25:13.152+0000] {dag.py:3239} INFO - Sync 1 DAGs
[2026-03-15T07:25:13.163+0000] {logging_mixin.py:190} INFO - [2026-03-15T07:25:13.163+0000] {dag.py:4180} INFO - Setting next_dagrun for first to 2026-03-15 04:33:00+00:00, run_after=2026-03-16 04:33:00+00:00
[2026-03-15T07:25:13.171+0000] {processor.py:208} INFO - Processing /opt/airflow/dags/firstproj/first_dag.py took 0.055 seconds
[2026-03-15T07:25:43.468+0000] {processor.py:186} INFO - Started process (PID=207) to work on /opt/airflow/dags/firstproj/first_dag.py
[2026-03-15T07:25:43.470+0000] {processor.py:914} INFO - Processing file /opt/airflow/dags/firstproj/first_dag.py for tasks to queue
[2026-03-15T07:25:43.474+0000] {logging_mixin.py:190} INFO - [2026-03-15T07:25:43.473+0000] {dagbag.py:588} INFO - Filling up the DagBag from /opt/airflow/dags/firstproj/first_dag.py
[2026-03-15T07:25:43.494+0000] {processor.py:925} INFO - DAG(s) 'first' retrieved from /opt/airflow/dags/firstproj/first_dag.py
[2026-03-15T07:25:43.532+0000] {logging_mixin.py:190} INFO - [2026-03-15T07:25:43.532+0000] {dag.py:3239} INFO - Sync 1 DAGs
[2026-03-15T07:25:43.552+0000] {logging_mixin.py:190} INFO - [2026-03-15T07:25:43.552+0000] {dag.py:4180} INFO - Setting next_dagrun for first to 2026-03-15 04:33:00+00:00, run_after=2026-03-16 04:33:00+00:00
[2026-03-15T07:25:43.563+0000] {processor.py:208} INFO - Processing /opt/airflow/dags/firstproj/first_dag.py took 0.105 seconds
[2026-03-15T07:26:13.748+0000] {processor.py:186} INFO - Started process (PID=208) to work on /opt/airflow/dags/firstproj/first_dag.py
[2026-03-15T07:26:13.748+0000] {processor.py:914} INFO - Processing file /opt/airflow/dags/firstproj/first_dag.py for tasks to queue
[2026-03-15T07:26:13.751+0000] {logging_mixin.py:190} INFO - [2026-03-15T07:26:13.750+0000] {dagbag.py:588} INFO - Filling up the DagBag from /opt/airflow/dags/firstproj/first_dag.py
[2026-03-15T07:26:13.761+0000] {processor.py:925} INFO - DAG(s) 'first' retrieved from /opt/airflow/dags/firstproj/first_dag.py
[2026-03-15T07:26:13.783+0000] {logging_mixin.py:190} INFO - [2026-03-15T07:26:13.783+0000] {dag.py:3239} INFO - Sync 1 DAGs
[2026-03-15T07:26:13.796+0000] {logging_mixin.py:190} INFO - [2026-03-15T07:26:13.796+0000] {dag.py:4180} INFO - Setting next_dagrun for first to 2026-03-15 04:33:00+00:00, run_after=2026-03-16 04:33:00+00:00
[2026-03-15T07:26:13.803+0000] {processor.py:208} INFO - Processing /opt/airflow/dags/firstproj/first_dag.py took 0.063 seconds
[2026-03-15T07:26:44.040+0000] {processor.py:186} INFO - Started process (PID=209) to work on /opt/airflow/dags/firstproj/first_dag.py
[2026-03-15T07:26:44.040+0000] {processor.py:914} INFO - Processing file /opt/airflow/dags/firstproj/first_dag.py for tasks to queue
[2026-03-15T07:26:44.041+0000] {logging_mixin.py:190} INFO - [2026-03-15T07:26:44.041+0000] {dagbag.py:588} INFO - Filling up the DagBag from /opt/airflow/dags/firstproj/first_dag.py
[2026-03-15T07:26:44.048+0000] {processor.py:925} INFO - DAG(s) 'first' retrieved from /opt/airflow/dags/firstproj/first_dag.py
[2026-03-15T07:26:44.065+0000] {logging_mixin.py:190} INFO - [2026-03-15T07:26:44.065+0000] {dag.py:3239} INFO - Sync 1 DAGs
[2026-03-15T07:26:44.078+0000] {logging_mixin.py:190} INFO - [2026-03-15T07:26:44.077+0000] {dag.py:4180} INFO - Setting next_dagrun for first to 2026-03-15 04:33:00+00:00, run_after=2026-03-16 04:33:00+00:00
[2026-03-15T07:26:44.087+0000] {processor.py:208} INFO - Processing /opt/airflow/dags/firstproj/first_dag.py took 0.051 seconds
[2026-03-15T07:27:14.371+0000] {processor.py:186} INFO - Started process (PID=210) to work on /opt/airflow/dags/firstproj/first_dag.py
[2026-03-15T07:27:14.373+0000] {processor.py:914} INFO - Processing file /opt/airflow/dags/firstproj/first_dag.py for tasks to queue
[2026-03-15T07:27:14.377+0000] {logging_mixin.py:190} INFO - [2026-03-15T07:27:14.377+0000] {dagbag.py:588} INFO - Filling up the DagBag from /opt/airflow/dags/firstproj/first_dag.py
[2026-03-15T07:27:14.395+0000] {processor.py:925} INFO - DAG(s) 'first' retrieved from /opt/airflow/dags/firstproj/first_dag.py
[2026-03-15T07:27:14.434+0000] {logging_mixin.py:190} INFO - [2026-03-15T07:27:14.434+0000] {dag.py:3239} INFO - Sync 1 DAGs
[2026-03-15T07:27:14.471+0000] {logging_mixin.py:190} INFO - [2026-03-15T07:27:14.471+0000] {dag.py:4180} INFO - Setting next_dagrun for first to 2026-03-15 04:33:00+00:00, run_after=2026-03-16 04:33:00+00:00
[2026-03-15T07:27:14.494+0000] {processor.py:208} INFO - Processing /opt/airflow/dags/firstproj/first_dag.py took 0.134 seconds
[2026-03-15T07:27:44.606+0000] {processor.py:186} INFO - Started process (PID=211) to work on /opt/airflow/dags/firstproj/first_dag.py
[2026-03-15T07:27:44.606+0000] {processor.py:914} INFO - Processing file /opt/airflow/dags/firstproj/first_dag.py for tasks to queue
[2026-03-15T07:27:44.607+0000] {logging_mixin.py:190} INFO - [2026-03-15T07:27:44.607+0000] {dagbag.py:588} INFO - Filling up the DagBag from /opt/airflow/dags/firstproj/first_dag.py
[2026-03-15T07:27:44.613+0000] {processor.py:925} INFO - DAG(s) 'first' retrieved from /opt/airflow/dags/firstproj/first_dag.py
[2026-03-15T07:27:44.628+0000] {logging_mixin.py:190} INFO - [2026-03-15T07:27:44.628+0000] {dag.py:3239} INFO - Sync 1 DAGs
[2026-03-15T07:27:44.639+0000] {logging_mixin.py:190} INFO - [2026-03-15T07:27:44.639+0000] {dag.py:4180} INFO - Setting next_dagrun for first to 2026-03-15 04:33:00+00:00, run_after=2026-03-16 04:33:00+00:00
[2026-03-15T07:27:44.646+0000] {processor.py:208} INFO - Processing /opt/airflow/dags/firstproj/first_dag.py took 0.045 seconds
[2026-03-15T07:28:14.872+0000] {processor.py:186} INFO - Started process (PID=212) to work on /opt/airflow/dags/firstproj/first_dag.py
[2026-03-15T07:28:14.873+0000] {processor.py:914} INFO - Processing file /opt/airflow/dags/firstproj/first_dag.py for tasks to queue
[2026-03-15T07:28:14.877+0000] {logging_mixin.py:190} INFO - [2026-03-15T07:28:14.876+0000] {dagbag.py:588} INFO - Filling up the DagBag from /opt/airflow/dags/firstproj/first_dag.py
[2026-03-15T07:28:14.888+0000] {processor.py:925} INFO - DAG(s) 'first' retrieved from /opt/airflow/dags/firstproj/first_dag.py
[2026-03-15T07:28:14.908+0000] {logging_mixin.py:190} INFO - [2026-03-15T07:28:14.907+0000] {dag.py:3239} INFO - Sync 1 DAGs
[2026-03-15T07:28:14.920+0000] {logging_mixin.py:190} INFO - [2026-03-15T07:28:14.920+0000] {dag.py:4180} INFO - Setting next_dagrun for first to 2026-03-15 04:33:00+00:00, run_after=2026-03-16 04:33:00+00:00
[2026-03-15T07:28:14.928+0000] {processor.py:208} INFO - Processing /opt/airflow/dags/firstproj/first_dag.py took 0.063 seconds
[2026-03-15T07:28:45.174+0000] {processor.py:186} INFO - Started process (PID=213) to work on /opt/airflow/dags/firstproj/first_dag.py
[2026-03-15T07:28:45.175+0000] {processor.py:914} INFO - Processing file /opt/airflow/dags/firstproj/first_dag.py for tasks to queue
[2026-03-15T07:28:45.178+0000] {logging_mixin.py:190} INFO - [2026-03-15T07:28:45.178+0000] {dagbag.py:588} INFO - Filling up the DagBag from /opt/airflow/dags/firstproj/first_dag.py
[2026-03-15T07:28:45.191+0000] {processor.py:925} INFO - DAG(s) 'first' retrieved from /opt/airflow/dags/firstproj/first_dag.py
[2026-03-15T07:28:45.214+0000] {logging_mixin.py:190} INFO - [2026-03-15T07:28:45.213+0000] {dag.py:3239} INFO - Sync 1 DAGs
[2026-03-15T07:28:45.231+0000] {logging_mixin.py:190} INFO - [2026-03-15T07:28:45.231+0000] {dag.py:4180} INFO - Setting next_dagrun for first to 2026-03-15 04:33:00+00:00, run_after=2026-03-16 04:33:00+00:00
[2026-03-15T07:28:45.240+0000] {processor.py:208} INFO - Processing /opt/airflow/dags/firstproj/first_dag.py took 0.074 seconds
[2026-03-15T07:29:15.518+0000] {processor.py:186} INFO - Started process (PID=214) to work on /opt/airflow/dags/firstproj/first_dag.py
[2026-03-15T07:29:15.519+0000] {processor.py:914} INFO - Processing file /opt/airflow/dags/firstproj/first_dag.py for tasks to queue
[2026-03-15T07:29:15.520+0000] {logging_mixin.py:190} INFO - [2026-03-15T07:29:15.520+0000] {dagbag.py:588} INFO - Filling up the DagBag from /opt/airflow/dags/firstproj/first_dag.py
[2026-03-15T07:29:15.528+0000] {processor.py:925} INFO - DAG(s) 'first' retrieved from /opt/airflow/dags/firstproj/first_dag.py
[2026-03-15T07:29:15.544+0000] {logging_mixin.py:190} INFO - [2026-03-15T07:29:15.543+0000] {dag.py:3239} INFO - Sync 1 DAGs
[2026-03-15T07:29:15.554+0000] {logging_mixin.py:190} INFO - [2026-03-15T07:29:15.554+0000] {dag.py:4180} INFO - Setting next_dagrun for first to 2026-03-15 04:33:00+00:00, run_after=2026-03-16 04:33:00+00:00
[2026-03-15T07:29:15.560+0000] {processor.py:208} INFO - Processing /opt/airflow/dags/firstproj/first_dag.py took 0.046 seconds
